#
# A fatal error has been detected by the Java Runtime Environment:
#
#  EXCEPTION_ACCESS_VIOLATION (0xc0000005) at pc=0x56c5a360, pid=1520, tid=4840
#
# JRE version: 7.0_21-b11
# Java VM: Java HotSpot(TM) Client VM (23.21-b01 mixed mode, sharing windows-x86 )
# Problematic frame:
# C  [opencv_contrib244.dll+0x3a360]  cv::MatCommaInitializer_<float>::operator=+0x940
#
# Failed to write core dump. Minidumps are not enabled by default on client versions of Windows
#
# If you would like to submit a bug report, please visit:
#   http://bugreport.sun.com/bugreport/crash.jsp
# The crash happened outside the Java Virtual Machine in native code.
# See problematic frame for where to report the bug.
#

---------------  T H R E A D  ---------------

Current thread (0x0084e400):  JavaThread "Thread-2" [_thread_in_native, id=4840, stack(0x050d0000,0x05120000)]

siginfo: ExceptionCode=0xc0000005, reading address 0x04cee980

Registers:
EAX=0x000000c8, EBX=0x00000001, ECX=0x04ced200, EDX=0x04cee97f
ESP=0x0511f1d0, EBP=0x0511f2d4, ESI=0x0000000f, EDI=0x00001838
EIP=0x56c5a360, EFLAGS=0x00010202

Top of Stack: (sp=0x0511f1d0)
0x0511f1d0:   42656cd4 0511f3f4 0511f590 00000008
0x0511f1e0:   57f0eb9c c0020006 0511f224 00000001
0x0511f1f0:   00000001 00000000 3ff00000 e9bba775
0x0511f200:   4015fdbb 00000000 bff00000 ffffffff
0x0511f210:   3e5413cd 3dafb0ce 3effffff 41000000
0x0511f220:   3e5413cd 00000000 409e6460 00000001
0x0511f230:   00000000 00000001 00000038 3f3504f3
0x0511f240:   3f3504f3 0000001d 0000001e 0000001f 

Instructions: (pc=0x56c5a360)
0x56c5a340:   8b 45 e4 8b 00 8b 95 38 ff ff ff 8b 4d c8 8b 9d
0x56c5a350:   60 ff ff ff 03 d7 0f af f8 0f af d0 03 d1 03 d6
0x56c5a360:   0f b6 1c 1a 0f 57 c0 f3 0f 2a c3 8b 9d 5c ff ff
0x56c5a370:   ff 0f b6 14 1a f3 0f 59 85 4c ff ff ff 0f 57 c9 


Register to memory mapping:

EAX=0x000000c8 is an unknown value
EBX=0x00000001 is an unknown value
ECX=0x04ced200 is an unknown value
EDX=0x04cee97f is an unknown value
ESP=0x0511f1d0 is pointing into the stack for thread: 0x0084e400
EBP=0x0511f2d4 is pointing into the stack for thread: 0x0084e400
ESI=0x0000000f is an unknown value
EDI=0x00001838 is an unknown value


Stack: [0x050d0000,0x05120000],  sp=0x0511f1d0,  free space=316k
Native frames: (J=compiled Java code, j=interpreted, Vv=VM code, C=native code)
C  [opencv_contrib244.dll+0x3a360]  cv::MatCommaInitializer_<float>::operator=+0x940
C  [opencv_contrib244.dll+0x3e8e2]  cv::FaceRecognizer::load+0xd62
C  [opencv_contrib244.dll+0x3f45b]  cv::FaceRecognizer::load+0x18db
C  [opencv_contrib244.dll+0x45357]  cv::initModule_contrib+0x3407
C  [opencv_contrib244.dll+0x45582]  cv::initModule_contrib+0x3632
C  [jniopencv_contrib.dll+0xff78]  Java_com_googlecode_javacv_cpp_opencv_1contrib_00024FaceRecognizer_train__Lcom_googlecode_javacv_cpp_opencv_1core_00024MatVector_2_3I+0x148
j  com.googlecode.javacv.cpp.opencv_contrib$FaceRecognizer.train(Lcom/googlecode/javacv/cpp/opencv_core$MatVector;[I)V+0
j  FacialRecognition.recognise(Ljava/lang/String;Lcom/googlecode/javacv/cpp/opencv_core$IplImage;)I+233
j  ConntoServ.run()V+491
j  java.lang.Thread.run()V+11
v  ~StubRoutines::call_stub
V  [jvm.dll+0x12b41a]
V  [jvm.dll+0x1daa0e]
V  [jvm.dll+0x12b603]
V  [jvm.dll+0x12b667]
V  [jvm.dll+0xd36bf]
V  [jvm.dll+0x14b777]
V  [jvm.dll+0x14b8e0]
V  [jvm.dll+0x1802a9]
C  [msvcr100.dll+0x5c6de]  endthreadex+0x3a
C  [msvcr100.dll+0x5c788]  endthreadex+0xe4
C  [kernel32.dll+0x4ed6c]  BaseThreadInitThunk+0x12
C  [ntdll.dll+0x6377b]  RtlInitializeExceptionChain+0xef
C  [ntdll.dll+0x6374e]  RtlInitializeExceptionChain+0xc2

Java frames: (J=compiled Java code, j=interpreted, Vv=VM code)
j  com.googlecode.javacv.cpp.opencv_contrib$FaceRecognizer.train(Lcom/googlecode/javacv/cpp/opencv_core$MatVector;[I)V+0
j  FacialRecognition.recognise(Ljava/lang/String;Lcom/googlecode/javacv/cpp/opencv_core$IplImage;)I+233
j  ConntoServ.run()V+491
j  java.lang.Thread.run()V+11
v  ~StubRoutines::call_stub

---------------  P R O C E S S  ---------------

Java Threads: ( => current thread )
  0x04be5400 JavaThread "D3D Screen Updater" daemon [_thread_blocked, id=6580, stack(0x07980000,0x079d0000)]
  0x04bd7800 JavaThread "AWT-EventQueue-0" [_thread_blocked, id=4852, stack(0x06f80000,0x06fd0000)]
  0x04b56800 JavaThread "AWT-Windows" daemon [_thread_in_native, id=6264, stack(0x05290000,0x052e0000)]
  0x04b8a000 JavaThread "AWT-Shutdown" [_thread_blocked, id=2108, stack(0x051f0000,0x05240000)]
  0x00839c00 JavaThread "Java2D Disposer" daemon [_thread_blocked, id=644, stack(0x04f90000,0x04fe0000)]
=>0x0084e400 JavaThread "Thread-2" [_thread_in_native, id=4840, stack(0x050d0000,0x05120000)]
  0x049b9400 JavaThread "Abandoned connection cleanup thread" daemon [_thread_blocked, id=3276, stack(0x047d0000,0x04820000)]
  0x003eb400 JavaThread "DestroyJavaVM" [_thread_blocked, id=6636, stack(0x006a0000,0x006f0000)]
  0x00843800 JavaThread "Thread-0" [_thread_in_native, id=7200, stack(0x03dc0000,0x03e10000)]
  0x00819800 JavaThread "Service Thread" daemon [_thread_blocked, id=6400, stack(0x03d40000,0x03d90000)]
  0x0080f000 JavaThread "C1 CompilerThread0" daemon [_thread_blocked, id=3604, stack(0x03b40000,0x03b90000)]
  0x0080dc00 JavaThread "Attach Listener" daemon [_thread_blocked, id=5084, stack(0x03ca0000,0x03cf0000)]
  0x0080a800 JavaThread "Signal Dispatcher" daemon [_thread_blocked, id=5332, stack(0x03be0000,0x03c30000)]
  0x007fa000 JavaThread "Finalizer" daemon [_thread_blocked, id=2856, stack(0x00a80000,0x00ad0000)]
  0x007f5400 JavaThread "Reference Handler" daemon [_thread_blocked, id=6668, stack(0x00a10000,0x00a60000)]

Other Threads:
  0x007f3c00 VMThread [stack: 0x008f0000,0x00940000] [id=6644]
  0x00834800 WatcherThread [stack: 0x03e80000,0x03ed0000] [id=1068]

VM state:not at safepoint (normal execution)

VM Mutex/Monitor currently owned by a thread: None

Heap
 def new generation   total 4928K, used 2985K [0x23a40000, 0x23f90000, 0x28f90000)
  eden space 4416K,  56% used [0x23a40000, 0x23caa658, 0x23e90000)
  from space 512K,  99% used [0x23e90000, 0x23f0ffe8, 0x23f10000)
  to   space 512K,   0% used [0x23f10000, 0x23f10000, 0x23f90000)
 tenured generation   total 10944K, used 2752K [0x28f90000, 0x29a40000, 0x33a40000)
   the space 10944K,  25% used [0x28f90000, 0x29240030, 0x29240200, 0x29a40000)
 compacting perm gen  total 12288K, used 4214K [0x33a40000, 0x34640000, 0x37a40000)
   the space 12288K,  34% used [0x33a40000, 0x33e5d820, 0x33e5da00, 0x34640000)
    ro space 10240K,  42% used [0x37a40000, 0x37e822a0, 0x37e82400, 0x38440000)
    rw space 12288K,  54% used [0x38440000, 0x38ac3250, 0x38ac3400, 0x39040000)

Card table byte_map: [0x00950000,0x00a00000] byte_map_base: 0x00832e00

Polling page: 0x001f0000

Code Cache  [0x01af0000, 0x01c08000, 0x03af0000)
 total_blobs=560 nmethods=282 adapters=213 free_code_cache=31668Kb largest_free_block=32427840

Compilation events (10 events):
Event: 115.085 Thread 0x0080f000  279             java.lang.String::substring (56 bytes)
Event: 115.085 Thread 0x0080f000 nmethod 279 0x01babf08 code [0x01bac030, 0x01bac244]
Event: 115.089 Thread 0x0080f000  280             java.io.Win32FileSystem::prefixLength (91 bytes)
Event: 115.089 Thread 0x0080f000 nmethod 280 0x01bab588 code [0x01bab6d0, 0x01baba64]
Event: 115.091 Thread 0x0080f000  281             java.nio.DirectLongBufferU::put (18 bytes)
Event: 115.091 Thread 0x0080f000 nmethod 281 0x01c029c8 code [0x01c02ac0, 0x01c02b70]
Event: 115.091 Thread 0x0080f000  282             java.nio.DirectLongBufferU::get (16 bytes)
Event: 115.091 Thread 0x0080f000 nmethod 282 0x01c02c48 code [0x01c02d40, 0x01c02df0]
Event: 115.099 Thread 0x0080f000  283             java.util.zip.ZipFile::access$400 (5 bytes)
Event: 115.099 Thread 0x0080f000 nmethod 283 0x01c02ec8 code [0x01c02fc0, 0x01c03040]

GC Heap History (8 events):
Event: 110.231 GC heap before
{Heap before GC invocations=0 (full 0):
 def new generation   total 4928K, used 4416K [0x23a40000, 0x23f90000, 0x28f90000)
  eden space 4416K, 100% used [0x23a40000, 0x23e90000, 0x23e90000)
  from space 512K,   0% used [0x23e90000, 0x23e90000, 0x23f10000)
  to   space 512K,   0% used [0x23f10000, 0x23f10000, 0x23f90000)
 tenured generation   total 10944K, used 0K [0x28f90000, 0x29a40000, 0x33a40000)
   the space 10944K,   0% used [0x28f90000, 0x28f90000, 0x28f90200, 0x29a40000)
 compacting perm gen  total 12288K, used 1337K [0x33a40000, 0x34640000, 0x37a40000)
   the space 12288K,  10% used [0x33a40000, 0x33b8e5d8, 0x33b8e600, 0x34640000)
    ro space 10240K,  42% used [0x37a40000, 0x37e822a0, 0x37e82400, 0x38440000)
    rw space 12288K,  54% used [0x38440000, 0x38ac3250, 0x38ac3400, 0x39040000)
Event: 110.236 GC heap after
Heap after GC invocations=1 (full 0):
 def new generation   total 4928K, used 512K [0x23a40000, 0x23f90000, 0x28f90000)
  eden space 4416K,   0% used [0x23a40000, 0x23a40000, 0x23e90000)
  from space 512K, 100% used [0x23f10000, 0x23f90000, 0x23f90000)
  to   space 512K,   0% used [0x23e90000, 0x23e90000, 0x23f10000)
 tenured generation   total 10944K, used 621K [0x28f90000, 0x29a40000, 0x33a40000)
   the space 10944K,   5% used [0x28f90000, 0x2902b6c0, 0x2902b800, 0x29a40000)
 compacting perm gen  total 12288K, used 1337K [0x33a40000, 0x34640000, 0x37a40000)
   the space 12288K,  10% used [0x33a40000, 0x33b8e5d8, 0x33b8e600, 0x34640000)
    ro space 10240K,  42% used [0x37a40000, 0x37e822a0, 0x37e82400, 0x38440000)
    rw space 12288K,  54% used [0x38440000, 0x38ac3250, 0x38ac3400, 0x39040000)
}
Event: 114.256 GC heap before
{Heap before GC invocations=1 (full 0):
 def new generation   total 4928K, used 4928K [0x23a40000, 0x23f90000, 0x28f90000)
  eden space 4416K, 100% used [0x23a40000, 0x23e90000, 0x23e90000)
  from space 512K, 100% used [0x23f10000, 0x23f90000, 0x23f90000)
  to   space 512K,   0% used [0x23e90000, 0x23e90000, 0x23f10000)
 tenured generation   total 10944K, used 621K [0x28f90000, 0x29a40000, 0x33a40000)
   the space 10944K,   5% used [0x28f90000, 0x2902b6c0, 0x2902b800, 0x29a40000)
 compacting perm gen  total 12288K, used 2461K [0x33a40000, 0x34640000, 0x37a40000)
   the space 12288K,  20% used [0x33a40000, 0x33ca7708, 0x33ca7800, 0x34640000)
    ro space 10240K,  42% used [0x37a40000, 0x37e822a0, 0x37e82400, 0x38440000)
    rw space 12288K,  54% used [0x38440000, 0x38ac3250, 0x38ac3400, 0x39040000)
Event: 114.262 GC heap after
Heap after GC invocations=2 (full 0):
 def new generation   total 4928K, used 512K [0x23a40000, 0x23f90000, 0x28f90000)
  eden space 4416K,   0% used [0x23a40000, 0x23a40000, 0x23e90000)
  from space 512K, 100% used [0x23e90000, 0x23f10000, 0x23f10000)
  to   space 512K,   0% used [0x23f10000, 0x23f10000, 0x23f90000)
 tenured generation   total 10944K, used 1469K [0x28f90000, 0x29a40000, 0x33a40000)
   the space 10944K,  13% used [0x28f90000, 0x290ff540, 0x290ff600, 0x29a40000)
 compacting perm gen  total 12288K, used 2461K [0x33a40000, 0x34640000, 0x37a40000)
   the space 12288K,  20% used [0x33a40000, 0x33ca7708, 0x33ca7800, 0x34640000)
    ro space 10240K,  42% used [0x37a40000, 0x37e822a0, 0x37e82400, 0x38440000)
    rw space 12288K,  54% used [0x38440000, 0x38ac3250, 0x38ac3400, 0x39040000)
}
Event: 114.586 GC heap before
{Heap before GC invocations=2 (full 0):
 def new generation   total 4928K, used 4745K [0x23a40000, 0x23f90000, 0x28f90000)
  eden space 4416K,  95% used [0x23a40000, 0x23e62668, 0x23e90000)
  from space 512K, 100% used [0x23e90000, 0x23f10000, 0x23f10000)
  to   space 512K,   0% used [0x23f10000, 0x23f10000, 0x23f90000)
 tenured generation   total 10944K, used 1469K [0x28f90000, 0x29a40000, 0x33a40000)
   the space 10944K,  13% used [0x28f90000, 0x290ff540, 0x290ff600, 0x29a40000)
 compacting perm gen  total 12288K, used 3543K [0x33a40000, 0x34640000, 0x37a40000)
   the space 12288K,  28% used [0x33a40000, 0x33db5f20, 0x33db6000, 0x34640000)
    ro space 10240K,  42% used [0x37a40000, 0x37e822a0, 0x37e82400, 0x38440000)
    rw space 12288K,  54% used [0x38440000, 0x38ac3250, 0x38ac3400, 0x39040000)
Event: 114.593 GC heap after
Heap after GC invocations=3 (full 0):
 def new generation   total 4928K, used 512K [0x23a40000, 0x23f90000, 0x28f90000)
  eden space 4416K,   0% used [0x23a40000, 0x23a40000, 0x23e90000)
  from space 512K, 100% used [0x23f10000, 0x23f90000, 0x23f90000)
  to   space 512K,   0% used [0x23e90000, 0x23e90000, 0x23f10000)
 tenured generation   total 10944K, used 2210K [0x28f90000, 0x29a40000, 0x33a40000)
   the space 10944K,  20% used [0x28f90000, 0x291b8b90, 0x291b8c00, 0x29a40000)
 compacting perm gen  total 12288K, used 3543K [0x33a40000, 0x34640000, 0x37a40000)
   the space 12288K,  28% used [0x33a40000, 0x33db5f20, 0x33db6000, 0x34640000)
    ro space 10240K,  42% used [0x37a40000, 0x37e822a0, 0x37e82400, 0x38440000)
    rw space 12288K,  54% used [0x38440000, 0x38ac3250, 0x38ac3400, 0x39040000)
}
Event: 114.960 GC heap before
{Heap before GC invocations=3 (full 0):
 def new generation   total 4928K, used 4928K [0x23a40000, 0x23f90000, 0x28f90000)
  eden space 4416K, 100% used [0x23a40000, 0x23e90000, 0x23e90000)
  from space 512K, 100% used [0x23f10000, 0x23f90000, 0x23f90000)
  to   space 512K,   0% used [0x23e90000, 0x23e90000, 0x23f10000)
 tenured generation   total 10944K, used 2210K [0x28f90000, 0x29a40000, 0x33a40000)
   the space 10944K,  20% used [0x28f90000, 0x291b8b90, 0x291b8c00, 0x29a40000)
 compacting perm gen  total 12288K, used 3920K [0x33a40000, 0x34640000, 0x37a40000)
   the space 12288K,  31% used [0x33a40000, 0x33e14338, 0x33e14400, 0x34640000)
    ro space 10240K,  42% used [0x37a40000, 0x37e822a0, 0x37e82400, 0x38440000)
    rw space 12288K,  54% used [0x38440000, 0x38ac3250, 0x38ac3400, 0x39040000)
Event: 114.964 GC heap after
Heap after GC invocations=4 (full 0):
 def new generation   total 4928K, used 511K [0x23a40000, 0x23f90000, 0x28f90000)
  eden space 4416K,   0% used [0x23a40000, 0x23a40000, 0x23e90000)
  from space 512K,  99% used [0x23e90000, 0x23f0ffe8, 0x23f10000)
  to   space 512K,   0% used [0x23f10000, 0x23f10000, 0x23f90000)
 tenured generation   total 10944K, used 2752K [0x28f90000, 0x29a40000, 0x33a40000)
   the space 10944K,  25% used [0x28f90000, 0x29240030, 0x29240200, 0x29a40000)
 compacting perm gen  total 12288K, used 3920K [0x33a40000, 0x34640000, 0x37a40000)
   the space 12288K,  31% used [0x33a40000, 0x33e14338, 0x33e14400, 0x34640000)
    ro space 10240K,  42% used [0x37a40000, 0x37e822a0, 0x37e82400, 0x38440000)
    rw space 12288K,  54% used [0x38440000, 0x38ac3250, 0x38ac3400, 0x39040000)
}

Deoptimization events (0 events):
No events

Internal exceptions (10 events):
Event: 115.096 Thread 0x0084e400 Threw 0x23c5d168 at C:\jdk7u2_32P\jdk7u21\hotspot\src\share\vm\prims\jvm.cpp:1166
Event: 115.096 Thread 0x0084e400 Threw 0x23c62250 at C:\jdk7u2_32P\jdk7u21\hotspot\src\share\vm\prims\jvm.cpp:1166
Event: 115.097 Thread 0x0084e400 Threw 0x23c66b28 at C:\jdk7u2_32P\jdk7u21\hotspot\src\share\vm\prims\jvm.cpp:1166
Event: 115.097 Thread 0x0084e400 Threw 0x23c6b1a8 at C:\jdk7u2_32P\jdk7u21\hotspot\src\share\vm\prims\jvm.cpp:1166
Event: 115.097 Thread 0x0084e400 Threw 0x23c6f768 at C:\jdk7u2_32P\jdk7u21\hotspot\src\share\vm\prims\jvm.cpp:1166
Event: 115.098 Thread 0x0084e400 Threw 0x23c74768 at C:\jdk7u2_32P\jdk7u21\hotspot\src\share\vm\prims\jvm.cpp:1166
Event: 115.098 Thread 0x0084e400 Threw 0x23c78bb8 at C:\jdk7u2_32P\jdk7u21\hotspot\src\share\vm\prims\jvm.cpp:1166
Event: 115.099 Thread 0x0084e400 Threw 0x23c7d608 at C:\jdk7u2_32P\jdk7u21\hotspot\src\share\vm\prims\jvm.cpp:1166
Event: 115.100 Thread 0x0084e400 Threw 0x23c82e60 at C:\jdk7u2_32P\jdk7u21\hotspot\src\share\vm\prims\jvm.cpp:1166
Event: 115.102 Thread 0x0084e400 Threw 0x23c94bb8 at C:\jdk7u2_32P\jdk7u21\hotspot\src\share\vm\prims\jvm.cpp:1166

Events (10 events):
Event: 115.098 loading class 0x04cfbab8
Event: 115.098 loading class 0x04cfbab8 done
Event: 115.098 loading class 0x04bfb728
Event: 115.098 loading class 0x04bfb728 done
Event: 115.099 loading class 0x04b17608
Event: 115.099 loading class 0x04b17608 done
Event: 115.100 loading class 0x04be32f8
Event: 115.100 loading class 0x04be32f8 done
Event: 115.102 loading class 0x04bfb620
Event: 115.102 loading class 0x04bfb620 done


Dynamic libraries:
0x00ae0000 - 0x00b0f000 	C:\Program Files\Java\jre7\bin\javaw.exe
0x771c0000 - 0x772fc000 	C:\Windows\SYSTEM32\ntdll.dll
0x770e0000 - 0x771b4000 	C:\Windows\system32\kernel32.dll
0x75480000 - 0x754cb000 	C:\Windows\system32\KERNELBASE.dll
0x77300000 - 0x773a0000 	C:\Windows\system32\ADVAPI32.dll
0x77030000 - 0x770dc000 	C:\Windows\system32\msvcrt.dll
0x760e0000 - 0x760f9000 	C:\Windows\SYSTEM32\sechost.dll
0x75650000 - 0x756f1000 	C:\Windows\system32\RPCRT4.dll
0x75760000 - 0x75829000 	C:\Windows\system32\USER32.dll
0x773a0000 - 0x773ee000 	C:\Windows\system32\GDI32.dll
0x75830000 - 0x7583a000 	C:\Windows\system32\LPK.dll
0x75e10000 - 0x75ead000 	C:\Windows\system32\USP10.dll
0x74030000 - 0x741ce000 	C:\Windows\WinSxS\x86_microsoft.windows.common-controls_6595b64144ccf1df_6.0.7601.17514_none_41e6975e2bd6f2b2\COMCTL32.dll
0x75fe0000 - 0x76037000 	C:\Windows\system32\SHLWAPI.dll
0x75740000 - 0x7575f000 	C:\Windows\system32\IMM32.DLL
0x76f60000 - 0x7702c000 	C:\Windows\system32\MSCTF.dll
0x5ee70000 - 0x5ef2e000 	C:\Program Files\Java\jre7\bin\msvcr100.dll
0x59070000 - 0x593bf000 	C:\Program Files\Java\jre7\bin\client\jvm.dll
0x72530000 - 0x72537000 	C:\Windows\system32\WSOCK32.dll
0x75700000 - 0x75735000 	C:\Windows\system32\WS2_32.dll
0x75fa0000 - 0x75fa6000 	C:\Windows\system32\NSI.dll
0x735e0000 - 0x73612000 	C:\Windows\system32\WINMM.dll
0x75840000 - 0x75845000 	C:\Windows\system32\PSAPI.DLL
0x66010000 - 0x6601c000 	C:\Program Files\Java\jre7\bin\verify.dll
0x5ed70000 - 0x5ed90000 	C:\Program Files\Java\jre7\bin\java.dll
0x5ed90000 - 0x5eda3000 	C:\Program Files\Java\jre7\bin\zip.dll
0x5ecd0000 - 0x5ece4000 	C:\Program Files\Java\jre7\bin\net.dll
0x10000000 - 0x1005a000 	C:\Windows\system32\ASProxy.dll
0x74db0000 - 0x74dec000 	C:\Windows\system32\MSWSOCK.dll
0x748b0000 - 0x748cc000 	C:\Windows\system32\IPHLPAPI.DLL
0x748a0000 - 0x748a7000 	C:\Windows\system32\WINNSI.DLL
0x75cb0000 - 0x75e0c000 	C:\Windows\system32\ole32.dll
0x76050000 - 0x760df000 	C:\Windows\system32\OLEAUT32.dll
0x74890000 - 0x74899000 	C:\Windows\system32\VERSION.dll
0x75250000 - 0x7526b000 	C:\Windows\system32\SspiCli.dll
0x752d0000 - 0x752dc000 	C:\Windows\system32\CRYPTBASE.dll
0x73cd0000 - 0x73d10000 	C:\Windows\system32\uxtheme.dll
0x75f10000 - 0x75f93000 	C:\Windows\system32\CLBCatQ.DLL
0x74df0000 - 0x74e06000 	C:\Windows\system32\CRYPTSP.dll
0x74b90000 - 0x74bcb000 	C:\Windows\system32\rsaenh.dll
0x75340000 - 0x7534e000 	C:\Windows\system32\RpcRtRemote.dll
0x752e0000 - 0x7533f000 	C:\Windows\system32\SXS.DLL
0x74da0000 - 0x74da6000 	C:\Windows\System32\wship6.dll
0x605e0000 - 0x605ee000 	C:\Program Files\Java\jre7\bin\nio.dll
0x74870000 - 0x74875000 	C:\Windows\System32\wshtcpip.dll
0x70da0000 - 0x70dc1000 	C:\Program Files\Bonjour\mdnsNSP.dll
0x74c70000 - 0x74cb4000 	C:\Windows\system32\DNSAPI.dll
0x70d90000 - 0x70d96000 	C:\Windows\system32\rasadhlp.dll
0x739b0000 - 0x739e8000 	C:\Windows\System32\fwpuclnt.dll
0x749a0000 - 0x749b7000 	C:\Windows\system32\USERENV.dll
0x75350000 - 0x7535b000 	C:\Windows\system32\profapi.dll
0x73e10000 - 0x73e20000 	C:\Windows\system32\NLAapi.dll
0x702a0000 - 0x702b0000 	C:\Windows\system32\napinsp.dll
0x6fb30000 - 0x6fb42000 	C:\Windows\system32\pnrpnsp.dll
0x6fb20000 - 0x6fb2d000 	C:\Windows\system32\wshbth.dll
0x6fb10000 - 0x6fb18000 	C:\Windows\System32\winrnr.dll
0x582b0000 - 0x583f2000 	C:\Program Files\Java\jre7\bin\awt.dll
0x72780000 - 0x727a5000 	C:\Program Files\Java\jre7\bin\jpeg.dll
0x67570000 - 0x675d9000 	C:\Windows\System32\msvcp100.dll
0x57d80000 - 0x57f7f000 	C:\opencv\build\x86\vc10\bin\opencv_core244.dll
0x5a630000 - 0x5a6a3000 	C:\Users\James\AppData\Local\Temp\javacpp12363934684529\jniopencv_core.dll
0x73500000 - 0x73513000 	C:\Windows\system32\DWMAPI.DLL
0x6eb70000 - 0x6ed33000 	C:\Windows\system32\d3d9.dll
0x6ed40000 - 0x6ed46000 	C:\Windows\system32\d3d8thk.dll
0x61f00000 - 0x6286e000 	C:\Windows\system32\nvd3dum.dll
0x74610000 - 0x74635000 	C:\Windows\system32\powrprof.dll
0x759f0000 - 0x75b8d000 	C:\Windows\system32\SETUPAPI.dll
0x75500000 - 0x75527000 	C:\Windows\system32\CFGMGR32.dll
0x753d0000 - 0x753e2000 	C:\Windows\system32\DEVOBJ.dll
0x76100000 - 0x76d4a000 	C:\Windows\system32\SHELL32.dll
0x65fd0000 - 0x66001000 	C:\Program Files\Java\jre7\bin\fontmanager.dll
0x57b20000 - 0x57d7d000 	C:\opencv\build\x86\vc10\bin\opencv_imgproc244.dll
0x66070000 - 0x660a7000 	C:\Users\James\AppData\Local\Temp\javacpp12363934684529\jniopencv_imgproc.dll
0x70fc0000 - 0x71d59000 	C:\opencv\build\x86\vc10\bin\opencv_ffmpeg244.dll
0x57910000 - 0x57b1a000 	C:\opencv\build\x86\vc10\bin\opencv_highgui244.dll
0x72700000 - 0x72719000 	C:\Windows\system32\AVIFIL32.dll
0x72ec0000 - 0x72ed4000 	C:\Windows\system32\MSACM32.dll
0x6e1b0000 - 0x6e1d1000 	C:\Windows\system32\MSVFW32.dll
0x6e0d0000 - 0x6e0e3000 	C:\Windows\system32\AVICAP32.dll
0x72dc0000 - 0x72dcf000 	C:\Users\James\AppData\Local\Temp\javacpp12363934684529\jniopencv_highgui.dll
0x58230000 - 0x582ac000 	C:\opencv\build\x86\vc10\bin\opencv_flann244.dll
0x6c270000 - 0x6c284000 	C:\Users\James\AppData\Local\Temp\javacpp12363934684529\jniopencv_flann.dll
0x57850000 - 0x57905000 	C:\opencv\build\x86\vc10\bin\opencv_features2d244.dll
0x5f830000 - 0x5f867000 	C:\Users\James\AppData\Local\Temp\javacpp12363934684529\jniopencv_features2d.dll
0x56dc0000 - 0x56e86000 	C:\opencv\build\x86\vc10\bin\opencv_calib3d244.dll
0x6bea0000 - 0x6bebd000 	C:\Users\James\AppData\Local\Temp\javacpp12363934684529\jniopencv_calib3d.dll
0x56eb0000 - 0x56f56000 	C:\opencv\build\x86\vc10\bin\opencv_objdetect244.dll
0x5edc0000 - 0x5edfa000 	C:\Users\James\AppData\Local\Temp\javacpp12363934684529\jniopencv_objdetect.dll
0x5e830000 - 0x5e890000 	C:\opencv\build\x86\vc10\bin\opencv_video244.dll
0x5ed30000 - 0x5ed46000 	C:\Users\James\AppData\Local\Temp\javacpp12363934684529\jniopencv_video.dll
0x56d40000 - 0x56dc0000 	C:\opencv\build\x86\vc10\bin\opencv_ml244.dll
0x5af30000 - 0x5af78000 	C:\Users\James\AppData\Local\Temp\javacpp12363934684529\jniopencv_ml.dll
0x56c20000 - 0x56d3f000 	C:\opencv\build\x86\vc10\bin\opencv_contrib244.dll
0x5a5e0000 - 0x5a625000 	C:\Users\James\AppData\Local\Temp\javacpp12363934684529\jniopencv_contrib.dll
0x70460000 - 0x7054b000 	C:\Windows\system32\dbghelp.dll

VM Arguments:
jvm_args: -Dfile.encoding=Cp1252 
java_command: TheServer
Launcher Type: SUN_STANDARD

Environment Variables:
PATH=C:/Program Files/Java/jre7/bin/client;C:/Program Files/Java/jre7/bin;C:/Program Files/Java/jre7/lib/i386;C:\Program Files\NVIDIA Corporation\PhysX\Common;C:\Windows\system32;C:\Windows;C:\Windows\System32\Wbem;C:\Program Files\HPQ\IAM\bin;C:\Program Files\Intel\DMIX;c:\Program Files\Microsoft Visual Studio 9.0\Common7\IDE;c:\Program Files\Microsoft Visual Studio 9.0\VC\BIN;c:\Program Files\Microsoft Visual Studio 9.0\Common7\Tools;c:\WINDOWS\Microsoft.NET\Framework\v3.5;c:\WINDOWS\Microsoft.NET\Framework\v2.0.50727;c:\Program Files\Microsoft Visual Studio 9.0\VC\VCPackages;C:\Program Files\TortoiseSVN\bin;C:\Program Files\Java\jdk1.7.0_09\bin;C:\Program Files\eclipse-java-juno-win32;
USERNAME=James
OS=Windows_NT
PROCESSOR_IDENTIFIER=x86 Family 6 Model 23 Stepping 10, GenuineIntel



---------------  S Y S T E M  ---------------

OS: Windows 7 Build 7601 Service Pack 1

CPU:total 2 (2 cores per cpu, 1 threads per core) family 6 model 23 stepping 10, cmov, cx8, fxsr, mmx, sse, sse2, sse3, ssse3, sse4.1, tsc

Memory: 4k page, physical 2873956k(1075840k free), swap 5747912k(2764912k free)

vm_info: Java HotSpot(TM) Client VM (23.21-b01) for windows-x86 JRE (1.7.0_21-b11), built on Apr  4 2013 04:43:10 by "java_re" with unknown MS VC++:1600

time: Thu May 30 18:46:30 2013
elapsed time: 115 seconds

