#
# A fatal error has been detected by the Java Runtime Environment:
#
#  EXCEPTION_ACCESS_VIOLATION (0xc0000005) at pc=0x00000000736bc1be, pid=61704, tid=59352
#
# JRE version: 6.0_27-b07
# Java VM: Java HotSpot(TM) 64-Bit Server VM (20.2-b06 mixed mode windows-amd64 compressed oops)
# Problematic frame:
# C  [MSVCR100.dll+0x3c1be]
#
# If you would like to submit a bug report, please visit:
#   http://java.sun.com/webapps/bugreport/crash.jsp
# The crash happened outside the Java Virtual Machine in native code.
# See problematic frame for where to report the bug.
#

---------------  T H R E A D  ---------------

Current thread (0x0000000006593000):  JavaThread "Thread-12" [_thread_in_native, id=59352, stack(0x0000000008620000,0x0000000008720000)]

siginfo: ExceptionCode=0xc0000005, writing address 0x0000000007ff3758

Registers:
RAX=0x2f353c2f353c373a, RBX=0x0000000007ff2fe0, RCX=0x0000000007ff3740, RDX=0xffffffffffffd920
RSP=0x000000000871f7a8, RBP=0x00000000000001e0, RSI=0x0000000000000780, RDI=0x0000000007ff0900
R8 =0x0000000000000780, R9 =0x000000000000003c, R10=0x3c3c3f413f3e3b3d, R11=0x0000000007ff2fe0
R12=0xfffffffffffff880, R13=0x0000000007ff2fe0, R14=0x000000000871f958, R15=0x0000000006593000
RIP=0x00000000736bc1be, EFLAGS=0x0000000000010202

Top of Stack: (sp=0x000000000871f7a8)
0x000000000871f7a8:   000007fef672393e 0000000000000000
0x000000000871f7b8:   000007fef1f10000 0000000000000000
0x000000000871f7c8:   00000000065931d0 00000000065931d0
0x000000000871f7d8:   000007fef672259a 000000000871f900
0x000000000871f7e8:   0000000000000000 0000000000000000
0x000000000871f7f8:   00000000071d7960 0000000006571e00
0x000000000871f808:   0000000000000001 0000000000000000
0x000000000871f818:   000000000871f948 00000000065931d0
0x000000000871f828:   000007fef672a199 0000000007ff2fe0
0x000000000871f838:   00000000004302bc 000000000871f918
0x000000000871f848:   00000000071d7960 0000000000000001
0x000000000871f858:   000000000871fb00 00000000bca05d00
0x000000000871f868:   fffffffffffffffe 00000000bcd1f480
0x000000000871f878:   0000000000000000 0000000002485a0e
0x000000000871f888:   0000000002491366 00000000065931d0
0x000000000871f898:   00000000bcd1f480 0000000006593000 

Instructions: (pc=0x00000000736bc1be)
0x00000000736bc19e:   00 00 66 66 66 90 66 66 90 49 81 f9 00 20 00 00
0x00000000736bc1ae:   73 42 48 8b 44 0a f8 4c 8b 54 0a f0 48 83 e9 20
0x00000000736bc1be:   48 89 41 18 4c 89 51 10 48 8b 44 0a 08 4c 8b 14
0x00000000736bc1ce:   0a 49 ff c9 48 89 41 08 4c 89 11 75 d5 49 83 e0 


Register to memory mapping:

RAX=0x2f353c2f353c373a is an unknown value
RBX=0x0000000007ff2fe0 is an unknown value
RCX=0x0000000007ff3740 is an unknown value
RDX=0xffffffffffffd920 is an unknown value
RSP=0x000000000871f7a8 is pointing into the stack for thread: 0x0000000006593000
RBP=0x00000000000001e0 is an unknown value
RSI=0x0000000000000780 is an unknown value
RDI=0x0000000007ff0900 is an unknown value
R8 =0x0000000000000780 is an unknown value
R9 =0x000000000000003c is an unknown value
R10=0x3c3c3f413f3e3b3d is an unknown value
R11=0x0000000007ff2fe0 is an unknown value
R12=0xfffffffffffff880 is an unknown value
R13=0x0000000007ff2fe0 is an unknown value
R14=0x000000000871f958 is pointing into the stack for thread: 0x0000000006593000
R15=0x0000000006593000 is a thread


Stack: [0x0000000008620000,0x0000000008720000],  sp=0x000000000871f7a8,  free space=1021k
Native frames: (J=compiled Java code, j=interpreted, Vv=VM code, C=native code)
C  [MSVCR100.dll+0x3c1be]  memmove+0x25e

[error occurred during error reporting (printing native stack), id 0xc0000005]

Java frames: (J=compiled Java code, j=interpreted, Vv=VM code)
j  com.googlecode.javacv.cpp.videoInputLib$videoInput.getPixels(ILcom/googlecode/javacpp/BytePointer;ZZ)Z+0
j  com.googlecode.javacv.VideoInputFrameGrabber.grab()Lcom/googlecode/javacv/cpp/opencv_core$IplImage;+107
j  sendImage.run()V+6
j  java.lang.Thread.run()V+11
v  ~StubRoutines::call_stub

---------------  P R O C E S S  ---------------

Java Threads: ( => current thread )
=>0x0000000006593000 JavaThread "Thread-12" [_thread_in_native, id=59352, stack(0x0000000008620000,0x0000000008720000)]
  0x0000000006592000 JavaThread "Thread-11" [_thread_in_native, id=60480, stack(0x0000000008520000,0x0000000008620000)]
  0x0000000006591800 JavaThread "AWT-EventQueue-0" [_thread_blocked, id=62248, stack(0x000000000d3f0000,0x000000000d4f0000)]
  0x0000000006590800 JavaThread "AWT-Windows" daemon [_thread_in_native, id=61752, stack(0x000000000d2f0000,0x000000000d3f0000)]
  0x0000000006590000 JavaThread "AWT-Shutdown" [_thread_blocked, id=60628, stack(0x000000000b7c0000,0x000000000b8c0000)]
  0x000000000658f800 JavaThread "Java2D Disposer" daemon [_thread_blocked, id=59180, stack(0x000000000ba20000,0x000000000bb20000)]
  0x000000000658e800 JavaThread "Thread-5" [_thread_in_native, id=54892, stack(0x000000000a150000,0x000000000a250000)]
  0x000000000658e000 JavaThread "Thread-4" [_thread_in_native, id=61596, stack(0x000000000a9d0000,0x000000000aad0000)]
  0x000000000658d000 JavaThread "Thread-3" [_thread_in_native, id=62284, stack(0x000000000a850000,0x000000000a950000)]
  0x000000000658c800 JavaThread "Thread-2" [_thread_in_native, id=59528, stack(0x0000000009a40000,0x0000000009b40000)]
  0x000000000656b800 JavaThread "Low Memory Detector" daemon [_thread_blocked, id=61536, stack(0x0000000006b00000,0x0000000006c00000)]
  0x0000000006560800 JavaThread "C2 CompilerThread1" daemon [_thread_blocked, id=61800, stack(0x0000000006a00000,0x0000000006b00000)]
  0x000000000655c000 JavaThread "C2 CompilerThread0" daemon [_thread_blocked, id=61904, stack(0x0000000006900000,0x0000000006a00000)]
  0x0000000006554800 JavaThread "Attach Listener" daemon [_thread_blocked, id=60616, stack(0x0000000006800000,0x0000000006900000)]
  0x000000000654f000 JavaThread "Signal Dispatcher" daemon [_thread_blocked, id=60328, stack(0x0000000006700000,0x0000000006800000)]
  0x000000000052c000 JavaThread "Finalizer" daemon [_thread_blocked, id=56736, stack(0x0000000006400000,0x0000000006500000)]
  0x0000000000525000 JavaThread "Reference Handler" daemon [_thread_blocked, id=60608, stack(0x0000000006300000,0x0000000006400000)]
  0x000000000054b800 JavaThread "main" [_thread_blocked, id=60828, stack(0x0000000002380000,0x0000000002480000)]

Other Threads:
  0x000000000051d000 VMThread [stack: 0x0000000006200000,0x0000000006300000] [id=60000]
  0x000000000657c800 WatcherThread [stack: 0x0000000006c00000,0x0000000006d00000] [id=49780]

VM state:not at safepoint (normal execution)

VM Mutex/Monitor currently owned by a thread: None

Heap
 PSYoungGen      total 18624K, used 3428K [0x00000000eb400000, 0x00000000ec8c0000, 0x0000000100000000)
  eden space 16000K, 9% used [0x00000000eb400000,0x00000000eb56a928,0x00000000ec3a0000)
  from space 2624K, 75% used [0x00000000ec3a0000,0x00000000ec58e860,0x00000000ec630000)
  to   space 2624K, 0% used [0x00000000ec630000,0x00000000ec630000,0x00000000ec8c0000)
 PSOldGen        total 42496K, used 0K [0x00000000c1c00000, 0x00000000c4580000, 0x00000000eb400000)
  object space 42496K, 0% used [0x00000000c1c00000,0x00000000c1c00000,0x00000000c4580000)
 PSPermGen       total 21248K, used 12179K [0x00000000bca00000, 0x00000000bdec0000, 0x00000000c1c00000)
  object space 21248K, 57% used [0x00000000bca00000,0x00000000bd5e4d70,0x00000000bdec0000)

Code Cache  [0x0000000002480000, 0x00000000026f0000, 0x0000000005480000)
 total_blobs=473 nmethods=37 adapters=390 free_code_cache=49718656 largest_free_block=10560

Dynamic libraries:
0x0000000000400000 - 0x000000000042e000 	C:\Program Files\Java\jdk1.6.0_27\bin\javaw.exe
0x0000000077c90000 - 0x0000000077e39000 	C:\Windows\SYSTEM32\ntdll.dll
0x0000000077700000 - 0x000000007781f000 	C:\Windows\system32\kernel32.dll
0x000007fefe200000 - 0x000007fefe26b000 	C:\Windows\system32\KERNELBASE.dll
0x000007fefe7b0000 - 0x000007fefe88b000 	C:\Windows\system32\ADVAPI32.dll
0x000007fefe890000 - 0x000007fefe92f000 	C:\Windows\system32\msvcrt.dll
0x000007feff7e0000 - 0x000007feff7ff000 	C:\Windows\SYSTEM32\sechost.dll
0x000007feff870000 - 0x000007feff99d000 	C:\Windows\system32\RPCRT4.dll
0x0000000077a30000 - 0x0000000077b2a000 	C:\Windows\system32\USER32.dll
0x000007feff800000 - 0x000007feff867000 	C:\Windows\system32\GDI32.dll
0x000007fefff90000 - 0x000007fefff9e000 	C:\Windows\system32\LPK.dll
0x000007fefe960000 - 0x000007fefea29000 	C:\Windows\system32\USP10.dll
0x000007fefe930000 - 0x000007fefe95e000 	C:\Windows\system32\IMM32.DLL
0x000007feffc30000 - 0x000007feffd39000 	C:\Windows\system32\MSCTF.dll
0x000000006d890000 - 0x000000006e048000 	C:\Program Files\Java\jdk1.6.0_27\jre\bin\server\jvm.dll
0x000007fefb7a0000 - 0x000007fefb7db000 	C:\Windows\system32\WINMM.dll
0x000000006d800000 - 0x000000006d80e000 	C:\Program Files\Java\jdk1.6.0_27\jre\bin\verify.dll
0x000000006d450000 - 0x000000006d477000 	C:\Program Files\Java\jdk1.6.0_27\jre\bin\java.dll
0x000000006d850000 - 0x000000006d862000 	C:\Program Files\Java\jdk1.6.0_27\jre\bin\zip.dll
0x000007feffa20000 - 0x000007feffc23000 	C:\Windows\System32\ole32.dll
0x000007feffd40000 - 0x000007feffe17000 	C:\Windows\System32\oleaut32.dll
0x000007fef6720000 - 0x000007fef673e000 	C:\Users\asus\AppData\Local\Temp\javacpp289666434042578\jnivideoInputLib.dll
0x0000000073680000 - 0x0000000073752000 	C:\Windows\system32\MSVCR100.dll
0x000007fefdfc0000 - 0x000007fefdfcf000 	C:\Windows\system32\CRYPTBASE.dll
0x000007feffea0000 - 0x000007fefff39000 	C:\Windows\system32\CLBCatQ.DLL
0x000007feed1b0000 - 0x000007feed1c6000 	C:\Windows\system32\devenum.dll
0x000007fefe520000 - 0x000007fefe6f7000 	C:\Windows\system32\setupapi.dll
0x000007fefe1c0000 - 0x000007fefe1f6000 	C:\Windows\system32\CFGMGR32.dll
0x000007fefe1a0000 - 0x000007fefe1ba000 	C:\Windows\system32\DEVOBJ.dll
0x000007fefc270000 - 0x000007fefc29d000 	C:\Windows\system32\ntmarta.dll
0x000007fefe4c0000 - 0x000007fefe512000 	C:\Windows\system32\WLDAP32.dll
0x000007fefe3e0000 - 0x000007fefe419000 	C:\Windows\system32\WINTRUST.dll
0x000007fefe270000 - 0x000007fefe3da000 	C:\Windows\system32\CRYPT32.dll
0x000007fefe190000 - 0x000007fefe19f000 	C:\Windows\system32\MSASN1.dll
0x000007feed1a0000 - 0x000007feed1ad000 	C:\Windows\system32\msdmo.dll
0x000007fef6570000 - 0x000007fef659f000 	C:\Windows\system32\qcap.dll
0x000007fee4e40000 - 0x000007fee4ff2000 	C:\Windows\system32\quartz.dll
0x000007fefea30000 - 0x000007feff7b8000 	C:\Windows\system32\SHELL32.dll
0x000007feffe20000 - 0x000007feffe91000 	C:\Windows\system32\SHLWAPI.dll
0x000007fefbe90000 - 0x000007fefbe99000 	C:\Program Files\Synergy\synrgyhk.DLL
0x000007fef8f50000 - 0x000007fef8fcf000 	C:\Program Files\Common Files\microsoft shared\ink\tiptsf.dll
0x000007fefcae0000 - 0x000007fefcb36000 	C:\Windows\system32\uxtheme.dll
0x000007fefc300000 - 0x000007fefc318000 	C:\Windows\system32\dwmapi.dll
0x000007fefd290000 - 0x000007fefd29c000 	C:\Windows\system32\version.dll
0x000007fef2810000 - 0x000007fef2851000 	C:\Windows\system32\ksproxy.ax
0x0000000075520000 - 0x0000000075526000 	C:\Windows\system32\ksuser.dll
0x000007fefb930000 - 0x000007fefbb2f000 	C:\Windows\system32\d3d9.dll
0x000007fefb920000 - 0x000007fefb927000 	C:\Windows\system32\d3d8thk.dll
0x000007fefb770000 - 0x000007fefb77b000 	C:\Windows\system32\vidcap.ax
0x000007fef6600000 - 0x000007fef6624000 	C:\Windows\system32\kswdmcap.ax
0x000007fee8a00000 - 0x000007fee8b5c000 	C:\Windows\system32\MFC42.dll
0x000007fee8420000 - 0x000007fee84d1000 	C:\Windows\system32\ODBC32.dll
0x000007fefccc0000 - 0x000007fefceb4000 	C:\Windows\WinSxS\amd64_microsoft.windows.common-controls_6595b64144ccf1df_6.0.7601.17514_none_fa396087175ac9ac\COMCTL32.dll
0x0000000069ac0000 - 0x0000000069af8000 	C:\Windows\system32\odbcint.dll
0x000007fee9220000 - 0x000007fee92bb000 	C:\Windows\System32\qedit.dll
0x000007fef2a70000 - 0x000007fef2a99000 	C:\Windows\System32\MSVFW32.dll
0x000007fefe710000 - 0x000007fefe7a7000 	C:\Windows\system32\COMDLG32.dll
0x000007fefc8c0000 - 0x000007fefcad6000 	C:\Windows\WinSxS\amd64_microsoft.windows.gdiplus_6595b64144ccf1df_1.1.7601.17825_none_2b253c8271ec7765\gdiplus.dll
0x000007fef25e0000 - 0x000007fef26d1000 	C:\Windows\system32\DDRAW.dll
0x000007fefbc00000 - 0x000007fefbc08000 	C:\Windows\system32\DCIMAN32.dll
0x000000006d6a0000 - 0x000000006d6b7000 	C:\Program Files\Java\jdk1.6.0_27\jre\bin\net.dll
0x000007fefff40000 - 0x000007fefff8d000 	C:\Windows\system32\WS2_32.dll
0x000007fefe700000 - 0x000007fefe708000 	C:\Windows\system32\NSI.dll
0x0000000180000000 - 0x0000000180077000 	C:\Windows\system32\ASProxy64.dll
0x000007fefd960000 - 0x000007fefd9b5000 	C:\Windows\system32\MSWSOCK.dll
0x000007fefd2b0000 - 0x000007fefd2d7000 	C:\Windows\system32\IPHLPAPI.DLL
0x000007fefd2a0000 - 0x000007fefd2ab000 	C:\Windows\system32\WINNSI.DLL
0x000007fefdf90000 - 0x000007fefdfb5000 	C:\Windows\system32\SspiCli.dll
0x000007fefd9c0000 - 0x000007fefd9d7000 	C:\Windows\system32\CRYPTSP.dll
0x000007fefd6c0000 - 0x000007fefd707000 	C:\Windows\system32\rsaenh.dll
0x000007fefe0d0000 - 0x000007fefe0e4000 	C:\Windows\system32\RpcRtRemote.dll
0x000007fefdfd0000 - 0x000007fefe061000 	C:\Windows\system32\SXS.DLL
0x000007fefd950000 - 0x000007fefd957000 	C:\Windows\System32\wship6.dll
0x000007fefd270000 - 0x000007fefd277000 	C:\Windows\System32\wshtcpip.dll
0x00000000735e0000 - 0x0000000073678000 	C:\Windows\System32\msvcp100.dll
0x000007fee4bd0000 - 0x000007fee4e3b000 	D:\Downloads\opencv\build\x64\vc10\bin\opencv_core244.dll
0x000007fee9180000 - 0x000007fee9215000 	C:\Users\asus\AppData\Local\Temp\javacpp289666434042578\jniopencv_core.dll
0x000000006d0a0000 - 0x000000006d263000 	C:\Program Files\Java\jdk1.6.0_27\jre\bin\awt.dll
0x000007fefa490000 - 0x000007fefa501000 	C:\Windows\system32\WINSPOOL.DRV
0x000007fee4920000 - 0x000007fee4bc5000 	D:\Downloads\opencv\build\x64\vc10\bin\opencv_imgproc244.dll
0x000007fef1dd0000 - 0x000007fef1e19000 	C:\Users\asus\AppData\Local\Temp\javacpp289666434042578\jniopencv_imgproc.dll
0x0000000066840000 - 0x00000000675ca000 	D:\Downloads\opencv\build\x64\vc10\bin\opencv_ffmpeg244_64.dll
0x000007fef1cb0000 - 0x000007fef1cb9000 	C:\Windows\system32\WSOCK32.dll
0x000007fee46d0000 - 0x000007fee4920000 	D:\Downloads\opencv\build\x64\vc10\bin\opencv_highgui244.dll
0x000007fef6550000 - 0x000007fef656f000 	C:\Windows\system32\AVIFIL32.dll
0x000007fef1f10000 - 0x000007fef1f28000 	C:\Windows\system32\MSACM32.dll
0x000007fef2520000 - 0x000007fef2537000 	C:\Windows\system32\AVICAP32.dll
0x000007fefd3f0000 - 0x000007fefd40e000 	C:\Windows\system32\USERENV.dll
0x000007fefe0f0000 - 0x000007fefe0ff000 	C:\Windows\system32\profapi.dll
0x000007fef1f80000 - 0x000007fef1f93000 	C:\Users\asus\AppData\Local\Temp\javacpp289666434042578\jniopencv_highgui.dll
0x000007fefc180000 - 0x000007fefc195000 	C:\Windows\system32\NLAapi.dll
0x000007fef8a70000 - 0x000007fef8a85000 	C:\Windows\system32\napinsp.dll
0x000007fef8a90000 - 0x000007fef8aa9000 	C:\Windows\system32\pnrpnsp.dll
0x000007fefd7e0000 - 0x000007fefd83b000 	C:\Windows\system32\DNSAPI.dll
0x000007fef89c0000 - 0x000007fef89cb000 	C:\Windows\System32\winrnr.dll
0x000007fef97e0000 - 0x000007fef980f000 	C:\Program Files\Common Files\Microsoft Shared\Windows Live\WLIDNSP.DLL
0x0000000077e60000 - 0x0000000077e67000 	C:\Windows\system32\PSAPI.DLL
0x000007fee4600000 - 0x000007fee46cd000 	D:\Downloads\opencv\build\x64\vc10\bin\opencv_objdetect244.dll
0x000007fef89b0000 - 0x000007fef89c0000 	C:\Windows\system32\wshbth.dll
0x00000000713e0000 - 0x0000000071406000 	C:\Program Files\Bonjour\mdnsNSP.dll
0x000007fef97d0000 - 0x000007fef97d8000 	C:\Windows\system32\rasadhlp.dll
0x000007fefb440000 - 0x000007fefb493000 	C:\Windows\System32\fwpuclnt.dll
0x000007feecf80000 - 0x000007feecfc9000 	C:\Users\asus\AppData\Local\Temp\javacpp289666434042578\jniopencv_objdetect.dll
0x000000006d570000 - 0x000000006d5a5000 	C:\Program Files\Java\jdk1.6.0_27\jre\bin\jpeg.dll
0x000000006d340000 - 0x000000006d3a6000 	C:\Program Files\Java\jdk1.6.0_27\jre\bin\fontmanager.dll
0x000007fefb8c0000 - 0x000007fefb914000 	C:\Windows\system32\oleacc.dll
0x000007fef7ef0000 - 0x000007fef8015000 	C:\Windows\system32\dbghelp.dll

VM Arguments:
jvm_args: -Dfile.encoding=Cp1252 
java_command: FacialRecog
Launcher Type: SUN_STANDARD

Environment Variables:
PATH=C:/Program Files (x86)/Java/jdk1.7.0_17/bin/../jre/bin/client;C:/Program Files (x86)/Java/jdk1.7.0_17/bin/../jre/bin;C:/Program Files (x86)/Java/jdk1.7.0_17/bin/../jre/lib/i386;D:\Downloads\opencv\build\x64\vc10\bin;D:\Downloads\opencv\build\common\tbb\intel64\vc10\;C:\Program Files (x86)\Java\jdk1.7.0_17\bin;C:\Program Files (x86)\Intel\iCLS Client\;C:\Program Files\Intel\iCLS Client\;C:\Program Files (x86)\NVIDIA Corporation\PhysX\Common;C:\Program Files\Common Files\Microsoft Shared\Windows Live;C:\Program Files (x86)\Common Files\Microsoft Shared\Windows Live;C:\Windows\system32;C:\Windows;C:\Windows\System32\Wbem;C:\Windows\System32\WindowsPowerShell\v1.0\;C:\Program Files (x86)\Windows Live\Shared;C:\Program Files (x86)\Intel\OpenCL SDK\2.0\bin\x86;C:\Program Files (x86)\Intel\OpenCL SDK\2.0\bin\x64;C:\Program Files\Intel\Intel(R) Management Engine Components\DAL;C:\Program Files\Intel\Intel(R) Management Engine Components\IPT;C:\Program Files (x86)\Intel\Intel(R) Management Engine Components\DAL;C:\Program Files (x86)\Intel\Intel(R) Management Engine Components\IPT;C:\Program Files\Intel\WiFi\bin\;C:\Program Files\Common Files\Intel\WirelessCommon\;C:\Program Files\Diskeeper Corporation\ExpressCache\;C:\Program Files\MiKTeX 2.9\miktex\bin;D:\Downloads\eclipse;
USERNAME=asus
OS=Windows_NT
PROCESSOR_IDENTIFIER=Intel64 Family 6 Model 58 Stepping 9, GenuineIntel



---------------  S Y S T E M  ---------------

OS: Windows 7 , 64 bit Build 7601 Service Pack 1

CPU:total 4 (2 cores per cpu, 2 threads per core) family 6 model 58 stepping 9, cmov, cx8, fxsr, mmx, sse, sse2, sse3, ssse3, sse4.1, sse4.2, popcnt, ht

Memory: 4k page, physical 4077492k(966840k free), swap 8153124k(2891236k free)

vm_info: Java HotSpot(TM) 64-Bit Server VM (20.2-b06) for windows-amd64 JRE (1.6.0_27-b07), built on Jul 19 2011 01:08:22 by "java_re" with MS VC++ 8.0 (VS2005)

time: Sat Apr 20 21:56:31 2013
elapsed time: 6 seconds

