#
# A fatal error has been detected by the Java Runtime Environment:
#
#  EXCEPTION_ACCESS_VIOLATION (0xc0000005) at pc=0x0000000063b6c1ee, pid=3620, tid=3316
#
# JRE version: 7.0_09-b05
# Java VM: Java HotSpot(TM) 64-Bit Server VM (23.5-b02 mixed mode windows-amd64 compressed oops)
# Problematic frame:
# C  [msvcr100.dll+0x3c1ee]  memcpy+0x25e
#
# Failed to write core dump. Minidumps are not enabled by default on client versions of Windows
#
# If you would like to submit a bug report, please visit:
#   http://bugreport.sun.com/bugreport/crash.jsp
# The crash happened outside the Java Virtual Machine in native code.
# See problematic frame for where to report the bug.
#

---------------  T H R E A D  ---------------

Current thread (0x000000000e4fd000):  JavaThread "Thread-10" [_thread_in_native, id=3316, stack(0x000000000e9b0000,0x000000000eab0000)]

siginfo: ExceptionCode=0xc0000005, writing address 0x00000000101a1708

Registers:
RAX=0x695c4b6c5f4e7b61, RBX=0x00000000101a0f90, RCX=0x00000000101a16f0, RDX=0xfffffffffe63e950
RSP=0x000000000eaaf228, RBP=0x00000000000001de, RSI=0x0000000000000780, RDI=0x000000000e7df8e0
R8 =0x0000000000000780, R9 =0x000000000000003c, R10=0x53816759796d5678, R11=0x00000000101a0f90
R12=0xfffffffffffff880, R13=0x00000000101a0090, R14=0x000000000eaaf3e0, R15=0x000000000e4fd000
RIP=0x0000000063b6c1ee, EFLAGS=0x0000000000010206

Top of Stack: (sp=0x000000000eaaf228)
0x000000000eaaf228:   000007fefbf7393e 0000000000000000
0x000000000eaaf238:   0000000002127b10 0000000000000000
0x000000000eaaf248:   000000000e4fd1d8 000000000e4fd1d8
0x000000000eaaf258:   000007fefbf7259a 000000000eaaf300
0x000000000eaaf268:   0000000000000000 0000000000000000
0x000000000eaaf278:   000000000e53dc90 000000000eaaf300
0x000000000eaaf288:   00000000580e9e01 0000000000000000
0x000000000eaaf298:   000000000eaaf3d0 000000000e4fd1d8
0x000000000eaaf2a8:   000007fefbf7a199 00000000101a0090
0x000000000eaaf2b8:   00000000580ed80a 000000000eaaf3a0
0x000000000eaaf2c8:   000000000e53dc90 000000000ac3ca01
0x000000000eaaf2d8:   000000000e4fd000 0000000000000000
0x000000000eaaf2e8:   fffffffffffffffe 00000000bd4578a0
0x000000000eaaf2f8:   0000000000000000 0000000002586374
0x000000000eaaf308:   00000000025923a8 000000000e4fd1d8
0x000000000eaaf318:   00000000bd4578a0 0000000000000002 

Instructions: (pc=0x0000000063b6c1ee)
0x0000000063b6c1ce:   00 00 66 66 66 90 66 66 90 49 81 f9 00 20 00 00
0x0000000063b6c1de:   73 42 48 8b 44 0a f8 4c 8b 54 0a f0 48 83 e9 20
0x0000000063b6c1ee:   48 89 41 18 4c 89 51 10 48 8b 44 0a 08 4c 8b 14
0x0000000063b6c1fe:   0a 49 ff c9 48 89 41 08 4c 89 11 75 d5 49 83 e0 


Register to memory mapping:

RAX=0x695c4b6c5f4e7b61 is an unknown value
RBX=0x00000000101a0f90 is an unknown value
RCX=0x00000000101a16f0 is an unknown value
RDX=0xfffffffffe63e950 is an unknown value
RSP=0x000000000eaaf228 is pointing into the stack for thread: 0x000000000e4fd000
RBP=0x00000000000001de is an unknown value
RSI=0x0000000000000780 is an unknown value
RDI=0x000000000e7df8e0 is an unknown value
R8 =0x0000000000000780 is an unknown value
R9 =0x000000000000003c is an unknown value
R10=0x53816759796d5678 is an unknown value
R11=0x00000000101a0f90 is an unknown value
R12=0xfffffffffffff880 is an unknown value
R13=0x00000000101a0090 is an unknown value
R14=0x000000000eaaf3e0 is pointing into the stack for thread: 0x000000000e4fd000
R15=0x000000000e4fd000 is a thread


Stack: [0x000000000e9b0000,0x000000000eab0000],  sp=0x000000000eaaf228,  free space=1020k
Native frames: (J=compiled Java code, j=interpreted, Vv=VM code, C=native code)
C  [msvcr100.dll+0x3c1ee]  memcpy+0x25e

Java frames: (J=compiled Java code, j=interpreted, Vv=VM code)
j  com.googlecode.javacv.cpp.videoInputLib$videoInput.getPixels(ILcom/googlecode/javacpp/BytePointer;ZZ)Z+0
j  com.googlecode.javacv.VideoInputFrameGrabber.grab()Lcom/googlecode/javacv/cpp/opencv_core$IplImage;+107
j  Capture.run()V+16
j  java.lang.Thread.run()V+11
v  ~StubRoutines::call_stub

---------------  P R O C E S S  ---------------

Java Threads: ( => current thread )
=>0x000000000e4fd000 JavaThread "Thread-10" [_thread_in_native, id=3316, stack(0x000000000e9b0000,0x000000000eab0000)]
  0x000000000e373800 JavaThread "Thread-9" [_thread_in_native, id=7572, stack(0x00000000100a0000,0x00000000101a0000)]
  0x000000000ae45800 JavaThread "Thread-8" [_thread_blocked, id=8040, stack(0x000000000fe20000,0x000000000ff20000)]
  0x000000000ac9b000 JavaThread "Thread-5" [_thread_blocked, id=2300, stack(0x000000000ee70000,0x000000000ef70000)]
  0x000000000aa66800 JavaThread "Timer-0" [_thread_blocked, id=7316, stack(0x000000000d350000,0x000000000d450000)]
  0x000000000e186000 JavaThread "Image Fetcher 0" daemon [_thread_blocked, id=7948, stack(0x000000000b5f0000,0x000000000b6f0000)]
  0x000000000ac53000 JavaThread "TimerQueue" daemon [_thread_blocked, id=2424, stack(0x000000000cc30000,0x000000000cd30000)]
  0x000000000228d000 JavaThread "DestroyJavaVM" [_thread_blocked, id=5148, stack(0x0000000002480000,0x0000000002580000)]
  0x000000000ab4b000 JavaThread "AWT-EventQueue-0" [_thread_blocked, id=6192, stack(0x000000000b460000,0x000000000b560000)]
  0x000000000ab26800 JavaThread "AWT-Windows" daemon [_thread_in_native, id=3164, stack(0x000000000b030000,0x000000000b130000)]
  0x000000000ab25800 JavaThread "AWT-Shutdown" [_thread_blocked, id=5360, stack(0x000000000ae90000,0x000000000af90000)]
  0x000000000ab25000 JavaThread "Java2D Disposer" daemon [_thread_blocked, id=7804, stack(0x0000000009ec0000,0x0000000009fc0000)]
  0x0000000008c7c000 JavaThread "Service Thread" daemon [_thread_blocked, id=7320, stack(0x000000000a540000,0x000000000a640000)]
  0x0000000008c70000 JavaThread "C2 CompilerThread1" daemon [_thread_blocked, id=8804, stack(0x000000000a790000,0x000000000a890000)]
  0x0000000008c5d000 JavaThread "C2 CompilerThread0" daemon [_thread_blocked, id=8516, stack(0x000000000a650000,0x000000000a750000)]
  0x0000000008c58000 JavaThread "Attach Listener" daemon [_thread_blocked, id=4736, stack(0x000000000a410000,0x000000000a510000)]
  0x0000000008c50800 JavaThread "Signal Dispatcher" daemon [_thread_blocked, id=8240, stack(0x000000000a230000,0x000000000a330000)]
  0x0000000002196800 JavaThread "Finalizer" daemon [_thread_blocked, id=1568, stack(0x000000000a030000,0x000000000a130000)]
  0x000000000218f800 JavaThread "Reference Handler" daemon [_thread_blocked, id=5672, stack(0x0000000009da0000,0x0000000009ea0000)]

Other Threads:
  0x0000000008bd2000 VMThread [stack: 0x0000000009bc0000,0x0000000009cc0000] [id=8536]
  0x0000000008c84800 WatcherThread [stack: 0x000000000a960000,0x000000000aa60000] [id=6740]

VM state:not at safepoint (normal execution)

VM Mutex/Monitor currently owned by a thread: None

Heap
 PSYoungGen      total 18624K, used 13226K [0x00000000eb400000, 0x00000000ec8c0000, 0x0000000100000000)
  eden space 16000K, 66% used [0x00000000eb400000,0x00000000ebe5d930,0x00000000ec3a0000)
  from space 2624K, 99% used [0x00000000ec3a0000,0x00000000ec62d030,0x00000000ec630000)
  to   space 2624K, 0% used [0x00000000ec630000,0x00000000ec630000,0x00000000ec8c0000)
 ParOldGen       total 42496K, used 2406K [0x00000000c1c00000, 0x00000000c4580000, 0x00000000eb400000)
  object space 42496K, 5% used [0x00000000c1c00000,0x00000000c1e59810,0x00000000c4580000)
 PSPermGen       total 21248K, used 12638K [0x00000000bca00000, 0x00000000bdec0000, 0x00000000c1c00000)
  object space 21248K, 59% used [0x00000000bca00000,0x00000000bd657a80,0x00000000bdec0000)

Card table byte_map: [0x0000000005580000,0x00000000057a0000] byte_map_base: 0x0000000004f9b000

Polling page: 0x0000000000140000

Code Cache  [0x0000000002580000, 0x00000000027f0000, 0x0000000005580000)
 total_blobs=596 nmethods=87 adapters=460 free_code_cache=48387Kb largest_free_block=49534784

Compilation events (10 events):
Event: 7.770 Thread 0x0000000008c70000 nmethod 79 0x0000000002631f50 code [0x0000000002632100, 0x0000000002632350]
Event: 7.770 Thread 0x0000000008c70000    4 %           java.awt.image.AreaAveragingScaleFilter::accumPixels @ 161 (551 bytes)
Event: 7.770 Thread 0x0000000008c5d000 nmethod 80 0x000000000262c850 code [0x000000000262c9e0, 0x000000000262caf8]
Event: 7.770 Thread 0x0000000008c5d000    5 %           sun.awt.image.OffScreenImageSource::sendPixels @ 669 (733 bytes)
Event: 7.775 Thread 0x0000000008c5d000 nmethod 5% 0x000000000262dd50 code [0x000000000262dec0, 0x000000000262e1b8]
Event: 7.775 Thread 0x0000000008c5d000   81             java.awt.image.AreaAveragingScaleFilter::calcRow (260 bytes)
Event: 7.793 Thread 0x0000000008c70000 nmethod 4% 0x000000000263f390 code [0x000000000263f580, 0x00000000026405d0]
Event: 7.806 Thread 0x0000000008c5d000 nmethod 81 0x000000000263c590 code [0x000000000263c880, 0x000000000263d978]
Event: 7.806 Thread 0x0000000008c70000    6 %           java.awt.image.AreaAveragingScaleFilter::calcRow @ 52 (260 bytes)
Event: 7.831 Thread 0x0000000008c70000 nmethod 6% 0x0000000002641410 code [0x0000000002641700, 0x0000000002642778]

GC Heap History (2 events):
Event: 7.662 GC heap before
{Heap before GC invocations=1 (full 0):
 PSYoungGen      total 18624K, used 15871K [0x00000000eb400000, 0x00000000ec8c0000, 0x0000000100000000)
  eden space 16000K, 99% used [0x00000000eb400000,0x00000000ec37ff38,0x00000000ec3a0000)
  from space 2624K, 0% used [0x00000000ec630000,0x00000000ec630000,0x00000000ec8c0000)
  to   space 2624K, 0% used [0x00000000ec3a0000,0x00000000ec3a0000,0x00000000ec630000)
 ParOldGen       total 42496K, used 0K [0x00000000c1c00000, 0x00000000c4580000, 0x00000000eb400000)
  object space 42496K, 0% used [0x00000000c1c00000,0x00000000c1c00000,0x00000000c4580000)
 PSPermGen       total 21248K, used 12430K [0x00000000bca00000, 0x00000000bdec0000, 0x00000000c1c00000)
  object space 21248K, 58% used [0x00000000bca00000,0x00000000bd623bf8,0x00000000bdec0000)
Event: 7.678 GC heap after
Heap after GC invocations=1 (full 0):
 PSYoungGen      total 18624K, used 2612K [0x00000000eb400000, 0x00000000ec8c0000, 0x0000000100000000)
  eden space 16000K, 0% used [0x00000000eb400000,0x00000000eb400000,0x00000000ec3a0000)
  from space 2624K, 99% used [0x00000000ec3a0000,0x00000000ec62d030,0x00000000ec630000)
  to   space 2624K, 0% used [0x00000000ec630000,0x00000000ec630000,0x00000000ec8c0000)
 ParOldGen       total 42496K, used 2406K [0x00000000c1c00000, 0x00000000c4580000, 0x00000000eb400000)
  object space 42496K, 5% used [0x00000000c1c00000,0x00000000c1e59810,0x00000000c4580000)
 PSPermGen       total 21248K, used 12430K [0x00000000bca00000, 0x00000000bdec0000, 0x00000000c1c00000)
  object space 21248K, 58% used [0x00000000bca00000,0x00000000bd623bf8,0x00000000bdec0000)
}

Deoptimization events (5 events):
Event: 0.986 Thread 0x000000000ab4b000 Uncommon trap -122 fr.pc 0x00000000025fb960
Event: 2.087 Thread 0x000000000ab4b000 Uncommon trap -34 fr.pc 0x00000000025f5d0c
Event: 2.087 Thread 0x000000000ab4b000 Uncommon trap -34 fr.pc 0x00000000025f5d0c
Event: 2.175 Thread 0x000000000ab4b000 Uncommon trap -34 fr.pc 0x00000000025f5d0c
Event: 2.175 Thread 0x000000000ab4b000 Uncommon trap -34 fr.pc 0x00000000025f5d0c

Internal exceptions (10 events):
Event: 7.692 Thread 0x000000000ac9b000 Threw 0x00000000eb541368 at C:\jdk7u1_64p\jdk7u9\hotspot\src\share\vm\prims\jvm.cpp:1166
Event: 7.693 Thread 0x000000000ac9b000 Threw 0x00000000eb547900 at C:\jdk7u1_64p\jdk7u9\hotspot\src\share\vm\prims\jvm.cpp:1166
Event: 7.694 Thread 0x000000000ac9b000 Threw 0x00000000eb54d328 at C:\jdk7u1_64p\jdk7u9\hotspot\src\share\vm\prims\jvm.cpp:1166
Event: 7.694 Thread 0x000000000ac9b000 Threw 0x00000000eb59be98 at C:\jdk7u1_64p\jdk7u9\hotspot\src\share\vm\prims\jvm.cpp:1166
Event: 7.731 Thread 0x000000000ac9b000 Threw 0x00000000eb65dc00 at C:\jdk7u1_64p\jdk7u9\hotspot\src\share\vm\prims\jvm.cpp:1166
Event: 7.732 Thread 0x000000000ac9b000 Threw 0x00000000eb6ab788 at C:\jdk7u1_64p\jdk7u9\hotspot\src\share\vm\prims\jvm.cpp:1166
Event: 7.732 Thread 0x000000000ac9b000 Threw 0x00000000eb6b10c0 at C:\jdk7u1_64p\jdk7u9\hotspot\src\share\vm\prims\jvm.cpp:1166
Event: 7.733 Thread 0x000000000ac9b000 Threw 0x00000000eb6b68f8 at C:\jdk7u1_64p\jdk7u9\hotspot\src\share\vm\prims\jvm.cpp:1166
Event: 7.794 Thread 0x000000000ac9b000 Threw 0x00000000eb6bfed8 at C:\jdk7u1_64p\jdk7u9\hotspot\src\share\vm\prims\jvm.cpp:1166
Event: 7.946 Thread 0x000000000ac9b000 Threw 0x00000000eb6c4c30 at C:\jdk7u1_64p\jdk7u9\hotspot\src\share\vm\prims\jvm.cpp:1166

Events (10 events):
Event: 7.732 loading class 0x000000000e3059a0 done
Event: 7.732 loading class 0x000000000e526fc0
Event: 7.732 loading class 0x000000000e526fc0 done
Event: 7.733 loading class 0x000000000e527010
Event: 7.733 loading class 0x000000000e527010 done
Event: 7.794 loading class 0x000000000e3052e0
Event: 7.794 loading class 0x000000000e3052e0 done
Event: 7.946 loading class 0x000000000e186ac0
Event: 7.946 loading class 0x000000000e186ac0 done
Event: 7.947 Thread 0x000000000e4fd000 Thread added: 0x000000000e4fd000


Dynamic libraries:
0x000000013f760000 - 0x000000013f794000 	C:\Program Files\Java\jdk1.7.0_09\bin\javaw.exe
0x0000000077bd0000 - 0x0000000077d79000 	C:\Windows\SYSTEM32\ntdll.dll
0x00000000774f0000 - 0x000000007760f000 	C:\Windows\system32\kernel32.dll
0x000007fefe270000 - 0x000007fefe2db000 	C:\Windows\system32\KERNELBASE.dll
0x000007feffad0000 - 0x000007feffbab000 	C:\Windows\system32\ADVAPI32.dll
0x000007feffe10000 - 0x000007feffeaf000 	C:\Windows\system32\msvcrt.dll
0x000007feffec0000 - 0x000007feffedf000 	C:\Windows\SYSTEM32\sechost.dll
0x000007fefe410000 - 0x000007fefe53d000 	C:\Windows\system32\RPCRT4.dll
0x0000000077ad0000 - 0x0000000077bca000 	C:\Windows\system32\USER32.dll
0x000007feff990000 - 0x000007feff9f7000 	C:\Windows\system32\GDI32.dll
0x000007feffeb0000 - 0x000007feffebe000 	C:\Windows\system32\LPK.dll
0x000007feffa00000 - 0x000007feffac9000 	C:\Windows\system32\USP10.dll
0x000007fefc680000 - 0x000007fefc874000 	C:\Windows\WinSxS\amd64_microsoft.windows.common-controls_6595b64144ccf1df_6.0.7601.17514_none_fa396087175ac9ac\COMCTL32.dll
0x000007fefeb80000 - 0x000007fefebf1000 	C:\Windows\system32\SHLWAPI.dll
0x000007fefe540000 - 0x000007fefe56e000 	C:\Windows\system32\IMM32.DLL
0x000007feffbb0000 - 0x000007feffcb9000 	C:\Windows\system32\MSCTF.dll
0x0000000063b30000 - 0x0000000063c01000 	C:\Program Files\Java\jdk1.7.0_09\jre\bin\msvcr100.dll
0x0000000058070000 - 0x000000005878f000 	C:\Program Files\Java\jdk1.7.0_09\jre\bin\server\jvm.dll
0x000007fef67f0000 - 0x000007fef67f9000 	C:\Windows\system32\WSOCK32.dll
0x000007feffcc0000 - 0x000007feffd0d000 	C:\Windows\system32\WS2_32.dll
0x000007fefe400000 - 0x000007fefe408000 	C:\Windows\system32\NSI.dll
0x000007fefc590000 - 0x000007fefc5cb000 	C:\Windows\system32\WINMM.dll
0x0000000077d90000 - 0x0000000077d97000 	C:\Windows\system32\PSAPI.DLL
0x0000000070cb0000 - 0x0000000070cbf000 	C:\Program Files\Java\jdk1.7.0_09\jre\bin\verify.dll
0x0000000064f80000 - 0x0000000064fa8000 	C:\Program Files\Java\jdk1.7.0_09\jre\bin\java.dll
0x0000000065de0000 - 0x0000000065df5000 	C:\Program Files\Java\jdk1.7.0_09\jre\bin\zip.dll
0x0000000061d30000 - 0x0000000061ec3000 	C:\Program Files\Java\jdk1.7.0_09\jre\bin\awt.dll
0x000007fefe800000 - 0x000007fefe8d7000 	C:\Windows\system32\OLEAUT32.dll
0x000007fefe570000 - 0x000007fefe773000 	C:\Windows\system32\ole32.dll
0x000007fefc5d0000 - 0x000007fefc626000 	C:\Windows\system32\uxtheme.dll
0x000007fef4290000 - 0x000007fef430f000 	C:\Program Files\Common Files\microsoft shared\ink\tiptsf.dll
0x000007fefd1d0000 - 0x000007fefd1dc000 	C:\Windows\system32\version.dll
0x000007fefaf00000 - 0x000007fefaf18000 	C:\Windows\system32\dwmapi.dll
0x000007fefdf60000 - 0x000007fefdf6f000 	C:\Windows\system32\CRYPTBASE.dll
0x000007fef7ad0000 - 0x000007fef7ad9000 	C:\Program Files\Synergy\synrgyhk.DLL
0x000007fefec00000 - 0x000007feff988000 	C:\Windows\system32\SHELL32.dll
0x0000000064770000 - 0x00000000647a4000 	C:\Program Files\Java\jdk1.7.0_09\jre\bin\fontmanager.dll
0x000007feffd10000 - 0x000007feffda9000 	C:\Windows\system32\CLBCatQ.DLL
0x000007fefa280000 - 0x000007fefa3e1000 	C:\Windows\system32\WindowsCodecs.dll
0x000007fefdf00000 - 0x000007fefdf57000 	C:\Windows\system32\apphelp.dll
0x0000000010000000 - 0x000000001003c000 	C:\Program Files (x86)\ASUS\ASUS WebStorage\3.0.108.222\ASUSWSShellExt64.dll
0x000007fef39b0000 - 0x000007fef39db000 	C:\Users\asus\AppData\Roaming\Dropbox\bin\DropboxExt64.19.dll
0x000007fef7fd0000 - 0x000007fef80f5000 	C:\Windows\system32\dbghelp.dll
0x0000000070740000 - 0x0000000070813000 	C:\Windows\WinSxS\amd64_microsoft.vc90.crt_1fc8b3b9a1e18e3b_9.0.30729.6161_none_08e61857a83bc251\MSVCP90.dll
0x0000000072670000 - 0x0000000072713000 	C:\Windows\WinSxS\amd64_microsoft.vc90.crt_1fc8b3b9a1e18e3b_9.0.30729.6161_none_08e61857a83bc251\MSVCR90.dll
0x000007fef1f80000 - 0x000007fef1fb5000 	C:\Windows\system32\EhStorShell.dll
0x000007fefe8e0000 - 0x000007fefeab7000 	C:\Windows\system32\SETUPAPI.dll
0x000007fefe2e0000 - 0x000007fefe316000 	C:\Windows\system32\CFGMGR32.dll
0x000007fefe250000 - 0x000007fefe26a000 	C:\Windows\system32\DEVOBJ.dll
0x000007fefccf0000 - 0x000007fefce1c000 	C:\Windows\system32\PROPSYS.dll
0x000007fef3c60000 - 0x000007fef3ce0000 	C:\Windows\system32\ntshrui.dll
0x000007fefdba0000 - 0x000007fefdbc3000 	C:\Windows\system32\srvcli.dll
0x000007fef7610000 - 0x000007fef761f000 	C:\Windows\system32\cscapi.dll
0x000007fefc360000 - 0x000007fefc36b000 	C:\Windows\system32\slc.dll
0x000007fefaa90000 - 0x000007fefaae4000 	C:\Windows\system32\oleacc.dll
0x0000000065d10000 - 0x0000000065d29000 	C:\Program Files\Java\jdk1.7.0_09\jre\bin\net.dll
0x0000000180000000 - 0x0000000180077000 	C:\Windows\system32\ASProxy64.dll
0x000007fefd8a0000 - 0x000007fefd8f5000 	C:\Windows\system32\MSWSOCK.dll
0x000007fefd1f0000 - 0x000007fefd217000 	C:\Windows\system32\IPHLPAPI.DLL
0x000007fefd1e0000 - 0x000007fefd1eb000 	C:\Windows\system32\WINNSI.DLL
0x000007fefded0000 - 0x000007fefdef5000 	C:\Windows\system32\SspiCli.dll
0x000007fefd900000 - 0x000007fefd917000 	C:\Windows\system32\CRYPTSP.dll
0x000007fefd600000 - 0x000007fefd647000 	C:\Windows\system32\rsaenh.dll
0x000007fefe010000 - 0x000007fefe024000 	C:\Windows\system32\RpcRtRemote.dll
0x000007fefdf70000 - 0x000007fefe001000 	C:\Windows\system32\SXS.DLL
0x000007fefd890000 - 0x000007fefd897000 	C:\Windows\System32\wship6.dll
0x0000000064750000 - 0x0000000064761000 	C:\Program Files\Java\jdk1.7.0_09\jre\bin\nio.dll
0x0000000064700000 - 0x0000000064741000 	C:\Program Files\Java\jdk1.7.0_09\jre\bin\t2k.dll
0x000007fef3670000 - 0x000007fef370c000 	C:\Windows\system32\mscms.dll
0x000007fefd330000 - 0x000007fefd34e000 	C:\Windows\system32\USERENV.dll
0x000007fefe030000 - 0x000007fefe03f000 	C:\Windows\system32\profapi.dll
0x000007fef8310000 - 0x000007fef8352000 	C:\Windows\system32\icm32.dll
0x000007fefbf70000 - 0x000007fefbf8e000 	C:\Users\asus\AppData\Local\Temp\javacpp119709581032965\jnivideoInputLib.dll
0x000007fef3710000 - 0x000007fef37ae000 	C:\Windows\system32\RICHED20.DLL
0x000007fef4c70000 - 0x000007fef4c86000 	C:\Windows\system32\devenum.dll
0x000007fefcb70000 - 0x000007fefcb9d000 	C:\Windows\system32\ntmarta.dll
0x000007feffdb0000 - 0x000007feffe02000 	C:\Windows\system32\WLDAP32.dll
0x000007fefe3c0000 - 0x000007fefe3f9000 	C:\Windows\system32\WINTRUST.dll
0x000007fefe0e0000 - 0x000007fefe24a000 	C:\Windows\system32\CRYPT32.dll
0x000007fefe0d0000 - 0x000007fefe0df000 	C:\Windows\system32\MSASN1.dll
0x000007fef4c60000 - 0x000007fef4c6d000 	C:\Windows\system32\msdmo.dll
0x000007fef8490000 - 0x000007fef84bf000 	C:\Windows\system32\qcap.dll
0x000007fef2c90000 - 0x000007fef2e42000 	C:\Windows\system32\quartz.dll
0x000007fef8440000 - 0x000007fef8481000 	C:\Windows\system32\ksproxy.ax
0x0000000075460000 - 0x0000000075466000 	C:\Windows\system32\ksuser.dll
0x000007fef7410000 - 0x000007fef760f000 	C:\Windows\system32\d3d9.dll
0x000007fef88d0000 - 0x000007fef88d7000 	C:\Windows\system32\d3d8thk.dll
0x000007fefbf60000 - 0x000007fefbf6b000 	C:\Windows\system32\vidcap.ax
0x000007fef8240000 - 0x000007fef8264000 	C:\Windows\system32\kswdmcap.ax
0x000007fef3510000 - 0x000007fef366c000 	C:\Windows\system32\MFC42.dll
0x000007fef3450000 - 0x000007fef3501000 	C:\Windows\system32\ODBC32.dll
0x00000000646c0000 - 0x00000000646f8000 	C:\Windows\system32\odbcint.dll
0x000007feed7f0000 - 0x000007feed88b000 	C:\Windows\System32\qedit.dll
0x000007fef82a0000 - 0x000007fef82c9000 	C:\Windows\System32\MSVFW32.dll
0x000007fefeac0000 - 0x000007fefeb57000 	C:\Windows\system32\COMDLG32.dll
0x000007fefa870000 - 0x000007fefaa86000 	C:\Windows\WinSxS\amd64_microsoft.windows.gdiplus_6595b64144ccf1df_1.1.7601.17825_none_2b253c8271ec7765\gdiplus.dll
0x000007fef7210000 - 0x000007fef7301000 	C:\Windows\system32\DDRAW.dll
0x000007fef8180000 - 0x000007fef8188000 	C:\Windows\system32\DCIMAN32.dll
0x0000000065e30000 - 0x0000000065e3b000 	C:\Program Files\Java\jdk1.7.0_09\jre\bin\management.dll
0x0000000074790000 - 0x0000000074828000 	C:\Windows\System32\msvcp100.dll
0x000007fedda20000 - 0x000007feddc8b000 	D:\Downloads\opencv\build\x64\vc10\bin\opencv_core244.dll
0x000007feec290000 - 0x000007feec325000 	C:\Users\asus\AppData\Local\Temp\javacpp119709581032965\jniopencv_core.dll
0x000007fedd770000 - 0x000007fedda15000 	D:\Downloads\opencv\build\x64\vc10\bin\opencv_imgproc244.dll
0x000007fef8130000 - 0x000007fef8179000 	C:\Users\asus\AppData\Local\Temp\javacpp119709581032965\jniopencv_imgproc.dll
0x0000000066840000 - 0x00000000675ca000 	D:\Downloads\opencv\build\x64\vc10\bin\opencv_ffmpeg244_64.dll
0x000007fedd000000 - 0x000007fedd250000 	D:\Downloads\opencv\build\x64\vc10\bin\opencv_highgui244.dll
0x000007fef7e90000 - 0x000007fef7eaf000 	C:\Windows\system32\AVIFIL32.dll
0x000007fefc190000 - 0x000007fefc1a8000 	C:\Windows\system32\MSACM32.dll
0x000007fef82f0000 - 0x000007fef8307000 	C:\Windows\system32\AVICAP32.dll
0x000007fef7e50000 - 0x000007fef7e63000 	C:\Users\asus\AppData\Local\Temp\javacpp119709581032965\jniopencv_highgui.dll
0x000007fee7e70000 - 0x000007fee7f3d000 	D:\Downloads\opencv\build\x64\vc10\bin\opencv_objdetect244.dll
0x000007fef7710000 - 0x000007fef7759000 	C:\Users\asus\AppData\Local\Temp\javacpp119709581032965\jniopencv_objdetect.dll

VM Arguments:
jvm_args: -Dfile.encoding=Cp1252 
java_command: ClientMain
Launcher Type: SUN_STANDARD

Environment Variables:
PATH=C:/Program Files (x86)/Java/jdk1.7.0_17/bin/../jre/bin/client;C:/Program Files (x86)/Java/jdk1.7.0_17/bin/../jre/bin;C:/Program Files (x86)/Java/jdk1.7.0_17/bin/../jre/lib/i386;D:\Downloads\opencv\build\x64\vc10\bin;D:\Downloads\opencv\build\common\tbb\intel64\vc10\;C:\Program Files (x86)\Java\jdk1.7.0_17\bin;C:\Program Files (x86)\Intel\iCLS Client\;C:\Program Files\Intel\iCLS Client\;C:\Program Files (x86)\NVIDIA Corporation\PhysX\Common;C:\Program Files\Common Files\Microsoft Shared\Windows Live;C:\Program Files (x86)\Common Files\Microsoft Shared\Windows Live;C:\Windows\system32;C:\Windows;C:\Windows\System32\Wbem;C:\Windows\System32\WindowsPowerShell\v1.0\;C:\Program Files (x86)\Windows Live\Shared;C:\Program Files (x86)\Intel\OpenCL SDK\2.0\bin\x86;C:\Program Files (x86)\Intel\OpenCL SDK\2.0\bin\x64;C:\Program Files\Intel\Intel(R) Management Engine Components\DAL;C:\Program Files\Intel\Intel(R) Management Engine Components\IPT;C:\Program Files (x86)\Intel\Intel(R) Management Engine Components\DAL;C:\Program Files (x86)\Intel\Intel(R) Management Engine Components\IPT;C:\Program Files\Intel\WiFi\bin\;C:\Program Files\Common Files\Intel\WirelessCommon\;C:\Program Files\Diskeeper Corporation\ExpressCache\;C:\Program Files\MiKTeX 2.9\miktex\bin;D:\Downloads\eclipse;
USERNAME=asus
OS=Windows_NT
PROCESSOR_IDENTIFIER=Intel64 Family 6 Model 58 Stepping 9, GenuineIntel



---------------  S Y S T E M  ---------------

OS: Windows 7 , 64 bit Build 7601 Service Pack 1

CPU:total 4 (2 cores per cpu, 2 threads per core) family 6 model 58 stepping 9, cmov, cx8, fxsr, mmx, sse, sse2, sse3, ssse3, sse4.1, sse4.2, popcnt, avx, ht, tsc, tscinvbit, tscinv

Memory: 4k page, physical 4077492k(1593056k free), swap 8153124k(4207208k free)

vm_info: Java HotSpot(TM) 64-Bit Server VM (23.5-b02) for windows-amd64 JRE (1.7.0_09-b05), built on Sep 24 2012 21:45:04 by "java_re" with unknown MS VC++:1600

time: Thu May 02 23:57:46 2013
elapsed time: 7 seconds

