#
# A fatal error has been detected by the Java Runtime Environment:
#
#  EXCEPTION_ACCESS_VIOLATION (0xc0000005) at pc=0x0000000065e2c1ee, pid=3528, tid=668
#
# JRE version: 7.0_09-b05
# Java VM: Java HotSpot(TM) 64-Bit Server VM (23.5-b02 mixed mode windows-amd64 compressed oops)
# Problematic frame:
# C  [msvcr100.dll+0x3c1ee]  memcpy+0x25e
#
# Failed to write core dump. Minidumps are not enabled by default on client versions of Windows
#
# If you would like to submit a bug report, please visit:
#   http://bugreport.sun.com/bugreport/crash.jsp
# The crash happened outside the Java Virtual Machine in native code.
# See problematic frame for where to report the bug.
#

---------------  T H R E A D  ---------------

Current thread (0x000000000deec000):  JavaThread "Thread-10" [_thread_in_native, id=668, stack(0x000000000e550000,0x000000000e650000)]

siginfo: ExceptionCode=0xc0000005, writing address 0x000000000e3ae708

Registers:
RAX=0x7b62558d74678878, RBX=0x000000000e3adf90, RCX=0x000000000e3ae6f0, RDX=0xfffffffffff1e840
RSP=0x000000000e64f668, RBP=0x00000000000001e0, RSI=0x0000000000000780, RDI=0x000000000e2cc7d0
R8 =0x0000000000000780, R9 =0x000000000000003c, R10=0x7087776f847f6a85, R11=0x000000000e3adf90
R12=0xfffffffffffff880, R13=0x000000000e3adf90, R14=0x000000000e64f820, R15=0x000000000deec000
RIP=0x0000000065e2c1ee, EFLAGS=0x0000000000010206

Top of Stack: (sp=0x000000000e64f668)
0x000000000e64f668:   000007fefbf7393e 0000000000000000
0x000000000e64f678:   00000000020db8a0 0000000000000000
0x000000000e64f688:   000000000deec1d8 000000000deec1d8
0x000000000e64f698:   000007fefbf7259a 000000000e64f700
0x000000000e64f6a8:   0000000000000000 0000000000000000
0x000000000e64f6b8:   000000000df281f0 000000000e64f700
0x000000000e64f6c8:   00000000530d9e01 0000000000000000
0x000000000e64f6d8:   000000000e64f810 000000000deec1d8
0x000000000e64f6e8:   000007fefbf7a199 000000000e3adf90
0x000000000e64f6f8:   00000000530dd80a 000000000e64f7e0
0x000000000e64f708:   000000000df281f0 000000000ab03901
0x000000000e64f718:   000000000deec000 0000000000000000
0x000000000e64f728:   fffffffffffffffe 00000000bd406fe8
0x000000000e64f738:   0000000000000000 0000000002556374
0x000000000e64f748:   00000000025623a8 000000000deec1d8
0x000000000e64f758:   00000000bd406fe8 0000000000000002 

Instructions: (pc=0x0000000065e2c1ee)
0x0000000065e2c1ce:   00 00 66 66 66 90 66 66 90 49 81 f9 00 20 00 00
0x0000000065e2c1de:   73 42 48 8b 44 0a f8 4c 8b 54 0a f0 48 83 e9 20
0x0000000065e2c1ee:   48 89 41 18 4c 89 51 10 48 8b 44 0a 08 4c 8b 14
0x0000000065e2c1fe:   0a 49 ff c9 48 89 41 08 4c 89 11 75 d5 49 83 e0 


Register to memory mapping:

RAX=0x7b62558d74678878 is an unknown value
RBX=0x000000000e3adf90 is an unknown value
RCX=0x000000000e3ae6f0 is an unknown value
RDX=0xfffffffffff1e840 is an unknown value
RSP=0x000000000e64f668 is pointing into the stack for thread: 0x000000000deec000
RBP=0x00000000000001e0 is an unknown value
RSI=0x0000000000000780 is an unknown value
RDI=0x000000000e2cc7d0 is an unknown value
R8 =0x0000000000000780 is an unknown value
R9 =0x000000000000003c is an unknown value
R10=0x7087776f847f6a85 is an unknown value
R11=0x000000000e3adf90 is an unknown value
R12=0xfffffffffffff880 is an unknown value
R13=0x000000000e3adf90 is an unknown value
R14=0x000000000e64f820 is pointing into the stack for thread: 0x000000000deec000
R15=0x000000000deec000 is a thread


Stack: [0x000000000e550000,0x000000000e650000],  sp=0x000000000e64f668,  free space=1021k
Native frames: (J=compiled Java code, j=interpreted, Vv=VM code, C=native code)
C  [msvcr100.dll+0x3c1ee]  memcpy+0x25e

[error occurred during error reporting (printing native stack), id 0xc0000005]

Java frames: (J=compiled Java code, j=interpreted, Vv=VM code)
j  com.googlecode.javacv.cpp.videoInputLib$videoInput.getPixels(ILcom/googlecode/javacpp/BytePointer;ZZ)Z+0
j  com.googlecode.javacv.VideoInputFrameGrabber.grab()Lcom/googlecode/javacv/cpp/opencv_core$IplImage;+107
j  Capture.run()V+16
j  java.lang.Thread.run()V+11
v  ~StubRoutines::call_stub

---------------  P R O C E S S  ---------------

Java Threads: ( => current thread )
=>0x000000000deec000 JavaThread "Thread-10" [_thread_in_native, id=668, stack(0x000000000e550000,0x000000000e650000)]
  0x000000000dd18800 JavaThread "Thread-9" [_thread_in_native, id=7820, stack(0x000000000fba0000,0x000000000fca0000)]
  0x000000000dcf0800 JavaThread "Thread-8" [_thread_blocked, id=3092, stack(0x000000000f0a0000,0x000000000f1a0000)]
  0x000000000ad02000 JavaThread "Thread-5" [_thread_blocked, id=8556, stack(0x000000000e990000,0x000000000ea90000)]
  0x000000000acc9800 JavaThread "Timer-0" [_thread_blocked, id=8940, stack(0x000000000d8f0000,0x000000000d9f0000)]
  0x000000000acc6800 JavaThread "Image Fetcher 0" daemon [_thread_blocked, id=7120, stack(0x000000000d7c0000,0x000000000d8c0000)]
  0x000000000ac60000 JavaThread "TimerQueue" daemon [_thread_blocked, id=8972, stack(0x000000000ce50000,0x000000000cf50000)]
  0x000000000221d000 JavaThread "DestroyJavaVM" [_thread_blocked, id=6956, stack(0x0000000002450000,0x0000000002550000)]
  0x000000000ab58000 JavaThread "AWT-EventQueue-0" [_thread_blocked, id=9060, stack(0x000000000a830000,0x000000000a930000)]
  0x000000000ab4b800 JavaThread "AWT-Windows" daemon [_thread_in_native, id=6552, stack(0x000000000afe0000,0x000000000b0e0000)]
  0x000000000ab4a800 JavaThread "AWT-Shutdown" [_thread_blocked, id=7320, stack(0x000000000a400000,0x000000000a500000)]
  0x000000000ab32000 JavaThread "Java2D Disposer" daemon [_thread_blocked, id=6820, stack(0x000000000ae80000,0x000000000af80000)]
  0x0000000008d28000 JavaThread "Service Thread" daemon [_thread_blocked, id=8912, stack(0x000000000a710000,0x000000000a810000)]
  0x0000000008d0f000 JavaThread "C2 CompilerThread1" daemon [_thread_blocked, id=6640, stack(0x000000000a500000,0x000000000a600000)]
  0x0000000008cfc800 JavaThread "C2 CompilerThread0" daemon [_thread_blocked, id=8884, stack(0x000000000a2f0000,0x000000000a3f0000)]
  0x0000000008cfb000 JavaThread "Attach Listener" daemon [_thread_blocked, id=4788, stack(0x000000000a0f0000,0x000000000a1f0000)]
  0x0000000008cf4000 JavaThread "Signal Dispatcher" daemon [_thread_blocked, id=7996, stack(0x0000000009f20000,0x000000000a020000)]
  0x0000000002149800 JavaThread "Finalizer" daemon [_thread_blocked, id=7076, stack(0x0000000009db0000,0x0000000009eb0000)]
  0x0000000002143000 JavaThread "Reference Handler" daemon [_thread_blocked, id=8620, stack(0x0000000009c40000,0x0000000009d40000)]

Other Threads:
  0x0000000008c71800 VMThread [stack: 0x0000000009b30000,0x0000000009c30000] [id=5488]
  0x0000000008d31000 WatcherThread [stack: 0x000000000a960000,0x000000000aa60000] [id=1368]

VM state:not at safepoint (normal execution)

VM Mutex/Monitor currently owned by a thread: None

Heap
 PSYoungGen      total 18624K, used 12682K [0x00000000eb400000, 0x00000000ec8c0000, 0x0000000100000000)
  eden space 16000K, 62% used [0x00000000eb400000,0x00000000ebdd3270,0x00000000ec3a0000)
  from space 2624K, 99% used [0x00000000ec3a0000,0x00000000ec62f6d0,0x00000000ec630000)
  to   space 2624K, 0% used [0x00000000ec630000,0x00000000ec630000,0x00000000ec8c0000)
 ParOldGen       total 42496K, used 2458K [0x00000000c1c00000, 0x00000000c4580000, 0x00000000eb400000)
  object space 42496K, 5% used [0x00000000c1c00000,0x00000000c1e669e8,0x00000000c4580000)
 PSPermGen       total 21248K, used 12509K [0x00000000bca00000, 0x00000000bdec0000, 0x00000000c1c00000)
  object space 21248K, 58% used [0x00000000bca00000,0x00000000bd637480,0x00000000bdec0000)

Card table byte_map: [0x0000000005550000,0x0000000005770000] byte_map_base: 0x0000000004f6b000

Polling page: 0x0000000000320000

Code Cache  [0x0000000002550000, 0x00000000027c0000, 0x0000000005550000)
 total_blobs=601 nmethods=97 adapters=455 free_code_cache=48384Kb largest_free_block=49520064

Compilation events (10 events):
Event: 7.989 Thread 0x0000000008d0f000 nmethod 90 0x00000000026043d0 code [0x0000000002604560, 0x0000000002604678]
Event: 7.989 Thread 0x0000000008d0f000    4 %           sun.awt.image.OffScreenImageSource::sendPixels @ 669 (733 bytes)
Event: 7.991 Thread 0x0000000008cfc800 nmethod 89 0x000000000260cbd0 code [0x000000000260cd80, 0x000000000260cfd0]
Event: 7.991 Thread 0x0000000008cfc800    5 %           java.awt.image.AreaAveragingScaleFilter::accumPixels @ 161 (551 bytes)
Event: 7.993 Thread 0x0000000008d0f000 nmethod 4% 0x0000000002601bd0 code [0x0000000002601d40, 0x0000000002602038]
Event: 7.993 Thread 0x0000000008d0f000   91             java.awt.image.AreaAveragingScaleFilter::calcRow (260 bytes)
Event: 8.013 Thread 0x0000000008cfc800 nmethod 5% 0x0000000002612a90 code [0x0000000002612c80, 0x0000000002613cd0]
Event: 8.025 Thread 0x0000000008d0f000 nmethod 91 0x000000000260fb90 code [0x000000000260fec0, 0x0000000002610fb8]
Event: 8.169 Thread 0x0000000008cfc800   92             sun.awt.AWTAutoShutdown::getInstance (4 bytes)
Event: 8.169 Thread 0x0000000008cfc800 nmethod 92 0x00000000025fefd0 code [0x00000000025ff100, 0x00000000025ff158]

GC Heap History (2 events):
Event: 7.893 GC heap before
{Heap before GC invocations=1 (full 0):
 PSYoungGen      total 18624K, used 16000K [0x00000000eb400000, 0x00000000ec8c0000, 0x0000000100000000)
  eden space 16000K, 100% used [0x00000000eb400000,0x00000000ec3a0000,0x00000000ec3a0000)
  from space 2624K, 0% used [0x00000000ec630000,0x00000000ec630000,0x00000000ec8c0000)
  to   space 2624K, 0% used [0x00000000ec3a0000,0x00000000ec3a0000,0x00000000ec630000)
 ParOldGen       total 42496K, used 0K [0x00000000c1c00000, 0x00000000c4580000, 0x00000000eb400000)
  object space 42496K, 0% used [0x00000000c1c00000,0x00000000c1c00000,0x00000000c4580000)
 PSPermGen       total 21248K, used 12440K [0x00000000bca00000, 0x00000000bdec0000, 0x00000000c1c00000)
  object space 21248K, 58% used [0x00000000bca00000,0x00000000bd626088,0x00000000bdec0000)
Event: 7.902 GC heap after
Heap after GC invocations=1 (full 0):
 PSYoungGen      total 18624K, used 2621K [0x00000000eb400000, 0x00000000ec8c0000, 0x0000000100000000)
  eden space 16000K, 0% used [0x00000000eb400000,0x00000000eb400000,0x00000000ec3a0000)
  from space 2624K, 99% used [0x00000000ec3a0000,0x00000000ec62f6d0,0x00000000ec630000)
  to   space 2624K, 0% used [0x00000000ec630000,0x00000000ec630000,0x00000000ec8c0000)
 ParOldGen       total 42496K, used 2458K [0x00000000c1c00000, 0x00000000c4580000, 0x00000000eb400000)
  object space 42496K, 5% used [0x00000000c1c00000,0x00000000c1e669e8,0x00000000c4580000)
 PSPermGen       total 21248K, used 12440K [0x00000000bca00000, 0x00000000bdec0000, 0x00000000c1c00000)
  object space 21248K, 58% used [0x00000000bca00000,0x00000000bd626088,0x00000000bdec0000)
}

Deoptimization events (9 events):
Event: 0.935 Thread 0x000000000ab58000 Uncommon trap -122 fr.pc 0x00000000025cbda0
Event: 2.901 Thread 0x000000000ab58000 Uncommon trap -34 fr.pc 0x00000000025c5d0c
Event: 2.901 Thread 0x000000000ab58000 Uncommon trap -34 fr.pc 0x00000000025c5d0c
Event: 3.043 Thread 0x000000000ab58000 Uncommon trap -34 fr.pc 0x00000000025c5d0c
Event: 3.043 Thread 0x000000000ab58000 Uncommon trap -34 fr.pc 0x00000000025c5d0c
Event: 6.660 Thread 0x000000000ab58000 Uncommon trap -34 fr.pc 0x00000000025e9abc
Event: 6.660 Thread 0x000000000ab58000 Uncommon trap -34 fr.pc 0x00000000025e9abc
Event: 6.662 Thread 0x000000000ab58000 Uncommon trap -34 fr.pc 0x00000000025e9abc
Event: 6.662 Thread 0x000000000ab58000 Uncommon trap -34 fr.pc 0x00000000025e9abc

Internal exceptions (10 events):
Event: 7.890 Thread 0x000000000ad02000 Threw 0x00000000ec380578 at C:\jdk7u1_64p\jdk7u9\hotspot\src\share\vm\prims\jvm.cpp:1166
Event: 7.891 Thread 0x000000000ad02000 Threw 0x00000000ec386b10 at C:\jdk7u1_64p\jdk7u9\hotspot\src\share\vm\prims\jvm.cpp:1166
Event: 7.892 Thread 0x000000000ad02000 Threw 0x00000000ec38c538 at C:\jdk7u1_64p\jdk7u9\hotspot\src\share\vm\prims\jvm.cpp:1166
Event: 7.893 Thread 0x000000000ad02000 Threw 0x00000000ec390c98 at C:\jdk7u1_64p\jdk7u9\hotspot\src\share\vm\prims\jvm.cpp:1166
Event: 7.959 Thread 0x000000000ad02000 Threw 0x00000000eb5ce0d0 at C:\jdk7u1_64p\jdk7u9\hotspot\src\share\vm\prims\jvm.cpp:1166
Event: 7.960 Thread 0x000000000ad02000 Threw 0x00000000eb5d6c28 at C:\jdk7u1_64p\jdk7u9\hotspot\src\share\vm\prims\jvm.cpp:1166
Event: 7.961 Thread 0x000000000ad02000 Threw 0x00000000eb5dc560 at C:\jdk7u1_64p\jdk7u9\hotspot\src\share\vm\prims\jvm.cpp:1166
Event: 7.962 Thread 0x000000000ad02000 Threw 0x00000000eb656e90 at C:\jdk7u1_64p\jdk7u9\hotspot\src\share\vm\prims\jvm.cpp:1166
Event: 8.030 Thread 0x000000000ad02000 Threw 0x00000000eb660470 at C:\jdk7u1_64p\jdk7u9\hotspot\src\share\vm\prims\jvm.cpp:1166
Event: 8.208 Thread 0x000000000ad02000 Threw 0x00000000eb6651c0 at C:\jdk7u1_64p\jdk7u9\hotspot\src\share\vm\prims\jvm.cpp:1166

Events (10 events):
Event: 7.960 loading class 0x000000000dec5970 done
Event: 7.961 loading class 0x000000000de9c1b0
Event: 7.961 loading class 0x000000000de9c1b0 done
Event: 7.962 loading class 0x000000000de9c200
Event: 7.962 loading class 0x000000000de9c200 done
Event: 8.030 loading class 0x000000000dec52b0
Event: 8.030 loading class 0x000000000dec52b0 done
Event: 8.208 loading class 0x000000000ab076b0
Event: 8.208 loading class 0x000000000ab076b0 done
Event: 8.208 Thread 0x000000000deec000 Thread added: 0x000000000deec000


Dynamic libraries:
0x000000013f870000 - 0x000000013f8a4000 	C:\Program Files\Java\jdk1.7.0_09\bin\javaw.exe
0x0000000077bd0000 - 0x0000000077d79000 	C:\Windows\SYSTEM32\ntdll.dll
0x00000000774f0000 - 0x000000007760f000 	C:\Windows\system32\kernel32.dll
0x000007fefe270000 - 0x000007fefe2db000 	C:\Windows\system32\KERNELBASE.dll
0x000007feffad0000 - 0x000007feffbab000 	C:\Windows\system32\ADVAPI32.dll
0x000007feffe10000 - 0x000007feffeaf000 	C:\Windows\system32\msvcrt.dll
0x000007feffec0000 - 0x000007feffedf000 	C:\Windows\SYSTEM32\sechost.dll
0x000007fefe410000 - 0x000007fefe53d000 	C:\Windows\system32\RPCRT4.dll
0x0000000077ad0000 - 0x0000000077bca000 	C:\Windows\system32\USER32.dll
0x000007feff990000 - 0x000007feff9f7000 	C:\Windows\system32\GDI32.dll
0x000007feffeb0000 - 0x000007feffebe000 	C:\Windows\system32\LPK.dll
0x000007feffa00000 - 0x000007feffac9000 	C:\Windows\system32\USP10.dll
0x000007fefc680000 - 0x000007fefc874000 	C:\Windows\WinSxS\amd64_microsoft.windows.common-controls_6595b64144ccf1df_6.0.7601.17514_none_fa396087175ac9ac\COMCTL32.dll
0x000007fefeb80000 - 0x000007fefebf1000 	C:\Windows\system32\SHLWAPI.dll
0x000007fefe540000 - 0x000007fefe56e000 	C:\Windows\system32\IMM32.DLL
0x000007feffbb0000 - 0x000007feffcb9000 	C:\Windows\system32\MSCTF.dll
0x0000000065df0000 - 0x0000000065ec1000 	C:\Program Files\Java\jdk1.7.0_09\jre\bin\msvcr100.dll
0x0000000053060000 - 0x000000005377f000 	C:\Program Files\Java\jdk1.7.0_09\jre\bin\server\jvm.dll
0x000007fef67f0000 - 0x000007fef67f9000 	C:\Windows\system32\WSOCK32.dll
0x000007feffcc0000 - 0x000007feffd0d000 	C:\Windows\system32\WS2_32.dll
0x000007fefe400000 - 0x000007fefe408000 	C:\Windows\system32\NSI.dll
0x000007fefc590000 - 0x000007fefc5cb000 	C:\Windows\system32\WINMM.dll
0x0000000077d90000 - 0x0000000077d97000 	C:\Windows\system32\PSAPI.DLL
0x0000000071850000 - 0x000000007185f000 	C:\Program Files\Java\jdk1.7.0_09\jre\bin\verify.dll
0x0000000065d00000 - 0x0000000065d28000 	C:\Program Files\Java\jdk1.7.0_09\jre\bin\java.dll
0x0000000065ce0000 - 0x0000000065cf5000 	C:\Program Files\Java\jdk1.7.0_09\jre\bin\zip.dll
0x0000000060d80000 - 0x0000000060f13000 	C:\Program Files\Java\jdk1.7.0_09\jre\bin\awt.dll
0x000007fefe800000 - 0x000007fefe8d7000 	C:\Windows\system32\OLEAUT32.dll
0x000007fefe570000 - 0x000007fefe773000 	C:\Windows\system32\ole32.dll
0x000007fefc5d0000 - 0x000007fefc626000 	C:\Windows\system32\uxtheme.dll
0x000007fef4290000 - 0x000007fef430f000 	C:\Program Files\Common Files\microsoft shared\ink\tiptsf.dll
0x000007fefd1d0000 - 0x000007fefd1dc000 	C:\Windows\system32\version.dll
0x000007fefaf00000 - 0x000007fefaf18000 	C:\Windows\system32\dwmapi.dll
0x000007fefdf60000 - 0x000007fefdf6f000 	C:\Windows\system32\CRYPTBASE.dll
0x000007fef7ad0000 - 0x000007fef7ad9000 	C:\Program Files\Synergy\synrgyhk.DLL
0x000007fefec00000 - 0x000007feff988000 	C:\Windows\system32\SHELL32.dll
0x00000000642e0000 - 0x0000000064314000 	C:\Program Files\Java\jdk1.7.0_09\jre\bin\fontmanager.dll
0x000007feffd10000 - 0x000007feffda9000 	C:\Windows\system32\CLBCatQ.DLL
0x000007fefa280000 - 0x000007fefa3e1000 	C:\Windows\system32\WindowsCodecs.dll
0x000007fefdf00000 - 0x000007fefdf57000 	C:\Windows\system32\apphelp.dll
0x0000000010000000 - 0x000000001003c000 	C:\Program Files (x86)\ASUS\ASUS WebStorage\3.0.108.222\ASUSWSShellExt64.dll
0x000007fef39b0000 - 0x000007fef39db000 	C:\Users\asus\AppData\Roaming\Dropbox\bin\DropboxExt64.19.dll
0x000007fef7fd0000 - 0x000007fef80f5000 	C:\Windows\system32\dbghelp.dll
0x0000000070740000 - 0x0000000070813000 	C:\Windows\WinSxS\amd64_microsoft.vc90.crt_1fc8b3b9a1e18e3b_9.0.30729.6161_none_08e61857a83bc251\MSVCP90.dll
0x0000000072670000 - 0x0000000072713000 	C:\Windows\WinSxS\amd64_microsoft.vc90.crt_1fc8b3b9a1e18e3b_9.0.30729.6161_none_08e61857a83bc251\MSVCR90.dll
0x000007fef1f80000 - 0x000007fef1fb5000 	C:\Windows\system32\EhStorShell.dll
0x000007fefe8e0000 - 0x000007fefeab7000 	C:\Windows\system32\SETUPAPI.dll
0x000007fefe2e0000 - 0x000007fefe316000 	C:\Windows\system32\CFGMGR32.dll
0x000007fefe250000 - 0x000007fefe26a000 	C:\Windows\system32\DEVOBJ.dll
0x000007fefccf0000 - 0x000007fefce1c000 	C:\Windows\system32\PROPSYS.dll
0x000007fef3c60000 - 0x000007fef3ce0000 	C:\Windows\system32\ntshrui.dll
0x000007fefdba0000 - 0x000007fefdbc3000 	C:\Windows\system32\srvcli.dll
0x000007fef7610000 - 0x000007fef761f000 	C:\Windows\system32\cscapi.dll
0x000007fefc360000 - 0x000007fefc36b000 	C:\Windows\system32\slc.dll
0x000007fefaa90000 - 0x000007fefaae4000 	C:\Windows\system32\oleacc.dll
0x0000000065cc0000 - 0x0000000065cd9000 	C:\Program Files\Java\jdk1.7.0_09\jre\bin\net.dll
0x0000000180000000 - 0x0000000180077000 	C:\Windows\system32\ASProxy64.dll
0x000007fefd8a0000 - 0x000007fefd8f5000 	C:\Windows\system32\MSWSOCK.dll
0x000007fefd1f0000 - 0x000007fefd217000 	C:\Windows\system32\IPHLPAPI.DLL
0x000007fefd1e0000 - 0x000007fefd1eb000 	C:\Windows\system32\WINNSI.DLL
0x000007fefded0000 - 0x000007fefdef5000 	C:\Windows\system32\SspiCli.dll
0x000007fefd900000 - 0x000007fefd917000 	C:\Windows\system32\CRYPTSP.dll
0x000007fefd600000 - 0x000007fefd647000 	C:\Windows\system32\rsaenh.dll
0x000007fefe010000 - 0x000007fefe024000 	C:\Windows\system32\RpcRtRemote.dll
0x000007fefdf70000 - 0x000007fefe001000 	C:\Windows\system32\SXS.DLL
0x000007fefd890000 - 0x000007fefd897000 	C:\Windows\System32\wship6.dll
0x0000000064fc0000 - 0x0000000064fd1000 	C:\Program Files\Java\jdk1.7.0_09\jre\bin\nio.dll
0x0000000063bc0000 - 0x0000000063c01000 	C:\Program Files\Java\jdk1.7.0_09\jre\bin\t2k.dll
0x000007fef84a0000 - 0x000007fef853c000 	C:\Windows\system32\mscms.dll
0x000007fefd330000 - 0x000007fefd34e000 	C:\Windows\system32\USERENV.dll
0x000007fefe030000 - 0x000007fefe03f000 	C:\Windows\system32\profapi.dll
0x000007fef8450000 - 0x000007fef8492000 	C:\Windows\system32\icm32.dll
0x000007fef83b0000 - 0x000007fef844e000 	C:\Windows\system32\RICHED20.DLL
0x000007fefbf70000 - 0x000007fefbf8e000 	C:\Users\asus\AppData\Local\Temp\javacpp87673720115739\jnivideoInputLib.dll
0x000007fef4c70000 - 0x000007fef4c86000 	C:\Windows\system32\devenum.dll
0x000007fefcb70000 - 0x000007fefcb9d000 	C:\Windows\system32\ntmarta.dll
0x000007feffdb0000 - 0x000007feffe02000 	C:\Windows\system32\WLDAP32.dll
0x000007fefe3c0000 - 0x000007fefe3f9000 	C:\Windows\system32\WINTRUST.dll
0x000007fefe0e0000 - 0x000007fefe24a000 	C:\Windows\system32\CRYPT32.dll
0x000007fefe0d0000 - 0x000007fefe0df000 	C:\Windows\system32\MSASN1.dll
0x000007fef4c60000 - 0x000007fef4c6d000 	C:\Windows\system32\msdmo.dll
0x000007fef8660000 - 0x000007fef868f000 	C:\Windows\system32\qcap.dll
0x000007fee6530000 - 0x000007fee66e2000 	C:\Windows\system32\quartz.dll
0x000007fef8310000 - 0x000007fef8351000 	C:\Windows\system32\ksproxy.ax
0x0000000075460000 - 0x0000000075466000 	C:\Windows\system32\ksuser.dll
0x000007fef7410000 - 0x000007fef760f000 	C:\Windows\system32\d3d9.dll
0x000007fef88d0000 - 0x000007fef88d7000 	C:\Windows\system32\d3d8thk.dll
0x000007fefbf60000 - 0x000007fefbf6b000 	C:\Windows\system32\vidcap.ax
0x000007fef8d30000 - 0x000007fef8d54000 	C:\Windows\system32\kswdmcap.ax
0x000007fef2aa0000 - 0x000007fef2bfc000 	C:\Windows\system32\MFC42.dll
0x000007fef3470000 - 0x000007fef3521000 	C:\Windows\system32\ODBC32.dll
0x0000000063c70000 - 0x0000000063ca8000 	C:\Windows\system32\odbcint.dll
0x000007fef23d0000 - 0x000007fef246b000 	C:\Windows\System32\qedit.dll
0x000007fef82a0000 - 0x000007fef82c9000 	C:\Windows\System32\MSVFW32.dll
0x000007fefeac0000 - 0x000007fefeb57000 	C:\Windows\system32\COMDLG32.dll
0x000007fefa870000 - 0x000007fefaa86000 	C:\Windows\WinSxS\amd64_microsoft.windows.gdiplus_6595b64144ccf1df_1.1.7601.17825_none_2b253c8271ec7765\gdiplus.dll
0x000007fef7210000 - 0x000007fef7301000 	C:\Windows\system32\DDRAW.dll
0x000007fef8180000 - 0x000007fef8188000 	C:\Windows\system32\DCIMAN32.dll
0x0000000070cb0000 - 0x0000000070cbb000 	C:\Program Files\Java\jdk1.7.0_09\jre\bin\management.dll
0x0000000074790000 - 0x0000000074828000 	C:\Windows\System32\msvcp100.dll
0x000007fee62c0000 - 0x000007fee652b000 	D:\Downloads\opencv\build\x64\vc10\bin\opencv_core244.dll
0x000007feef5a0000 - 0x000007feef635000 	C:\Users\asus\AppData\Local\Temp\javacpp87673720115739\jniopencv_core.dll
0x000007fee6010000 - 0x000007fee62b5000 	D:\Downloads\opencv\build\x64\vc10\bin\opencv_imgproc244.dll
0x000007fef8130000 - 0x000007fef8179000 	C:\Users\asus\AppData\Local\Temp\javacpp87673720115739\jniopencv_imgproc.dll
0x0000000066840000 - 0x00000000675ca000 	D:\Downloads\opencv\build\x64\vc10\bin\opencv_ffmpeg244_64.dll
0x000007feed770000 - 0x000007feed9c0000 	D:\Downloads\opencv\build\x64\vc10\bin\opencv_highgui244.dll
0x000007fef8390000 - 0x000007fef83af000 	C:\Windows\system32\AVIFIL32.dll
0x000007fefc190000 - 0x000007fefc1a8000 	C:\Windows\system32\MSACM32.dll
0x000007fef82f0000 - 0x000007fef8307000 	C:\Windows\system32\AVICAP32.dll
0x000007fef8250000 - 0x000007fef8263000 	C:\Users\asus\AppData\Local\Temp\javacpp87673720115739\jniopencv_highgui.dll
0x000007fee5f40000 - 0x000007fee600d000 	D:\Downloads\opencv\build\x64\vc10\bin\opencv_objdetect244.dll
0x000007fef7710000 - 0x000007fef7759000 	C:\Users\asus\AppData\Local\Temp\javacpp87673720115739\jniopencv_objdetect.dll

VM Arguments:
jvm_args: -Dfile.encoding=Cp1252 
java_command: ClientMain
Launcher Type: SUN_STANDARD

Environment Variables:
PATH=C:/Program Files (x86)/Java/jdk1.7.0_17/bin/../jre/bin/client;C:/Program Files (x86)/Java/jdk1.7.0_17/bin/../jre/bin;C:/Program Files (x86)/Java/jdk1.7.0_17/bin/../jre/lib/i386;D:\Downloads\opencv\build\x64\vc10\bin;D:\Downloads\opencv\build\common\tbb\intel64\vc10\;C:\Program Files (x86)\Java\jdk1.7.0_17\bin;C:\Program Files (x86)\Intel\iCLS Client\;C:\Program Files\Intel\iCLS Client\;C:\Program Files (x86)\NVIDIA Corporation\PhysX\Common;C:\Program Files\Common Files\Microsoft Shared\Windows Live;C:\Program Files (x86)\Common Files\Microsoft Shared\Windows Live;C:\Windows\system32;C:\Windows;C:\Windows\System32\Wbem;C:\Windows\System32\WindowsPowerShell\v1.0\;C:\Program Files (x86)\Windows Live\Shared;C:\Program Files (x86)\Intel\OpenCL SDK\2.0\bin\x86;C:\Program Files (x86)\Intel\OpenCL SDK\2.0\bin\x64;C:\Program Files\Intel\Intel(R) Management Engine Components\DAL;C:\Program Files\Intel\Intel(R) Management Engine Components\IPT;C:\Program Files (x86)\Intel\Intel(R) Management Engine Components\DAL;C:\Program Files (x86)\Intel\Intel(R) Management Engine Components\IPT;C:\Program Files\Intel\WiFi\bin\;C:\Program Files\Common Files\Intel\WirelessCommon\;C:\Program Files\Diskeeper Corporation\ExpressCache\;C:\Program Files\MiKTeX 2.9\miktex\bin;D:\Downloads\eclipse;
USERNAME=asus
OS=Windows_NT
PROCESSOR_IDENTIFIER=Intel64 Family 6 Model 58 Stepping 9, GenuineIntel



---------------  S Y S T E M  ---------------

OS: Windows 7 , 64 bit Build 7601 Service Pack 1

CPU:total 4 (2 cores per cpu, 2 threads per core) family 6 model 58 stepping 9, cmov, cx8, fxsr, mmx, sse, sse2, sse3, ssse3, sse4.1, sse4.2, popcnt, avx, ht, tsc, tscinvbit, tscinv

Memory: 4k page, physical 4077492k(1419936k free), swap 8153124k(3635688k free)

vm_info: Java HotSpot(TM) 64-Bit Server VM (23.5-b02) for windows-amd64 JRE (1.7.0_09-b05), built on Sep 24 2012 21:45:04 by "java_re" with unknown MS VC++:1600

time: Thu May 02 15:03:48 2013
elapsed time: 8 seconds

