#
# A fatal error has been detected by the Java Runtime Environment:
#
#  EXCEPTION_ACCESS_VIOLATION (0xc0000005) at pc=0x000007fef2b08c77, pid=6216, tid=6472
#
# JRE version: 7.0_09-b05
# Java VM: Java HotSpot(TM) 64-Bit Server VM (23.5-b02 mixed mode windows-amd64 compressed oops)
# Problematic frame:
# C  [opencv_objdetect244.dll+0x28c77]  cvSetImagesForHaarClassifierCascade+0x11f7
#
# Failed to write core dump. Minidumps are not enabled by default on client versions of Windows
#
# If you would like to submit a bug report, please visit:
#   http://bugreport.sun.com/bugreport/crash.jsp
# The crash happened outside the Java Virtual Machine in native code.
# See problematic frame for where to report the bug.
#

---------------  T H R E A D  ---------------

Current thread (0x0000000010e69000):  JavaThread "Thread-10" [_thread_in_native, id=6472, stack(0x00000000110e0000,0x00000000111e0000)]

siginfo: ExceptionCode=0xc0000005, reading address 0x0000000000000004

Registers:
RAX=0x0000000000000000, RBX=0x0000000010ab69a8, RCX=0x0000000010ab69a8, RDX=0xffffffffecf26c92
RSP=0x00000000111de5b0, RBP=0x00000000111de6b0, RSI=0x0000000080000000, RDI=0x000000006cf26c92
R8 =0x0000000000000002, R9 =0x0000000000000000, R10=0x000000007d7f6f6d, R11=0x000000007d997248
R12=0x0000000005f00605, R13=0x000000000805f10a, R14=0x000000000e3322b0, R15=0x0000000010100120
RIP=0x000007fef2b08c77, EFLAGS=0x0000000000010202

Top of Stack: (sp=0x00000000111de5b0)
0x00000000111de5b0:   fffffffffffffffe 0000000000000000
0x00000000111de5c0:   0000000000000096 000000000e3322b0
0x00000000111de5d0:   000007fee8e0d028 000007fee8d85685
0x00000000111de5e0:   0000000000000000 0000000000000000
0x00000000111de5f0:   0000001400000000 0000000000000000
0x00000000111de600:   000000b900000000 0000000000000000
0x00000000111de610:   0000000000001158 00000000000022b0
0x00000000111de620:   0000000010ab69a8 0000000000000280
0x00000000111de630:   0000000000000000 000000000e76fee0
0x00000000111de640:   0000000000000000 00000000000003c0
0x00000000111de650:   0000000010a5b020 000000000e3322b0
0x00000000111de660:   0000000000000000 0000000000000002
0x00000000111de670:   0000000000000000 fffffffffffffffe
0x00000000111de680:   00000000111de6d0 00000000000000c8
0x00000000111de690:   00000000111de810 00000000111de8d0
0x00000000111de6a0:   00000000111de818 00000000111de6d0 

Instructions: (pc=0x000007fef2b08c77)
0x000007fef2b08c57:   89 43 18 4c 8b 45 b8 e9 a1 00 00 00 48 8b 4c 24
0x000007fef2b08c67:   70 48 8d 1c c1 8d 04 37 48 63 d0 48 8b 44 24 38
0x000007fef2b08c77:   48 63 40 04 48 0f af d0 42 8d 04 1e 48 63 c8 48
0x000007fef2b08c87:   8d 04 8a 48 8b 4c 24 38 48 03 41 18 48 89 43 10 


Register to memory mapping:

RAX=0x0000000000000000 is an unknown value
RBX=0x0000000010ab69a8 is an unknown value
RCX=0x0000000010ab69a8 is an unknown value
RDX=0xffffffffecf26c92 is an unknown value
RSP=0x00000000111de5b0 is pointing into the stack for thread: 0x0000000010e69000
RBP=0x00000000111de6b0 is pointing into the stack for thread: 0x0000000010e69000
RSI=0x0000000080000000 is an unknown value
RDI=0x000000006cf26c92 is an unknown value
R8 =0x0000000000000002 is an unknown value
R9 =0x0000000000000000 is an unknown value
R10=0x000000007d7f6f6d is an unknown value
R11=0x000000007d997248 is an unknown value
R12=0x0000000005f00605 is an unknown value
R13=0x000000000805f10a is an unknown value
R14=0x000000000e3322b0 is an unknown value
R15=0x0000000010100120 is an unknown value


Stack: [0x00000000110e0000,0x00000000111e0000],  sp=0x00000000111de5b0,  free space=1017k
Native frames: (J=compiled Java code, j=interpreted, Vv=VM code, C=native code)
C  [opencv_objdetect244.dll+0x28c77]  cvSetImagesForHaarClassifierCascade+0x11f7

Java frames: (J=compiled Java code, j=interpreted, Vv=VM code)
j  com.googlecode.javacv.cpp.opencv_objdetect.cvHaarDetectObjects(Lcom/googlecode/javacv/cpp/opencv_core$CvArr;Lcom/googlecode/javacv/cpp/opencv_objdetect$CvHaarClassifierCascade;Lcom/googlecode/javacv/cpp/opencv_core$CvMemStorage;DIILcom/googlecode/javacv/cpp/opencv_core$CvSize;Lcom/googlecode/javacv/cpp/opencv_core$CvSize;)Lcom/googlecode/javacv/cpp/opencv_core$CvSeq;+0
j  com.googlecode.javacv.cpp.opencv_objdetect.cvHaarDetectObjects(Lcom/googlecode/javacv/cpp/opencv_core$CvArr;Lcom/googlecode/javacv/cpp/opencv_objdetect$CvHaarClassifierCascade;Lcom/googlecode/javacv/cpp/opencv_core$CvMemStorage;DII)Lcom/googlecode/javacv/cpp/opencv_core$CvSeq;+14
j  Capture.run()V+60
j  java.lang.Thread.run()V+11
v  ~StubRoutines::call_stub

---------------  P R O C E S S  ---------------

Java Threads: ( => current thread )
=>0x0000000010e69000 JavaThread "Thread-10" [_thread_in_native, id=6472, stack(0x00000000110e0000,0x00000000111e0000)]
  0x000000000e0b9800 JavaThread "Thread-9" [_thread_in_native, id=8828, stack(0x000000000fc30000,0x000000000fd30000)]
  0x000000000e5ee000 JavaThread "Thread-8" [_thread_blocked, id=6612, stack(0x000000000fa50000,0x000000000fb50000)]
  0x000000000ac06800 JavaThread "Thread-5" [_thread_blocked, id=6436, stack(0x000000000eb40000,0x000000000ec40000)]
  0x000000000acef800 JavaThread "Timer-0" [_thread_blocked, id=3336, stack(0x000000000e930000,0x000000000ea30000)]
  0x000000000ace0000 JavaThread "Image Fetcher 0" daemon [_thread_blocked, id=8684, stack(0x000000000ea40000,0x000000000eb40000)]
  0x000000000aaf6000 JavaThread "TimerQueue" daemon [_thread_blocked, id=1492, stack(0x000000000cfa0000,0x000000000d0a0000)]
  0x000000000042d000 JavaThread "DestroyJavaVM" [_thread_blocked, id=8460, stack(0x0000000002230000,0x0000000002330000)]
  0x000000000a9e9800 JavaThread "AWT-EventQueue-0" [_thread_blocked, id=6140, stack(0x000000000af20000,0x000000000b020000)]
  0x000000000a9bd000 JavaThread "AWT-Windows" daemon [_thread_in_native, id=6312, stack(0x0000000009c60000,0x0000000009d60000)]
  0x000000000a9bc000 JavaThread "AWT-Shutdown" [_thread_blocked, id=6632, stack(0x000000000ad90000,0x000000000ae90000)]
  0x000000000a9bb800 JavaThread "Java2D Disposer" daemon [_thread_blocked, id=8024, stack(0x0000000009ec0000,0x0000000009fc0000)]
  0x0000000008c32000 JavaThread "Service Thread" daemon [_thread_blocked, id=3580, stack(0x000000000a800000,0x000000000a900000)]
  0x0000000008c30800 JavaThread "C2 CompilerThread1" daemon [_thread_in_native, id=4944, stack(0x000000000a6a0000,0x000000000a7a0000)]
  0x0000000008c19000 JavaThread "C2 CompilerThread0" daemon [_thread_in_native, id=6200, stack(0x000000000a560000,0x000000000a660000)]
  0x0000000008c18000 JavaThread "Attach Listener" daemon [_thread_blocked, id=3136, stack(0x000000000a370000,0x000000000a470000)]
  0x0000000008c10800 JavaThread "Signal Dispatcher" daemon [_thread_blocked, id=3480, stack(0x000000000a210000,0x000000000a310000)]
  0x00000000021e6800 JavaThread "Finalizer" daemon [_thread_blocked, id=4784, stack(0x0000000009fe0000,0x000000000a0e0000)]
  0x00000000021df800 JavaThread "Reference Handler" daemon [_thread_blocked, id=3876, stack(0x0000000009da0000,0x0000000009ea0000)]

Other Threads:
  0x0000000008b92000 VMThread [stack: 0x0000000009b50000,0x0000000009c50000] [id=5440]
  0x0000000008c43000 WatcherThread [stack: 0x000000000a110000,0x000000000a210000] [id=6792]

VM state:at safepoint (normal execution)

VM Mutex/Monitor currently owned by a thread:  ([mutex/lock_event])
[0x000000000042b370] Threads_lock - owner thread: 0x0000000008b92000
[0x000000000042b870] Heap_lock - owner thread: 0x000000000a9e9800

Heap
 PSYoungGen      total 18624K, used 18605K [0x00000000eb400000, 0x00000000ec8c0000, 0x0000000100000000)
  eden space 16000K, 100% used [0x00000000eb400000,0x00000000ec3a0000,0x00000000ec3a0000)
  from space 2624K, 99% used [0x00000000ec3a0000,0x00000000ec62b6e0,0x00000000ec630000)
  to   space 2624K, 99% used [0x00000000ec630000,0x00000000ec8b9af0,0x00000000ec8c0000)
 ParOldGen       total 42496K, used 2876K [0x00000000c1c00000, 0x00000000c4580000, 0x00000000eb400000)
  object space 42496K, 6% used [0x00000000c1c00000,0x00000000c1ecf2b8,0x00000000c4580000)
 PSPermGen       total 21248K, used 12502K [0x00000000bca00000, 0x00000000bdec0000, 0x00000000c1c00000)
  object space 21248K, 58% used [0x00000000bca00000,0x00000000bd635ac8,0x00000000bdec0000)

Card table byte_map: [0x00000000054d0000,0x00000000056f0000] byte_map_base: 0x0000000004eeb000

Polling page: 0x0000000000130000

Code Cache  [0x0000000002410000, 0x0000000002680000, 0x0000000005410000)
 total_blobs=583 nmethods=79 adapters=455 free_code_cache=48414Kb largest_free_block=49561856

Compilation events (10 events):
Event: 4.491 Thread 0x0000000008c19000   72             java.awt.image.ComponentColorModel::getBlue (7 bytes)
Event: 4.491 Thread 0x0000000008c30800 nmethod 71 0x00000000024bc610 code [0x00000000024bc7c0, 0x00000000024bca10]
Event: 4.491 Thread 0x0000000008c30800   74             java.lang.Math::round (19 bytes)
Event: 4.493 Thread 0x0000000008c30800 nmethod 74 0x00000000024bc310 code [0x00000000024bc4a0, 0x00000000024bc5b8]
Event: 4.493 Thread 0x0000000008c30800    4 %           sun.awt.image.OffScreenImageSource::sendPixels @ 669 (733 bytes)
Event: 4.494 Thread 0x0000000008c19000 nmethod 72 0x00000000024c8850 code [0x00000000024c8a00, 0x00000000024c8c50]
Event: 4.494 Thread 0x0000000008c19000   75             java.awt.image.AreaAveragingScaleFilter::calcRow (260 bytes)
Event: 4.497 Thread 0x0000000008c30800 nmethod 4% 0x00000000024bd790 code [0x00000000024bd900, 0x00000000024bdbf8]
Event: 4.524 Thread 0x0000000008c19000 nmethod 75 0x00000000024c9110 code [0x00000000024c9400, 0x00000000024ca4f8]
Event: 4.858 Thread 0x0000000008c30800   76             com.googlecode.javacv.cpp.opencv_core$IplImage::flipCopyWithGamma (608 bytes)

GC Heap History (2 events):
Event: 4.366 GC heap before
{Heap before GC invocations=1 (full 0):
 PSYoungGen      total 18624K, used 15809K [0x00000000eb400000, 0x00000000ec8c0000, 0x0000000100000000)
  eden space 16000K, 98% used [0x00000000eb400000,0x00000000ec370730,0x00000000ec3a0000)
  from space 2624K, 0% used [0x00000000ec630000,0x00000000ec630000,0x00000000ec8c0000)
  to   space 2624K, 0% used [0x00000000ec3a0000,0x00000000ec3a0000,0x00000000ec630000)
 ParOldGen       total 42496K, used 0K [0x00000000c1c00000, 0x00000000c4580000, 0x00000000eb400000)
  object space 42496K, 0% used [0x00000000c1c00000,0x00000000c1c00000,0x00000000c4580000)
 PSPermGen       total 21248K, used 12321K [0x00000000bca00000, 0x00000000bdec0000, 0x00000000c1c00000)
  object space 21248K, 57% used [0x00000000bca00000,0x00000000bd6087c8,0x00000000bdec0000)
Event: 4.373 GC heap after
Heap after GC invocations=1 (full 0):
 PSYoungGen      total 18624K, used 2605K [0x00000000eb400000, 0x00000000ec8c0000, 0x0000000100000000)
  eden space 16000K, 0% used [0x00000000eb400000,0x00000000eb400000,0x00000000ec3a0000)
  from space 2624K, 99% used [0x00000000ec3a0000,0x00000000ec62b6e0,0x00000000ec630000)
  to   space 2624K, 0% used [0x00000000ec630000,0x00000000ec630000,0x00000000ec8c0000)
 ParOldGen       total 42496K, used 2379K [0x00000000c1c00000, 0x00000000c4580000, 0x00000000eb400000)
  object space 42496K, 5% used [0x00000000c1c00000,0x00000000c1e52fd8,0x00000000c4580000)
 PSPermGen       total 21248K, used 12321K [0x00000000bca00000, 0x00000000bdec0000, 0x00000000c1c00000)
  object space 21248K, 57% used [0x00000000bca00000,0x00000000bd6087c8,0x00000000bdec0000)
}

Deoptimization events (5 events):
Event: 0.974 Thread 0x000000000a9e9800 Uncommon trap -122 fr.pc 0x000000000248c660
Event: 1.658 Thread 0x000000000a9e9800 Uncommon trap -34 fr.pc 0x0000000002485d0c
Event: 1.658 Thread 0x000000000a9e9800 Uncommon trap -34 fr.pc 0x0000000002485d0c
Event: 2.284 Thread 0x000000000a9e9800 Uncommon trap -34 fr.pc 0x0000000002485d0c
Event: 2.284 Thread 0x000000000a9e9800 Uncommon trap -34 fr.pc 0x0000000002485d0c

Internal exceptions (10 events):
Event: 4.436 Thread 0x000000000ac06800 Threw 0x00000000eb516328 at C:\jdk7u1_64p\jdk7u9\hotspot\src\share\vm\prims\jvm.cpp:1166
Event: 4.437 Thread 0x000000000ac06800 Threw 0x00000000eb51c8c0 at C:\jdk7u1_64p\jdk7u9\hotspot\src\share\vm\prims\jvm.cpp:1166
Event: 4.438 Thread 0x000000000ac06800 Threw 0x00000000eb5222e8 at C:\jdk7u1_64p\jdk7u9\hotspot\src\share\vm\prims\jvm.cpp:1166
Event: 4.439 Thread 0x000000000ac06800 Threw 0x00000000eb526a98 at C:\jdk7u1_64p\jdk7u9\hotspot\src\share\vm\prims\jvm.cpp:1166
Event: 4.471 Thread 0x000000000ac06800 Threw 0x00000000eb5e7cf0 at C:\jdk7u1_64p\jdk7u9\hotspot\src\share\vm\prims\jvm.cpp:1166
Event: 4.473 Thread 0x000000000ac06800 Threw 0x00000000eb664d28 at C:\jdk7u1_64p\jdk7u9\hotspot\src\share\vm\prims\jvm.cpp:1166
Event: 4.473 Thread 0x000000000ac06800 Threw 0x00000000eb66a660 at C:\jdk7u1_64p\jdk7u9\hotspot\src\share\vm\prims\jvm.cpp:1166
Event: 4.474 Thread 0x000000000ac06800 Threw 0x00000000eb66fe98 at C:\jdk7u1_64p\jdk7u9\hotspot\src\share\vm\prims\jvm.cpp:1166
Event: 4.526 Thread 0x000000000ac06800 Threw 0x00000000eb679478 at C:\jdk7u1_64p\jdk7u9\hotspot\src\share\vm\prims\jvm.cpp:1166
Event: 4.701 Thread 0x000000000ac06800 Threw 0x00000000eb67e1c8 at C:\jdk7u1_64p\jdk7u9\hotspot\src\share\vm\prims\jvm.cpp:1166

Events (10 events):
Event: 4.473 loading class 0x000000000e5ed670 done
Event: 4.473 loading class 0x000000000e13ea90
Event: 4.473 loading class 0x000000000e13ea90 done
Event: 4.474 loading class 0x000000000e13eae0
Event: 4.474 loading class 0x000000000e13eae0 done
Event: 4.526 loading class 0x000000000e5ecfb0
Event: 4.526 loading class 0x000000000e5ecfb0 done
Event: 4.701 loading class 0x000000000acda4e0
Event: 4.701 loading class 0x000000000acda4e0 done
Event: 4.702 Thread 0x0000000010e69000 Thread added: 0x0000000010e69000


Dynamic libraries:
0x000000013fc70000 - 0x000000013fca4000 	C:\Program Files\Java\jdk1.7.0_09\bin\javaw.exe
0x0000000077bd0000 - 0x0000000077d79000 	C:\Windows\SYSTEM32\ntdll.dll
0x00000000774f0000 - 0x000000007760f000 	C:\Windows\system32\kernel32.dll
0x000007fefe270000 - 0x000007fefe2db000 	C:\Windows\system32\KERNELBASE.dll
0x000007feffad0000 - 0x000007feffbab000 	C:\Windows\system32\ADVAPI32.dll
0x000007feffe10000 - 0x000007feffeaf000 	C:\Windows\system32\msvcrt.dll
0x000007feffec0000 - 0x000007feffedf000 	C:\Windows\SYSTEM32\sechost.dll
0x000007fefe410000 - 0x000007fefe53d000 	C:\Windows\system32\RPCRT4.dll
0x0000000077ad0000 - 0x0000000077bca000 	C:\Windows\system32\USER32.dll
0x000007feff990000 - 0x000007feff9f7000 	C:\Windows\system32\GDI32.dll
0x000007feffeb0000 - 0x000007feffebe000 	C:\Windows\system32\LPK.dll
0x000007feffa00000 - 0x000007feffac9000 	C:\Windows\system32\USP10.dll
0x000007fefc680000 - 0x000007fefc874000 	C:\Windows\WinSxS\amd64_microsoft.windows.common-controls_6595b64144ccf1df_6.0.7601.17514_none_fa396087175ac9ac\COMCTL32.dll
0x000007fefeb80000 - 0x000007fefebf1000 	C:\Windows\system32\SHLWAPI.dll
0x000007fefe540000 - 0x000007fefe56e000 	C:\Windows\system32\IMM32.DLL
0x000007feffbb0000 - 0x000007feffcb9000 	C:\Windows\system32\MSCTF.dll
0x0000000064fa0000 - 0x0000000065071000 	C:\Program Files\Java\jdk1.7.0_09\jre\bin\msvcr100.dll
0x0000000058070000 - 0x000000005878f000 	C:\Program Files\Java\jdk1.7.0_09\jre\bin\server\jvm.dll
0x000007fef67f0000 - 0x000007fef67f9000 	C:\Windows\system32\WSOCK32.dll
0x000007feffcc0000 - 0x000007feffd0d000 	C:\Windows\system32\WS2_32.dll
0x000007fefe400000 - 0x000007fefe408000 	C:\Windows\system32\NSI.dll
0x000007fefc590000 - 0x000007fefc5cb000 	C:\Windows\system32\WINMM.dll
0x0000000077d90000 - 0x0000000077d97000 	C:\Windows\system32\PSAPI.DLL
0x000000006ea10000 - 0x000000006ea1f000 	C:\Program Files\Java\jdk1.7.0_09\jre\bin\verify.dll
0x0000000065e30000 - 0x0000000065e58000 	C:\Program Files\Java\jdk1.7.0_09\jre\bin\java.dll
0x0000000065de0000 - 0x0000000065df5000 	C:\Program Files\Java\jdk1.7.0_09\jre\bin\zip.dll
0x0000000061590000 - 0x0000000061723000 	C:\Program Files\Java\jdk1.7.0_09\jre\bin\awt.dll
0x000007fefe800000 - 0x000007fefe8d7000 	C:\Windows\system32\OLEAUT32.dll
0x000007fefe570000 - 0x000007fefe773000 	C:\Windows\system32\ole32.dll
0x000007fefc5d0000 - 0x000007fefc626000 	C:\Windows\system32\uxtheme.dll
0x000007fef4290000 - 0x000007fef430f000 	C:\Program Files\Common Files\microsoft shared\ink\tiptsf.dll
0x000007fefd1d0000 - 0x000007fefd1dc000 	C:\Windows\system32\version.dll
0x000007fefaf00000 - 0x000007fefaf18000 	C:\Windows\system32\dwmapi.dll
0x000007fefdf60000 - 0x000007fefdf6f000 	C:\Windows\system32\CRYPTBASE.dll
0x000007fef7ad0000 - 0x000007fef7ad9000 	C:\Program Files\Synergy\synrgyhk.DLL
0x000007fefec00000 - 0x000007feff988000 	C:\Windows\system32\SHELL32.dll
0x0000000065cf0000 - 0x0000000065d24000 	C:\Program Files\Java\jdk1.7.0_09\jre\bin\fontmanager.dll
0x000007feffd10000 - 0x000007feffda9000 	C:\Windows\system32\CLBCatQ.DLL
0x000007fefa280000 - 0x000007fefa3e1000 	C:\Windows\system32\WindowsCodecs.dll
0x000007fefdf00000 - 0x000007fefdf57000 	C:\Windows\system32\apphelp.dll
0x0000000010000000 - 0x000000001003c000 	C:\Program Files (x86)\ASUS\ASUS WebStorage\3.0.108.222\ASUSWSShellExt64.dll
0x000007fef39b0000 - 0x000007fef39db000 	C:\Users\asus\AppData\Roaming\Dropbox\bin\DropboxExt64.19.dll
0x000007fef7fd0000 - 0x000007fef80f5000 	C:\Windows\system32\dbghelp.dll
0x0000000070740000 - 0x0000000070813000 	C:\Windows\WinSxS\amd64_microsoft.vc90.crt_1fc8b3b9a1e18e3b_9.0.30729.6161_none_08e61857a83bc251\MSVCP90.dll
0x0000000072670000 - 0x0000000072713000 	C:\Windows\WinSxS\amd64_microsoft.vc90.crt_1fc8b3b9a1e18e3b_9.0.30729.6161_none_08e61857a83bc251\MSVCR90.dll
0x000007fef1f80000 - 0x000007fef1fb5000 	C:\Windows\system32\EhStorShell.dll
0x000007fefe8e0000 - 0x000007fefeab7000 	C:\Windows\system32\SETUPAPI.dll
0x000007fefe2e0000 - 0x000007fefe316000 	C:\Windows\system32\CFGMGR32.dll
0x000007fefe250000 - 0x000007fefe26a000 	C:\Windows\system32\DEVOBJ.dll
0x000007fefccf0000 - 0x000007fefce1c000 	C:\Windows\system32\PROPSYS.dll
0x000007fef3c60000 - 0x000007fef3ce0000 	C:\Windows\system32\ntshrui.dll
0x000007fefdba0000 - 0x000007fefdbc3000 	C:\Windows\system32\srvcli.dll
0x000007fef7610000 - 0x000007fef761f000 	C:\Windows\system32\cscapi.dll
0x000007fefc360000 - 0x000007fefc36b000 	C:\Windows\system32\slc.dll
0x000007fefaa90000 - 0x000007fefaae4000 	C:\Windows\system32\oleacc.dll
0x0000000065cd0000 - 0x0000000065ce9000 	C:\Program Files\Java\jdk1.7.0_09\jre\bin\net.dll
0x0000000180000000 - 0x0000000180077000 	C:\Windows\system32\ASProxy64.dll
0x000007fefd8a0000 - 0x000007fefd8f5000 	C:\Windows\system32\MSWSOCK.dll
0x000007fefd1f0000 - 0x000007fefd217000 	C:\Windows\system32\IPHLPAPI.DLL
0x000007fefd1e0000 - 0x000007fefd1eb000 	C:\Windows\system32\WINNSI.DLL
0x000007fefded0000 - 0x000007fefdef5000 	C:\Windows\system32\SspiCli.dll
0x000007fefd900000 - 0x000007fefd917000 	C:\Windows\system32\CRYPTSP.dll
0x000007fefd600000 - 0x000007fefd647000 	C:\Windows\system32\rsaenh.dll
0x000007fefe010000 - 0x000007fefe024000 	C:\Windows\system32\RpcRtRemote.dll
0x000007fefdf70000 - 0x000007fefe001000 	C:\Windows\system32\SXS.DLL
0x000007fefd890000 - 0x000007fefd897000 	C:\Windows\System32\wship6.dll
0x0000000064f80000 - 0x0000000064f91000 	C:\Program Files\Java\jdk1.7.0_09\jre\bin\nio.dll
0x0000000064760000 - 0x00000000647a1000 	C:\Program Files\Java\jdk1.7.0_09\jre\bin\t2k.dll
0x000007fef84a0000 - 0x000007fef853c000 	C:\Windows\system32\mscms.dll
0x000007fefd330000 - 0x000007fefd34e000 	C:\Windows\system32\USERENV.dll
0x000007fefe030000 - 0x000007fefe03f000 	C:\Windows\system32\profapi.dll
0x000007fef8450000 - 0x000007fef8492000 	C:\Windows\system32\icm32.dll
0x000007fef83b0000 - 0x000007fef844e000 	C:\Windows\system32\RICHED20.DLL
0x000007fefc160000 - 0x000007fefc17e000 	C:\Users\asus\AppData\Local\Temp\javacpp93509852200517\jnivideoInputLib.dll
0x000007fef4c70000 - 0x000007fef4c86000 	C:\Windows\system32\devenum.dll
0x000007fefcb70000 - 0x000007fefcb9d000 	C:\Windows\system32\ntmarta.dll
0x000007feffdb0000 - 0x000007feffe02000 	C:\Windows\system32\WLDAP32.dll
0x000007fefe3c0000 - 0x000007fefe3f9000 	C:\Windows\system32\WINTRUST.dll
0x000007fefe0e0000 - 0x000007fefe24a000 	C:\Windows\system32\CRYPT32.dll
0x000007fefe0d0000 - 0x000007fefe0df000 	C:\Windows\system32\MSASN1.dll
0x000007fef4c60000 - 0x000007fef4c6d000 	C:\Windows\system32\msdmo.dll
0x000007fef8660000 - 0x000007fef868f000 	C:\Windows\system32\qcap.dll
0x000007fef3570000 - 0x000007fef3722000 	C:\Windows\system32\quartz.dll
0x000007fef8310000 - 0x000007fef8351000 	C:\Windows\system32\ksproxy.ax
0x0000000075460000 - 0x0000000075466000 	C:\Windows\system32\ksuser.dll
0x000007fef7410000 - 0x000007fef760f000 	C:\Windows\system32\d3d9.dll
0x000007fef88d0000 - 0x000007fef88d7000 	C:\Windows\system32\d3d8thk.dll
0x000007fefc150000 - 0x000007fefc15b000 	C:\Windows\system32\vidcap.ax
0x000007fef8d30000 - 0x000007fef8d54000 	C:\Windows\system32\kswdmcap.ax
0x000007fef2cf0000 - 0x000007fef2e4c000 	C:\Windows\system32\MFC42.dll
0x000007fef34b0000 - 0x000007fef3561000 	C:\Windows\system32\ODBC32.dll
0x0000000064720000 - 0x0000000064758000 	C:\Windows\system32\odbcint.dll
0x000007fef2c50000 - 0x000007fef2ceb000 	C:\Windows\System32\qedit.dll
0x000007fef8240000 - 0x000007fef8269000 	C:\Windows\System32\MSVFW32.dll
0x000007fefeac0000 - 0x000007fefeb57000 	C:\Windows\system32\COMDLG32.dll
0x000007fefa870000 - 0x000007fefaa86000 	C:\Windows\WinSxS\amd64_microsoft.windows.gdiplus_6595b64144ccf1df_1.1.7601.17825_none_2b253c8271ec7765\gdiplus.dll
0x000007fef7210000 - 0x000007fef7301000 	C:\Windows\system32\DDRAW.dll
0x000007fef8180000 - 0x000007fef8188000 	C:\Windows\system32\DCIMAN32.dll
0x0000000065cc0000 - 0x0000000065ccb000 	C:\Program Files\Java\jdk1.7.0_09\jre\bin\management.dll
0x0000000074790000 - 0x0000000074828000 	C:\Windows\System32\msvcp100.dll
0x000007fee8c40000 - 0x000007fee8eab000 	D:\Downloads\opencv\build\x64\vc10\bin\opencv_core244.dll
0x000007fef2bb0000 - 0x000007fef2c45000 	C:\Users\asus\AppData\Local\Temp\javacpp93509852200517\jniopencv_core.dll
0x000007fee8990000 - 0x000007fee8c35000 	D:\Downloads\opencv\build\x64\vc10\bin\opencv_imgproc244.dll
0x000007fef8130000 - 0x000007fef8179000 	C:\Users\asus\AppData\Local\Temp\javacpp93509852200517\jniopencv_imgproc.dll
0x0000000066840000 - 0x00000000675ca000 	D:\Downloads\opencv\build\x64\vc10\bin\opencv_ffmpeg244_64.dll
0x000007feed770000 - 0x000007feed9c0000 	D:\Downloads\opencv\build\x64\vc10\bin\opencv_highgui244.dll
0x000007fef8390000 - 0x000007fef83af000 	C:\Windows\system32\AVIFIL32.dll
0x000007fefc190000 - 0x000007fefc1a8000 	C:\Windows\system32\MSACM32.dll
0x000007fef82f0000 - 0x000007fef8307000 	C:\Windows\system32\AVICAP32.dll
0x000007fef7e90000 - 0x000007fef7ea3000 	C:\Users\asus\AppData\Local\Temp\javacpp93509852200517\jniopencv_highgui.dll
0x000007fef2ae0000 - 0x000007fef2bad000 	D:\Downloads\opencv\build\x64\vc10\bin\opencv_objdetect244.dll
0x000007fef7710000 - 0x000007fef7759000 	C:\Users\asus\AppData\Local\Temp\javacpp93509852200517\jniopencv_objdetect.dll

VM Arguments:
jvm_args: -Dfile.encoding=Cp1252 
java_command: ClientMain
Launcher Type: SUN_STANDARD

Environment Variables:
PATH=C:/Program Files (x86)/Java/jdk1.7.0_17/bin/../jre/bin/client;C:/Program Files (x86)/Java/jdk1.7.0_17/bin/../jre/bin;C:/Program Files (x86)/Java/jdk1.7.0_17/bin/../jre/lib/i386;D:\Downloads\opencv\build\x64\vc10\bin;D:\Downloads\opencv\build\common\tbb\intel64\vc10\;C:\Program Files (x86)\Java\jdk1.7.0_17\bin;C:\Program Files (x86)\Intel\iCLS Client\;C:\Program Files\Intel\iCLS Client\;C:\Program Files (x86)\NVIDIA Corporation\PhysX\Common;C:\Program Files\Common Files\Microsoft Shared\Windows Live;C:\Program Files (x86)\Common Files\Microsoft Shared\Windows Live;C:\Windows\system32;C:\Windows;C:\Windows\System32\Wbem;C:\Windows\System32\WindowsPowerShell\v1.0\;C:\Program Files (x86)\Windows Live\Shared;C:\Program Files (x86)\Intel\OpenCL SDK\2.0\bin\x86;C:\Program Files (x86)\Intel\OpenCL SDK\2.0\bin\x64;C:\Program Files\Intel\Intel(R) Management Engine Components\DAL;C:\Program Files\Intel\Intel(R) Management Engine Components\IPT;C:\Program Files (x86)\Intel\Intel(R) Management Engine Components\DAL;C:\Program Files (x86)\Intel\Intel(R) Management Engine Components\IPT;C:\Program Files\Intel\WiFi\bin\;C:\Program Files\Common Files\Intel\WirelessCommon\;C:\Program Files\Diskeeper Corporation\ExpressCache\;C:\Program Files\MiKTeX 2.9\miktex\bin;D:\Downloads\eclipse;
USERNAME=asus
OS=Windows_NT
PROCESSOR_IDENTIFIER=Intel64 Family 6 Model 58 Stepping 9, GenuineIntel



---------------  S Y S T E M  ---------------

OS: Windows 7 , 64 bit Build 7601 Service Pack 1

CPU:total 4 (2 cores per cpu, 2 threads per core) family 6 model 58 stepping 9, cmov, cx8, fxsr, mmx, sse, sse2, sse3, ssse3, sse4.1, sse4.2, popcnt, avx, ht, tsc, tscinvbit, tscinv

Memory: 4k page, physical 4077492k(1932852k free), swap 8153124k(4558876k free)

vm_info: Java HotSpot(TM) 64-Bit Server VM (23.5-b02) for windows-amd64 JRE (1.7.0_09-b05), built on Sep 24 2012 21:45:04 by "java_re" with unknown MS VC++:1600

time: Thu May 02 16:41:05 2013
elapsed time: 4 seconds

