#
# A fatal error has been detected by the Java Runtime Environment:
#
#  EXCEPTION_ACCESS_VIOLATION (0xc0000005) at pc=0x0000000065e2c1ee, pid=1232, tid=8884
#
# JRE version: 7.0_09-b05
# Java VM: Java HotSpot(TM) 64-Bit Server VM (23.5-b02 mixed mode windows-amd64 compressed oops)
# Problematic frame:
# C  [msvcr100.dll+0x3c1ee]  memcpy+0x25e
#
# Failed to write core dump. Minidumps are not enabled by default on client versions of Windows
#
# If you would like to submit a bug report, please visit:
#   http://bugreport.sun.com/bugreport/crash.jsp
# The crash happened outside the Java Virtual Machine in native code.
# See problematic frame for where to report the bug.
#

---------------  T H R E A D  ---------------

Current thread (0x000000000a7a7800):  JavaThread "Thread-8" [_thread_in_native, id=8884, stack(0x000000000e670000,0x000000000e770000)]

siginfo: ExceptionCode=0xc0000005, writing address 0x000000000e48f758

Registers:
RAX=0x333f3837433c4447, RBX=0x000000000e48efe0, RCX=0x000000000e48f740, RDX=0xffffffffffffc710
RSP=0x000000000e76efe8, RBP=0x00000000000001e0, RSI=0x0000000000000780, RDI=0x000000000e48b6f0
R8 =0x0000000000000780, R9 =0x000000000000003c, R10=0x3d494c42584d405e, R11=0x000000000e48efe0
R12=0xfffffffffffff880, R13=0x000000000e48efe0, R14=0x000000000e76f1a0, R15=0x000000000a7a7800
RIP=0x0000000065e2c1ee, EFLAGS=0x0000000000010202

Top of Stack: (sp=0x000000000e76efe8)
0x000000000e76efe8:   000007fefc15393e 0000000000000000
0x000000000e76eff8:   00000000648c03fd 0000000000000000
0x000000000e76f008:   000000000a7a79d8 000000000a7a79d8
0x000000000e76f018:   000007fefc15259a 000000000e76f100
0x000000000e76f028:   0000000000000000 0000000000000000
0x000000000e76f038:   000000000df3d020 000000000a7a7800
0x000000000e76f048:   00000000020cd101 0000000000000000
0x000000000e76f058:   000000000e76f190 000000000a7a79d8
0x000000000e76f068:   000007fefc15a199 000000000e48efe0
0x000000000e76f078:   0000000000000000 000000000e76f160
0x000000000e76f088:   000000000df3d020 000000000de4ca01
0x000000000e76f098:   0000000000000000 0000000000000000
0x000000000e76f0a8:   fffffffffffffffe 00000000bd40d6b0
0x000000000e76f0b8:   0000000000000000 0000000002406374
0x000000000e76f0c8:   00000000024123a8 000000000a7a79d8
0x000000000e76f0d8:   00000000bd40d6b0 00000000bcb06b20 

Instructions: (pc=0x0000000065e2c1ee)
0x0000000065e2c1ce:   00 00 66 66 66 90 66 66 90 49 81 f9 00 20 00 00
0x0000000065e2c1de:   73 42 48 8b 44 0a f8 4c 8b 54 0a f0 48 83 e9 20
0x0000000065e2c1ee:   48 89 41 18 4c 89 51 10 48 8b 44 0a 08 4c 8b 14
0x0000000065e2c1fe:   0a 49 ff c9 48 89 41 08 4c 89 11 75 d5 49 83 e0 


Register to memory mapping:

RAX=0x333f3837433c4447 is an unknown value
RBX=0x000000000e48efe0 is an unknown value
RCX=0x000000000e48f740 is an unknown value
RDX=0xffffffffffffc710 is an unknown value
RSP=0x000000000e76efe8 is pointing into the stack for thread: 0x000000000a7a7800
RBP=0x00000000000001e0 is an unknown value
RSI=0x0000000000000780 is an unknown value
RDI=0x000000000e48b6f0 is an unknown value
R8 =0x0000000000000780 is an unknown value
R9 =0x000000000000003c is an unknown value
R10=0x3d494c42584d405e is an unknown value
R11=0x000000000e48efe0 is an unknown value
R12=0xfffffffffffff880 is an unknown value
R13=0x000000000e48efe0 is an unknown value
R14=0x000000000e76f1a0 is pointing into the stack for thread: 0x000000000a7a7800
R15=0x000000000a7a7800 is a thread


Stack: [0x000000000e670000,0x000000000e770000],  sp=0x000000000e76efe8,  free space=1019k
Native frames: (J=compiled Java code, j=interpreted, Vv=VM code, C=native code)
C  [msvcr100.dll+0x3c1ee]  memcpy+0x25e

[error occurred during error reporting (printing native stack), id 0xc0000005]

Java frames: (J=compiled Java code, j=interpreted, Vv=VM code)
j  com.googlecode.javacv.cpp.videoInputLib$videoInput.getPixels(ILcom/googlecode/javacpp/BytePointer;ZZ)Z+0
j  com.googlecode.javacv.VideoInputFrameGrabber.grab()Lcom/googlecode/javacv/cpp/opencv_core$IplImage;+107
j  LiveImage.run()V+5
j  java.lang.Thread.run()V+11
v  ~StubRoutines::call_stub

---------------  P R O C E S S  ---------------

Java Threads: ( => current thread )
  0x000000000a8ae000 JavaThread "Thread-9" [_thread_in_native, id=3368, stack(0x000000000fb20000,0x000000000fc20000)]
=>0x000000000a7a7800 JavaThread "Thread-8" [_thread_in_native, id=8884, stack(0x000000000e670000,0x000000000e770000)]
  0x000000000a7d8000 JavaThread "Thread-5" [_thread_blocked, id=6468, stack(0x000000000ea80000,0x000000000eb80000)]
  0x000000000a7bd000 JavaThread "Timer-0" [_thread_blocked, id=9060, stack(0x000000000d6c0000,0x000000000d7c0000)]
  0x000000000a7a8800 JavaThread "Image Fetcher 0" daemon [_thread_blocked, id=2176, stack(0x000000000e890000,0x000000000e990000)]
  0x000000000a6a7000 JavaThread "TimerQueue" daemon [_thread_blocked, id=4036, stack(0x000000000cd30000,0x000000000ce30000)]
  0x000000000047d000 JavaThread "DestroyJavaVM" [_thread_blocked, id=768, stack(0x0000000002300000,0x0000000002400000)]
  0x000000000a59b000 JavaThread "AWT-EventQueue-0" [_thread_blocked, id=8700, stack(0x000000000b1d0000,0x000000000b2d0000)]
  0x000000000a576000 JavaThread "AWT-Windows" daemon [_thread_in_native, id=7320, stack(0x000000000ae00000,0x000000000af00000)]
  0x000000000a4f3000 JavaThread "AWT-Shutdown" [_thread_blocked, id=4636, stack(0x000000000ac60000,0x000000000ad60000)]
  0x000000000a575000 JavaThread "Java2D Disposer" daemon [_thread_blocked, id=6744, stack(0x000000000a970000,0x000000000aa70000)]
  0x0000000008acf000 JavaThread "Service Thread" daemon [_thread_blocked, id=6248, stack(0x000000000a0a0000,0x000000000a1a0000)]
  0x0000000008acd800 JavaThread "C2 CompilerThread1" daemon [_thread_blocked, id=6552, stack(0x0000000009d10000,0x0000000009e10000)]
  0x0000000008acc000 JavaThread "C2 CompilerThread0" daemon [_thread_blocked, id=7568, stack(0x0000000009930000,0x0000000009a30000)]
  0x0000000008acb000 JavaThread "Attach Listener" daemon [_thread_blocked, id=6200, stack(0x000000000a1f0000,0x000000000a2f0000)]
  0x0000000008ac4000 JavaThread "Signal Dispatcher" daemon [_thread_blocked, id=7924, stack(0x0000000009f90000,0x000000000a090000)]
  0x0000000002189800 JavaThread "Finalizer" daemon [_thread_blocked, id=1304, stack(0x0000000009e10000,0x0000000009f10000)]
  0x0000000002183000 JavaThread "Reference Handler" daemon [_thread_blocked, id=8956, stack(0x0000000009c00000,0x0000000009d00000)]

Other Threads:
  0x0000000008a41800 VMThread [stack: 0x0000000009a50000,0x0000000009b50000] [id=4640]
  0x0000000008ae8000 WatcherThread [stack: 0x000000000a3c0000,0x000000000a4c0000] [id=9140]

VM state:not at safepoint (normal execution)

VM Mutex/Monitor currently owned by a thread: None

Heap
 PSYoungGen      total 18624K, used 4523K [0x00000000eb400000, 0x00000000ec8c0000, 0x0000000100000000)
  eden space 16000K, 11% used [0x00000000eb400000,0x00000000eb5dd150,0x00000000ec3a0000)
  from space 2624K, 99% used [0x00000000ec630000,0x00000000ec8bdae0,0x00000000ec8c0000)
  to   space 2624K, 0% used [0x00000000ec3a0000,0x00000000ec3a0000,0x00000000ec630000)
 ParOldGen       total 42496K, used 3555K [0x00000000c1c00000, 0x00000000c4580000, 0x00000000eb400000)
  object space 42496K, 8% used [0x00000000c1c00000,0x00000000c1f78e48,0x00000000c4580000)
 PSPermGen       total 21248K, used 12527K [0x00000000bca00000, 0x00000000bdec0000, 0x00000000c1c00000)
  object space 21248K, 58% used [0x00000000bca00000,0x00000000bd63bc78,0x00000000bdec0000)

Card table byte_map: [0x0000000005400000,0x0000000005620000] byte_map_base: 0x0000000004e1b000

Polling page: 0x0000000000420000

Code Cache  [0x0000000002400000, 0x0000000002670000, 0x0000000005400000)
 total_blobs=592 nmethods=88 adapters=455 free_code_cache=48376Kb largest_free_block=49514624

Compilation events (10 events):
Event: 3.955 Thread 0x0000000008acd800    5 %           java.awt.image.AreaAveragingScaleFilter::calcRow @ 52 (260 bytes)
Event: 3.980 Thread 0x0000000008acd800 nmethod 5% 0x00000000024b9f10 code [0x00000000024ba240, 0x00000000024bb278]
Event: 4.149 Thread 0x0000000008acc000   80             java.util.concurrent.locks.AbstractOwnableSynchronizer::setExclusiveOwnerThread (6 bytes)
Event: 4.150 Thread 0x0000000008acc000 nmethod 80 0x00000000024bd710 code [0x00000000024bd840, 0x00000000024bd898]
Event: 4.339 Thread 0x0000000008acd800   81             com.googlecode.javacv.cpp.opencv_core$IplImage::flipCopyWithGamma (608 bytes)
Event: 4.343 Thread 0x0000000008acc000   82             sun.awt.image.OffScreenImageSource::sendPixels (733 bytes)
Event: 4.364 Thread 0x0000000008acc000 nmethod 82 0x00000000024c32d0 code [0x00000000024c34e0, 0x00000000024c4180]
Event: 4.378 Thread 0x0000000008acd800 nmethod 81 0x00000000024c4b90 code [0x00000000024c4e40, 0x00000000024c6b20]
Event: 4.406 Thread 0x0000000008acc000   83             sun.java2d.pipe.RegionClipSpanIterator::nextSpan (670 bytes)
Event: 4.419 Thread 0x0000000008acc000 nmethod 83 0x00000000024be850 code [0x00000000024bea40, 0x00000000024bf2e0]

GC Heap History (4 events):
Event: 3.872 GC heap before
{Heap before GC invocations=1 (full 0):
 PSYoungGen      total 18624K, used 15822K [0x00000000eb400000, 0x00000000ec8c0000, 0x0000000100000000)
  eden space 16000K, 98% used [0x00000000eb400000,0x00000000ec373be8,0x00000000ec3a0000)
  from space 2624K, 0% used [0x00000000ec630000,0x00000000ec630000,0x00000000ec8c0000)
  to   space 2624K, 0% used [0x00000000ec3a0000,0x00000000ec3a0000,0x00000000ec630000)
 ParOldGen       total 42496K, used 0K [0x00000000c1c00000, 0x00000000c4580000, 0x00000000eb400000)
  object space 42496K, 0% used [0x00000000c1c00000,0x00000000c1c00000,0x00000000c4580000)
 PSPermGen       total 21248K, used 12131K [0x00000000bca00000, 0x00000000bdec0000, 0x00000000c1c00000)
  object space 21248K, 57% used [0x00000000bca00000,0x00000000bd5d8cb8,0x00000000bdec0000)
Event: 3.882 GC heap after
Heap after GC invocations=1 (full 0):
 PSYoungGen      total 18624K, used 2614K [0x00000000eb400000, 0x00000000ec8c0000, 0x0000000100000000)
  eden space 16000K, 0% used [0x00000000eb400000,0x00000000eb400000,0x00000000ec3a0000)
  from space 2624K, 99% used [0x00000000ec3a0000,0x00000000ec62dae0,0x00000000ec630000)
  to   space 2624K, 0% used [0x00000000ec630000,0x00000000ec630000,0x00000000ec8c0000)
 ParOldGen       total 42496K, used 3318K [0x00000000c1c00000, 0x00000000c4580000, 0x00000000eb400000)
  object space 42496K, 7% used [0x00000000c1c00000,0x00000000c1f3d988,0x00000000c4580000)
 PSPermGen       total 21248K, used 12131K [0x00000000bca00000, 0x00000000bdec0000, 0x00000000c1c00000)
  object space 21248K, 57% used [0x00000000bca00000,0x00000000bd5d8cb8,0x00000000bdec0000)
}
Event: 4.392 GC heap before
{Heap before GC invocations=2 (full 0):
 PSYoungGen      total 18624K, used 18614K [0x00000000eb400000, 0x00000000ec8c0000, 0x0000000100000000)
  eden space 16000K, 100% used [0x00000000eb400000,0x00000000ec3a0000,0x00000000ec3a0000)
  from space 2624K, 99% used [0x00000000ec3a0000,0x00000000ec62dae0,0x00000000ec630000)
  to   space 2624K, 0% used [0x00000000ec630000,0x00000000ec630000,0x00000000ec8c0000)
 ParOldGen       total 42496K, used 3318K [0x00000000c1c00000, 0x00000000c4580000, 0x00000000eb400000)
  object space 42496K, 7% used [0x00000000c1c00000,0x00000000c1f3d988,0x00000000c4580000)
 PSPermGen       total 21248K, used 12527K [0x00000000bca00000, 0x00000000bdec0000, 0x00000000c1c00000)
  object space 21248K, 58% used [0x00000000bca00000,0x00000000bd63bc78,0x00000000bdec0000)
Event: 4.394 GC heap after
Heap after GC invocations=2 (full 0):
 PSYoungGen      total 18624K, used 2614K [0x00000000eb400000, 0x00000000ec8c0000, 0x0000000100000000)
  eden space 16000K, 0% used [0x00000000eb400000,0x00000000eb400000,0x00000000ec3a0000)
  from space 2624K, 99% used [0x00000000ec630000,0x00000000ec8bdae0,0x00000000ec8c0000)
  to   space 2624K, 0% used [0x00000000ec3a0000,0x00000000ec3a0000,0x00000000ec630000)
 ParOldGen       total 42496K, used 3555K [0x00000000c1c00000, 0x00000000c4580000, 0x00000000eb400000)
  object space 42496K, 8% used [0x00000000c1c00000,0x00000000c1f78e48,0x00000000c4580000)
 PSPermGen       total 21248K, used 12527K [0x00000000bca00000, 0x00000000bdec0000, 0x00000000c1c00000)
  object space 21248K, 58% used [0x00000000bca00000,0x00000000bd63bc78,0x00000000bdec0000)
}

Deoptimization events (5 events):
Event: 1.010 Thread 0x000000000a59b000 Uncommon trap -122 fr.pc 0x000000000247bda0
Event: 1.992 Thread 0x000000000a59b000 Uncommon trap -34 fr.pc 0x0000000002475d0c
Event: 1.992 Thread 0x000000000a59b000 Uncommon trap -34 fr.pc 0x0000000002475d0c
Event: 2.423 Thread 0x000000000a59b000 Uncommon trap -34 fr.pc 0x0000000002475d0c
Event: 2.423 Thread 0x000000000a59b000 Uncommon trap -34 fr.pc 0x0000000002475d0c

Internal exceptions (10 events):
Event: 3.899 Thread 0x000000000a7d8000 Threw 0x00000000eb4bd788 at C:\jdk7u1_64p\jdk7u9\hotspot\src\share\vm\prims\jvm.cpp:1166
Event: 3.899 Thread 0x000000000a7d8000 Threw 0x00000000eb4c2988 at C:\jdk7u1_64p\jdk7u9\hotspot\src\share\vm\prims\jvm.cpp:1166
Event: 3.900 Thread 0x000000000a7d8000 Threw 0x00000000eb4c8f20 at C:\jdk7u1_64p\jdk7u9\hotspot\src\share\vm\prims\jvm.cpp:1166
Event: 3.901 Thread 0x000000000a7d8000 Threw 0x00000000eb4ce948 at C:\jdk7u1_64p\jdk7u9\hotspot\src\share\vm\prims\jvm.cpp:1166
Event: 3.902 Thread 0x000000000a7d8000 Threw 0x00000000eb503770 at C:\jdk7u1_64p\jdk7u9\hotspot\src\share\vm\prims\jvm.cpp:1166
Event: 3.974 Thread 0x000000000a7d8000 Threw 0x00000000eba07c90 at C:\jdk7u1_64p\jdk7u9\hotspot\src\share\vm\prims\jvm.cpp:1166
Event: 3.975 Thread 0x000000000a7d8000 Threw 0x00000000ebbd6420 at C:\jdk7u1_64p\jdk7u9\hotspot\src\share\vm\prims\jvm.cpp:1166
Event: 3.976 Thread 0x000000000a7d8000 Threw 0x00000000ebbdbd58 at C:\jdk7u1_64p\jdk7u9\hotspot\src\share\vm\prims\jvm.cpp:1166
Event: 3.977 Thread 0x000000000a7d8000 Threw 0x00000000ebbe1590 at C:\jdk7u1_64p\jdk7u9\hotspot\src\share\vm\prims\jvm.cpp:1166
Event: 4.017 Thread 0x000000000a7d8000 Threw 0x00000000ebbeaac0 at C:\jdk7u1_64p\jdk7u9\hotspot\src\share\vm\prims\jvm.cpp:1166

Events (10 events):
Event: 4.146 loading class 0x000000000df99d60
Event: 4.147 loading class 0x000000000df99d60 done
Event: 4.147 loading class 0x000000000de34a90
Event: 4.147 loading class 0x000000000de34a90 done
Event: 4.147 loading class 0x000000000df98e50
Event: 4.147 loading class 0x000000000a878c10
Event: 4.147 loading class 0x000000000a878c10 done
Event: 4.147 loading class 0x000000000df98e50 done
Event: 4.392 Executing VM operation: ParallelGCFailedAllocation
Event: 4.394 Executing VM operation: ParallelGCFailedAllocation done


Dynamic libraries:
0x000000013ff80000 - 0x000000013ffb4000 	C:\Program Files\Java\jdk1.7.0_09\bin\javaw.exe
0x0000000077bd0000 - 0x0000000077d79000 	C:\Windows\SYSTEM32\ntdll.dll
0x00000000774f0000 - 0x000000007760f000 	C:\Windows\system32\kernel32.dll
0x000007fefe270000 - 0x000007fefe2db000 	C:\Windows\system32\KERNELBASE.dll
0x000007feffad0000 - 0x000007feffbab000 	C:\Windows\system32\ADVAPI32.dll
0x000007feffe10000 - 0x000007feffeaf000 	C:\Windows\system32\msvcrt.dll
0x000007feffec0000 - 0x000007feffedf000 	C:\Windows\SYSTEM32\sechost.dll
0x000007fefe410000 - 0x000007fefe53d000 	C:\Windows\system32\RPCRT4.dll
0x0000000077ad0000 - 0x0000000077bca000 	C:\Windows\system32\USER32.dll
0x000007feff990000 - 0x000007feff9f7000 	C:\Windows\system32\GDI32.dll
0x000007feffeb0000 - 0x000007feffebe000 	C:\Windows\system32\LPK.dll
0x000007feffa00000 - 0x000007feffac9000 	C:\Windows\system32\USP10.dll
0x000007fefc680000 - 0x000007fefc874000 	C:\Windows\WinSxS\amd64_microsoft.windows.common-controls_6595b64144ccf1df_6.0.7601.17514_none_fa396087175ac9ac\COMCTL32.dll
0x000007fefeb80000 - 0x000007fefebf1000 	C:\Windows\system32\SHLWAPI.dll
0x000007fefe540000 - 0x000007fefe56e000 	C:\Windows\system32\IMM32.DLL
0x000007feffbb0000 - 0x000007feffcb9000 	C:\Windows\system32\MSCTF.dll
0x0000000065df0000 - 0x0000000065ec1000 	C:\Program Files\Java\jdk1.7.0_09\jre\bin\msvcr100.dll
0x0000000064710000 - 0x0000000064e2f000 	C:\Program Files\Java\jdk1.7.0_09\jre\bin\server\jvm.dll
0x000007fef67f0000 - 0x000007fef67f9000 	C:\Windows\system32\WSOCK32.dll
0x000007feffcc0000 - 0x000007feffd0d000 	C:\Windows\system32\WS2_32.dll
0x000007fefe400000 - 0x000007fefe408000 	C:\Windows\system32\NSI.dll
0x000007fefc590000 - 0x000007fefc5cb000 	C:\Windows\system32\WINMM.dll
0x0000000077d90000 - 0x0000000077d97000 	C:\Windows\system32\PSAPI.DLL
0x0000000071850000 - 0x000000007185f000 	C:\Program Files\Java\jdk1.7.0_09\jre\bin\verify.dll
0x0000000065d00000 - 0x0000000065d28000 	C:\Program Files\Java\jdk1.7.0_09\jre\bin\java.dll
0x0000000065ce0000 - 0x0000000065cf5000 	C:\Program Files\Java\jdk1.7.0_09\jre\bin\zip.dll
0x00000000612a0000 - 0x0000000061433000 	C:\Program Files\Java\jdk1.7.0_09\jre\bin\awt.dll
0x000007fefe800000 - 0x000007fefe8d7000 	C:\Windows\system32\OLEAUT32.dll
0x000007fefe570000 - 0x000007fefe773000 	C:\Windows\system32\ole32.dll
0x000007fefc5d0000 - 0x000007fefc626000 	C:\Windows\system32\uxtheme.dll
0x000007fef4290000 - 0x000007fef430f000 	C:\Program Files\Common Files\microsoft shared\ink\tiptsf.dll
0x000007fefd1d0000 - 0x000007fefd1dc000 	C:\Windows\system32\version.dll
0x000007fefaf00000 - 0x000007fefaf18000 	C:\Windows\system32\dwmapi.dll
0x000007fefdf60000 - 0x000007fefdf6f000 	C:\Windows\system32\CRYPTBASE.dll
0x000007fef7ad0000 - 0x000007fef7ad9000 	C:\Program Files\Synergy\synrgyhk.DLL
0x000007fefec00000 - 0x000007feff988000 	C:\Windows\system32\SHELL32.dll
0x00000000646d0000 - 0x0000000064704000 	C:\Program Files\Java\jdk1.7.0_09\jre\bin\fontmanager.dll
0x000007feffd10000 - 0x000007feffda9000 	C:\Windows\system32\CLBCatQ.DLL
0x000007fefa280000 - 0x000007fefa3e1000 	C:\Windows\system32\WindowsCodecs.dll
0x000007fefdf00000 - 0x000007fefdf57000 	C:\Windows\system32\apphelp.dll
0x0000000010000000 - 0x000000001003c000 	C:\Program Files (x86)\ASUS\ASUS WebStorage\3.0.108.222\ASUSWSShellExt64.dll
0x000007fef39b0000 - 0x000007fef39db000 	C:\Users\asus\AppData\Roaming\Dropbox\bin\DropboxExt64.19.dll
0x000007fef7fd0000 - 0x000007fef80f5000 	C:\Windows\system32\dbghelp.dll
0x0000000070740000 - 0x0000000070813000 	C:\Windows\WinSxS\amd64_microsoft.vc90.crt_1fc8b3b9a1e18e3b_9.0.30729.6161_none_08e61857a83bc251\MSVCP90.dll
0x0000000072670000 - 0x0000000072713000 	C:\Windows\WinSxS\amd64_microsoft.vc90.crt_1fc8b3b9a1e18e3b_9.0.30729.6161_none_08e61857a83bc251\MSVCR90.dll
0x000007fef1f80000 - 0x000007fef1fb5000 	C:\Windows\system32\EhStorShell.dll
0x000007fefe8e0000 - 0x000007fefeab7000 	C:\Windows\system32\SETUPAPI.dll
0x000007fefe2e0000 - 0x000007fefe316000 	C:\Windows\system32\CFGMGR32.dll
0x000007fefe250000 - 0x000007fefe26a000 	C:\Windows\system32\DEVOBJ.dll
0x000007fefccf0000 - 0x000007fefce1c000 	C:\Windows\system32\PROPSYS.dll
0x000007fef3c60000 - 0x000007fef3ce0000 	C:\Windows\system32\ntshrui.dll
0x000007fefdba0000 - 0x000007fefdbc3000 	C:\Windows\system32\srvcli.dll
0x000007fef7610000 - 0x000007fef761f000 	C:\Windows\system32\cscapi.dll
0x000007fefc360000 - 0x000007fefc36b000 	C:\Windows\system32\slc.dll
0x000007fefaa90000 - 0x000007fefaae4000 	C:\Windows\system32\oleacc.dll
0x0000000065cc0000 - 0x0000000065cd9000 	C:\Program Files\Java\jdk1.7.0_09\jre\bin\net.dll
0x0000000180000000 - 0x0000000180077000 	C:\Windows\system32\ASProxy64.dll
0x000007fefd8a0000 - 0x000007fefd8f5000 	C:\Windows\system32\MSWSOCK.dll
0x000007fefd1f0000 - 0x000007fefd217000 	C:\Windows\system32\IPHLPAPI.DLL
0x000007fefd1e0000 - 0x000007fefd1eb000 	C:\Windows\system32\WINNSI.DLL
0x000007fefded0000 - 0x000007fefdef5000 	C:\Windows\system32\SspiCli.dll
0x000007fefd900000 - 0x000007fefd917000 	C:\Windows\system32\CRYPTSP.dll
0x000007fefd600000 - 0x000007fefd647000 	C:\Windows\system32\rsaenh.dll
0x000007fefe010000 - 0x000007fefe024000 	C:\Windows\system32\RpcRtRemote.dll
0x000007fefdf70000 - 0x000007fefe001000 	C:\Windows\system32\SXS.DLL
0x000007fefd890000 - 0x000007fefd897000 	C:\Windows\System32\wship6.dll
0x0000000064fc0000 - 0x0000000064fd1000 	C:\Program Files\Java\jdk1.7.0_09\jre\bin\nio.dll
0x0000000064680000 - 0x00000000646c1000 	C:\Program Files\Java\jdk1.7.0_09\jre\bin\t2k.dll
0x000007fef8420000 - 0x000007fef84bc000 	C:\Windows\system32\mscms.dll
0x000007fefd330000 - 0x000007fefd34e000 	C:\Windows\system32\USERENV.dll
0x000007fefe030000 - 0x000007fefe03f000 	C:\Windows\system32\profapi.dll
0x000007fef83d0000 - 0x000007fef8412000 	C:\Windows\system32\icm32.dll
0x000007fef3490000 - 0x000007fef352e000 	C:\Windows\system32\RICHED20.DLL
0x000007fefc150000 - 0x000007fefc16e000 	C:\Users\asus\AppData\Local\Temp\javacpp89209827656214\jnivideoInputLib.dll
0x000007fef4c70000 - 0x000007fef4c86000 	C:\Windows\system32\devenum.dll
0x000007fefcb70000 - 0x000007fefcb9d000 	C:\Windows\system32\ntmarta.dll
0x000007feffdb0000 - 0x000007feffe02000 	C:\Windows\system32\WLDAP32.dll
0x000007fefe3c0000 - 0x000007fefe3f9000 	C:\Windows\system32\WINTRUST.dll
0x000007fefe0e0000 - 0x000007fefe24a000 	C:\Windows\system32\CRYPT32.dll
0x000007fefe0d0000 - 0x000007fefe0df000 	C:\Windows\system32\MSASN1.dll
0x000007fef4c60000 - 0x000007fef4c6d000 	C:\Windows\system32\msdmo.dll
0x000007fef8660000 - 0x000007fef868f000 	C:\Windows\system32\qcap.dll
0x000007fef2a80000 - 0x000007fef2c32000 	C:\Windows\system32\quartz.dll
0x000007fef8310000 - 0x000007fef8351000 	C:\Windows\system32\ksproxy.ax
0x0000000075460000 - 0x0000000075466000 	C:\Windows\system32\ksuser.dll
0x000007fef7410000 - 0x000007fef760f000 	C:\Windows\system32\d3d9.dll
0x000007fef88d0000 - 0x000007fef88d7000 	C:\Windows\system32\d3d8thk.dll
0x000007fefbf60000 - 0x000007fefbf6b000 	C:\Windows\system32\vidcap.ax
0x000007fef8d30000 - 0x000007fef8d54000 	C:\Windows\system32\kswdmcap.ax
0x000007fef37e0000 - 0x000007fef393c000 	C:\Windows\system32\MFC42.dll
0x000007fef3560000 - 0x000007fef3611000 	C:\Windows\system32\ODBC32.dll
0x00000000642e0000 - 0x0000000064318000 	C:\Windows\system32\odbcint.dll
0x000007fef23d0000 - 0x000007fef246b000 	C:\Windows\System32\qedit.dll
0x000007fef83a0000 - 0x000007fef83c9000 	C:\Windows\System32\MSVFW32.dll
0x000007fefeac0000 - 0x000007fefeb57000 	C:\Windows\system32\COMDLG32.dll
0x000007fefa870000 - 0x000007fefaa86000 	C:\Windows\WinSxS\amd64_microsoft.windows.gdiplus_6595b64144ccf1df_1.1.7601.17825_none_2b253c8271ec7765\gdiplus.dll
0x000007fef7210000 - 0x000007fef7301000 	C:\Windows\system32\DDRAW.dll
0x000007fef8180000 - 0x000007fef8188000 	C:\Windows\system32\DCIMAN32.dll
0x0000000074790000 - 0x0000000074828000 	C:\Windows\System32\msvcp100.dll
0x000007fee8c40000 - 0x000007fee8eab000 	D:\Downloads\opencv\build\x64\vc10\bin\opencv_core244.dll
0x000007feef5a0000 - 0x000007feef635000 	C:\Users\asus\AppData\Local\Temp\javacpp89209827656214\jniopencv_core.dll
0x000007fee8990000 - 0x000007fee8c35000 	D:\Downloads\opencv\build\x64\vc10\bin\opencv_imgproc244.dll
0x000007fef8130000 - 0x000007fef8179000 	C:\Users\asus\AppData\Local\Temp\javacpp89209827656214\jniopencv_imgproc.dll
0x0000000066840000 - 0x00000000675ca000 	D:\Downloads\opencv\build\x64\vc10\bin\opencv_ffmpeg244_64.dll
0x000007feed770000 - 0x000007feed9c0000 	D:\Downloads\opencv\build\x64\vc10\bin\opencv_highgui244.dll
0x000007fef82f0000 - 0x000007fef830f000 	C:\Windows\system32\AVIFIL32.dll
0x000007fefc190000 - 0x000007fefc1a8000 	C:\Windows\system32\MSACM32.dll
0x000007fef82b0000 - 0x000007fef82c7000 	C:\Windows\system32\AVICAP32.dll
0x000007fef8250000 - 0x000007fef8263000 	C:\Users\asus\AppData\Local\Temp\javacpp89209827656214\jniopencv_highgui.dll
0x000007fee88c0000 - 0x000007fee898d000 	D:\Downloads\opencv\build\x64\vc10\bin\opencv_objdetect244.dll
0x000007fef7710000 - 0x000007fef7759000 	C:\Users\asus\AppData\Local\Temp\javacpp89209827656214\jniopencv_objdetect.dll
0x0000000070cb0000 - 0x0000000070cbb000 	C:\Program Files\Java\jdk1.7.0_09\jre\bin\management.dll

VM Arguments:
jvm_args: -Dfile.encoding=Cp1252 
java_command: ClientMain
Launcher Type: SUN_STANDARD

Environment Variables:
PATH=C:/Program Files (x86)/Java/jdk1.7.0_17/bin/../jre/bin/client;C:/Program Files (x86)/Java/jdk1.7.0_17/bin/../jre/bin;C:/Program Files (x86)/Java/jdk1.7.0_17/bin/../jre/lib/i386;D:\Downloads\opencv\build\x64\vc10\bin;D:\Downloads\opencv\build\common\tbb\intel64\vc10\;C:\Program Files (x86)\Java\jdk1.7.0_17\bin;C:\Program Files (x86)\Intel\iCLS Client\;C:\Program Files\Intel\iCLS Client\;C:\Program Files (x86)\NVIDIA Corporation\PhysX\Common;C:\Program Files\Common Files\Microsoft Shared\Windows Live;C:\Program Files (x86)\Common Files\Microsoft Shared\Windows Live;C:\Windows\system32;C:\Windows;C:\Windows\System32\Wbem;C:\Windows\System32\WindowsPowerShell\v1.0\;C:\Program Files (x86)\Windows Live\Shared;C:\Program Files (x86)\Intel\OpenCL SDK\2.0\bin\x86;C:\Program Files (x86)\Intel\OpenCL SDK\2.0\bin\x64;C:\Program Files\Intel\Intel(R) Management Engine Components\DAL;C:\Program Files\Intel\Intel(R) Management Engine Components\IPT;C:\Program Files (x86)\Intel\Intel(R) Management Engine Components\DAL;C:\Program Files (x86)\Intel\Intel(R) Management Engine Components\IPT;C:\Program Files\Intel\WiFi\bin\;C:\Program Files\Common Files\Intel\WirelessCommon\;C:\Program Files\Diskeeper Corporation\ExpressCache\;C:\Program Files\MiKTeX 2.9\miktex\bin;D:\Downloads\eclipse;
USERNAME=asus
OS=Windows_NT
PROCESSOR_IDENTIFIER=Intel64 Family 6 Model 58 Stepping 9, GenuineIntel



---------------  S Y S T E M  ---------------

OS: Windows 7 , 64 bit Build 7601 Service Pack 1

CPU:total 4 (2 cores per cpu, 2 threads per core) family 6 model 58 stepping 9, cmov, cx8, fxsr, mmx, sse, sse2, sse3, ssse3, sse4.1, sse4.2, popcnt, avx, ht, tsc, tscinvbit, tscinv

Memory: 4k page, physical 4077492k(1560036k free), swap 8153124k(3415848k free)

vm_info: Java HotSpot(TM) 64-Bit Server VM (23.5-b02) for windows-amd64 JRE (1.7.0_09-b05), built on Sep 24 2012 21:45:04 by "java_re" with unknown MS VC++:1600

time: Thu May 02 15:29:24 2013
elapsed time: 4 seconds

