#
# A fatal error has been detected by the Java Runtime Environment:
#
#  EXCEPTION_ACCESS_VIOLATION (0xc0000005) at pc=0x0000000073efc1be, pid=1692, tid=4704
#
# JRE version: 6.0_27-b07
# Java VM: Java HotSpot(TM) 64-Bit Server VM (20.2-b06 mixed mode windows-amd64 compressed oops)
# Problematic frame:
# C  [MSVCR100.dll+0x3c1be]
#
# If you would like to submit a bug report, please visit:
#   http://java.sun.com/webapps/bugreport/crash.jsp
# The crash happened outside the Java Virtual Machine in native code.
# See problematic frame for where to report the bug.
#

---------------  T H R E A D  ---------------

Current thread (0x000000000805e800):  JavaThread "Thread-5" [_thread_in_native, id=4704, stack(0x000000000b1c0000,0x000000000b2c0000)]

siginfo: ExceptionCode=0xc0000005, writing address 0x000000000a7a47d8

Registers:
RAX=0x4739254e402c563c, RBX=0x000000000a7a4060, RCX=0x000000000a7a47c0, RDX=0xfffffffffff1c8a0
RSP=0x000000000b2bf428, RBP=0x00000000000001e0, RSI=0x0000000000000780, RDI=0x000000000a6c0900
R8 =0x0000000000000780, R9 =0x000000000000003c, R10=0x4061474b6642396d, R11=0x000000000a7a4060
R12=0xfffffffffffff880, R13=0x000000000a7a4060, R14=0x000000000b2bf5e0, R15=0x000000000805e800
RIP=0x0000000073efc1be, EFLAGS=0x0000000000010206

Top of Stack: (sp=0x000000000b2bf428)
0x000000000b2bf428:   000007fefb89393e 0000000000000000
0x000000000b2bf438:   000000000b2bf460 0000000000000000
0x000000000b2bf448:   000000000805e9d0 000000000805e9d0
0x000000000b2bf458:   000007fefb89259a 000000000b2bf500
0x000000000b2bf468:   0000000000000000 0000000000000000
0x000000000b2bf478:   00000000003b80e0 0000000008063c00
0x000000000b2bf488:   000000006da7c301 0000000000000000
0x000000000b2bf498:   000000000b2bf5d0 000000000805e9d0
0x000000000b2bf4a8:   000007fefb89a199 000000000a7a4060
0x000000000b2bf4b8:   000000006daee182 000000000b2bf5a0
0x000000000b2bf4c8:   00000000003b80e0 0000000006607501
0x000000000b2bf4d8:   000000000805e800 00000000ffffff00
0x000000000b2bf4e8:   fffffffffffffffe 00000000bd2fc7b8
0x000000000b2bf4f8:   0000000000000000 00000000025b5a0e
0x000000000b2bf508:   00000000025c1366 000000000805e9d0
0x000000000b2bf518:   00000000bd2fc7b8 00000000bcac4c70 

Instructions: (pc=0x0000000073efc1be)
0x0000000073efc19e:   00 00 66 66 66 90 66 66 90 49 81 f9 00 20 00 00
0x0000000073efc1ae:   73 42 48 8b 44 0a f8 4c 8b 54 0a f0 48 83 e9 20
0x0000000073efc1be:   48 89 41 18 4c 89 51 10 48 8b 44 0a 08 4c 8b 14
0x0000000073efc1ce:   0a 49 ff c9 48 89 41 08 4c 89 11 75 d5 49 83 e0 


Register to memory mapping:

RAX=0x4739254e402c563c is an unknown value
RBX=0x000000000a7a4060 is an unknown value
RCX=0x000000000a7a47c0 is an unknown value
RDX=0xfffffffffff1c8a0 is an unknown value
RSP=0x000000000b2bf428 is pointing into the stack for thread: 0x000000000805e800
RBP=0x00000000000001e0 is an unknown value
RSI=0x0000000000000780 is an unknown value
RDI=0x000000000a6c0900 is an unknown value
R8 =0x0000000000000780 is an unknown value
R9 =0x000000000000003c is an unknown value
R10=0x4061474b6642396d is an unknown value
R11=0x000000000a7a4060 is an unknown value
R12=0xfffffffffffff880 is an unknown value
R13=0x000000000a7a4060 is an unknown value
R14=0x000000000b2bf5e0 is pointing into the stack for thread: 0x000000000805e800
R15=0x000000000805e800 is a thread


Stack: [0x000000000b1c0000,0x000000000b2c0000],  sp=0x000000000b2bf428,  free space=1021k
Native frames: (J=compiled Java code, j=interpreted, Vv=VM code, C=native code)
C  [MSVCR100.dll+0x3c1be]  memmove+0x25e

[error occurred during error reporting (printing native stack), id 0xc0000005]

Java frames: (J=compiled Java code, j=interpreted, Vv=VM code)
j  com.googlecode.javacv.cpp.videoInputLib$videoInput.getPixels(ILcom/googlecode/javacpp/BytePointer;ZZ)Z+0
j  com.googlecode.javacv.VideoInputFrameGrabber.grab()Lcom/googlecode/javacv/cpp/opencv_core$IplImage;+107
j  LiveImage.run()V+5
j  java.lang.Thread.run()V+11
v  ~StubRoutines::call_stub

---------------  P R O C E S S  ---------------

Java Threads: ( => current thread )
  0x0000000007b34800 JavaThread "Thread-7" [_thread_in_native, id=7192, stack(0x000000000cca0000,0x000000000cda0000)]
  0x0000000007e4e000 JavaThread "Thread-6" [_thread_in_native, id=1320, stack(0x000000000b2c0000,0x000000000b3c0000)]
=>0x000000000805e800 JavaThread "Thread-5" [_thread_in_native, id=4704, stack(0x000000000b1c0000,0x000000000b2c0000)]
  0x000000000673d000 JavaThread "Thread-3" [_thread_blocked, id=7828, stack(0x0000000007e80000,0x0000000007f80000)]
  0x00000000066ff000 JavaThread "Image Fetcher 0" daemon [_thread_blocked, id=7500, stack(0x0000000007980000,0x0000000007a80000)]
  0x000000000034b800 JavaThread "DestroyJavaVM" [_thread_blocked, id=6244, stack(0x00000000024b0000,0x00000000025b0000)]
  0x00000000065fc800 JavaThread "AWT-EventQueue-0" [_thread_blocked, id=6936, stack(0x0000000007470000,0x0000000007570000)]
  0x00000000065fb800 JavaThread "AWT-Windows" daemon [_thread_in_native, id=6808, stack(0x0000000007270000,0x0000000007370000)]
  0x00000000065fa800 JavaThread "AWT-Shutdown" [_thread_blocked, id=1328, stack(0x0000000007170000,0x0000000007270000)]
  0x0000000006616000 JavaThread "Java2D Disposer" daemon [_thread_blocked, id=1344, stack(0x0000000007070000,0x0000000007170000)]
  0x00000000065d8000 JavaThread "Low Memory Detector" daemon [_thread_blocked, id=1360, stack(0x0000000006b70000,0x0000000006c70000)]
  0x00000000065cd000 JavaThread "C2 CompilerThread1" daemon [_thread_blocked, id=1924, stack(0x0000000006a70000,0x0000000006b70000)]
  0x00000000065cb800 JavaThread "C2 CompilerThread0" daemon [_thread_blocked, id=7968, stack(0x0000000006970000,0x0000000006a70000)]
  0x00000000065c4800 JavaThread "Attach Listener" daemon [_thread_blocked, id=4468, stack(0x0000000006870000,0x0000000006970000)]
  0x00000000065bf000 JavaThread "Signal Dispatcher" daemon [_thread_blocked, id=5560, stack(0x0000000006770000,0x0000000006870000)]
  0x00000000002cc000 JavaThread "Finalizer" daemon [_thread_blocked, id=4436, stack(0x0000000006470000,0x0000000006570000)]
  0x00000000002c5000 JavaThread "Reference Handler" daemon [_thread_blocked, id=3148, stack(0x0000000006370000,0x0000000006470000)]

Other Threads:
  0x00000000002bd000 VMThread [stack: 0x0000000006270000,0x0000000006370000] [id=3532]
  0x00000000065e9800 WatcherThread [stack: 0x0000000006c70000,0x0000000006d70000] [id=4492]

VM state:not at safepoint (normal execution)

VM Mutex/Monitor currently owned by a thread: None

Heap
 PSYoungGen      total 18624K, used 7638K [0x00000000eb400000, 0x00000000ec8c0000, 0x0000000100000000)
  eden space 16000K, 34% used [0x00000000eb400000,0x00000000eb9545f0,0x00000000ec3a0000)
  from space 2624K, 83% used [0x00000000ec3a0000,0x00000000ec5c12c0,0x00000000ec630000)
  to   space 2624K, 0% used [0x00000000ec630000,0x00000000ec630000,0x00000000ec8c0000)
 PSOldGen        total 42496K, used 1267K [0x00000000c1c00000, 0x00000000c4580000, 0x00000000eb400000)
  object space 42496K, 2% used [0x00000000c1c00000,0x00000000c1d3cf10,0x00000000c4580000)
 PSPermGen       total 21248K, used 12431K [0x00000000bca00000, 0x00000000bdec0000, 0x00000000c1c00000)
  object space 21248K, 58% used [0x00000000bca00000,0x00000000bd623ce0,0x00000000bdec0000)

Code Cache  [0x00000000025b0000, 0x0000000002820000, 0x00000000055b0000)
 total_blobs=507 nmethods=57 adapters=404 free_code_cache=49628672 largest_free_block=9728

Dynamic libraries:
0x0000000000400000 - 0x000000000042e000 	C:\Program Files\Java\jdk1.6.0_27\bin\javaw.exe
0x0000000077170000 - 0x0000000077319000 	C:\Windows\SYSTEM32\ntdll.dll
0x0000000076a90000 - 0x0000000076baf000 	C:\Windows\system32\kernel32.dll
0x000007fefd6a0000 - 0x000007fefd70b000 	C:\Windows\system32\KERNELBASE.dll
0x000007fefdce0000 - 0x000007fefddbb000 	C:\Windows\system32\ADVAPI32.dll
0x000007fefe420000 - 0x000007fefe4bf000 	C:\Windows\system32\msvcrt.dll
0x000007fefe690000 - 0x000007fefe6af000 	C:\Windows\SYSTEM32\sechost.dll
0x000007fefe0e0000 - 0x000007fefe20d000 	C:\Windows\system32\RPCRT4.dll
0x0000000076d00000 - 0x0000000076dfa000 	C:\Windows\system32\USER32.dll
0x000007fefdc70000 - 0x000007fefdcd7000 	C:\Windows\system32\GDI32.dll
0x000007feff470000 - 0x000007feff47e000 	C:\Windows\system32\LPK.dll
0x000007fefe5c0000 - 0x000007fefe689000 	C:\Windows\system32\USP10.dll
0x000007fefe0b0000 - 0x000007fefe0de000 	C:\Windows\system32\IMM32.DLL
0x000007fefdea0000 - 0x000007fefdfa9000 	C:\Windows\system32\MSCTF.dll
0x000000006d890000 - 0x000000006e048000 	C:\Program Files\Java\jdk1.6.0_27\jre\bin\server\jvm.dll
0x000007fefbb20000 - 0x000007fefbb5b000 	C:\Windows\system32\WINMM.dll
0x000000006d800000 - 0x000000006d80e000 	C:\Program Files\Java\jdk1.6.0_27\jre\bin\verify.dll
0x000000006d450000 - 0x000000006d477000 	C:\Program Files\Java\jdk1.6.0_27\jre\bin\java.dll
0x000000006d850000 - 0x000000006d862000 	C:\Program Files\Java\jdk1.6.0_27\jre\bin\zip.dll
0x000000006d0a0000 - 0x000000006d263000 	C:\Program Files\Java\jdk1.6.0_27\jre\bin\awt.dll
0x000007fef9e70000 - 0x000007fef9ee1000 	C:\Windows\system32\WINSPOOL.DRV
0x000007fefe210000 - 0x000007fefe413000 	C:\Windows\system32\ole32.dll
0x000007fefe6c0000 - 0x000007feff448000 	C:\Windows\system32\SHELL32.dll
0x000007fefe030000 - 0x000007fefe0a1000 	C:\Windows\system32\SHLWAPI.dll
0x000007fefc1a0000 - 0x000007fefc394000 	C:\Windows\WinSxS\amd64_microsoft.windows.common-controls_6595b64144ccf1df_6.0.7601.17514_none_fa396087175ac9ac\COMCTL32.dll
0x000007fefa280000 - 0x000007fefa298000 	C:\Windows\system32\DWMAPI.DLL
0x000007fefbdf0000 - 0x000007fefbe46000 	C:\Windows\system32\uxtheme.dll
0x000007fef4e20000 - 0x000007fef4e9f000 	C:\Program Files\Common Files\microsoft shared\ink\tiptsf.dll
0x000007fefddc0000 - 0x000007fefde97000 	C:\Windows\system32\OLEAUT32.dll
0x000007fefc770000 - 0x000007fefc77c000 	C:\Windows\system32\version.dll
0x000007fefd500000 - 0x000007fefd50f000 	C:\Windows\system32\CRYPTBASE.dll
0x000007fef94a0000 - 0x000007fef94a9000 	C:\Program Files\Synergy\synrgyhk.DLL
0x0000000073ec0000 - 0x0000000073f92000 	C:\Windows\system32\MSVCR100.dll
0x000000006d340000 - 0x000000006d3a6000 	C:\Program Files\Java\jdk1.6.0_27\jre\bin\fontmanager.dll
0x000000006d6a0000 - 0x000000006d6b7000 	C:\Program Files\Java\jdk1.6.0_27\jre\bin\net.dll
0x000007fefdb80000 - 0x000007fefdbcd000 	C:\Windows\system32\WS2_32.dll
0x000007fefe6b0000 - 0x000007fefe6b8000 	C:\Windows\system32\NSI.dll
0x0000000180000000 - 0x0000000180077000 	C:\Windows\system32\ASProxy64.dll
0x000007fefce20000 - 0x000007fefce75000 	C:\Windows\system32\MSWSOCK.dll
0x000007fefc790000 - 0x000007fefc7b7000 	C:\Windows\system32\IPHLPAPI.DLL
0x000007fefc780000 - 0x000007fefc78b000 	C:\Windows\system32\WINNSI.DLL
0x000007fefd470000 - 0x000007fefd495000 	C:\Windows\system32\SspiCli.dll
0x000007fefce10000 - 0x000007fefce17000 	C:\Windows\System32\wship6.dll
0x000000006d6c0000 - 0x000000006d6cb000 	C:\Program Files\Java\jdk1.6.0_27\jre\bin\nio.dll
0x000007fefb890000 - 0x000007fefb8ae000 	C:\Users\asus\AppData\Local\Temp\javacpp9748594616817\jnivideoInputLib.dll
0x000007fefdbd0000 - 0x000007fefdc69000 	C:\Windows\system32\CLBCatQ.DLL
0x000007fef03e0000 - 0x000007fef03f6000 	C:\Windows\system32\devenum.dll
0x000007fefd9a0000 - 0x000007fefdb77000 	C:\Windows\system32\setupapi.dll
0x000007fefd960000 - 0x000007fefd996000 	C:\Windows\system32\CFGMGR32.dll
0x000007fefd680000 - 0x000007fefd69a000 	C:\Windows\system32\DEVOBJ.dll
0x000007fefbb60000 - 0x000007fefbb8d000 	C:\Windows\system32\ntmarta.dll
0x000007fefe560000 - 0x000007fefe5b2000 	C:\Windows\system32\WLDAP32.dll
0x000007fef9e10000 - 0x000007fef9e64000 	C:\Windows\system32\oleacc.dll
0x000007fefd710000 - 0x000007fefd749000 	C:\Windows\system32\WINTRUST.dll
0x000007fefd750000 - 0x000007fefd8ba000 	C:\Windows\system32\CRYPT32.dll
0x000007fefd670000 - 0x000007fefd67f000 	C:\Windows\system32\MSASN1.dll
0x000007fef2450000 - 0x000007fef245d000 	C:\Windows\system32\msdmo.dll
0x000007fefb7e0000 - 0x000007fefb80f000 	C:\Windows\system32\qcap.dll
0x000007fee5fa0000 - 0x000007fee6152000 	C:\Windows\system32\quartz.dll
0x000007fef8070000 - 0x000007fef80b1000 	C:\Windows\system32\ksproxy.ax
0x0000000074a00000 - 0x0000000074a06000 	C:\Windows\system32\ksuser.dll
0x000007fef7a40000 - 0x000007fef7c3f000 	C:\Windows\system32\d3d9.dll
0x000007fef7a30000 - 0x000007fef7a37000 	C:\Windows\system32\d3d8thk.dll
0x000007fefba20000 - 0x000007fefba2b000 	C:\Windows\system32\vidcap.ax
0x000007fef8ec0000 - 0x000007fef8ee4000 	C:\Windows\system32\kswdmcap.ax
0x000007feea330000 - 0x000007feea48c000 	C:\Windows\system32\MFC42.dll
0x000007fef6710000 - 0x000007fef67c1000 	C:\Windows\system32\ODBC32.dll
0x00000000749c0000 - 0x00000000749f8000 	C:\Windows\system32\odbcint.dll
0x000007fef6670000 - 0x000007fef670b000 	C:\Windows\System32\qedit.dll
0x000007fef8d50000 - 0x000007fef8d79000 	C:\Windows\System32\MSVFW32.dll
0x000007fefe4c0000 - 0x000007fefe557000 	C:\Windows\system32\COMDLG32.dll
0x000007fefab70000 - 0x000007fefad86000 	C:\Windows\WinSxS\amd64_microsoft.windows.gdiplus_6595b64144ccf1df_1.1.7601.17825_none_2b253c8271ec7765\gdiplus.dll
0x000007fef7870000 - 0x000007fef7961000 	C:\Windows\system32\DDRAW.dll
0x000007fefbe60000 - 0x000007fefbe68000 	C:\Windows\system32\DCIMAN32.dll
0x000007fefc750000 - 0x000007fefc757000 	C:\Windows\System32\wshtcpip.dll
0x0000000073e20000 - 0x0000000073eb8000 	C:\Windows\System32\msvcp100.dll
0x000007fee5880000 - 0x000007fee5aeb000 	D:\Downloads\opencv\build\x64\vc10\bin\opencv_core244.dll
0x000007fef1d00000 - 0x000007fef1d95000 	C:\Users\asus\AppData\Local\Temp\javacpp9748594616817\jniopencv_core.dll
0x000007fee55d0000 - 0x000007fee5875000 	D:\Downloads\opencv\build\x64\vc10\bin\opencv_imgproc244.dll
0x000007fef7820000 - 0x000007fef7869000 	C:\Users\asus\AppData\Local\Temp\javacpp9748594616817\jniopencv_imgproc.dll
0x0000000066840000 - 0x00000000675ca000 	D:\Downloads\opencv\build\x64\vc10\bin\opencv_ffmpeg244_64.dll
0x000007fef7e90000 - 0x000007fef7e99000 	C:\Windows\system32\WSOCK32.dll
0x000007fee5b10000 - 0x000007fee5d60000 	D:\Downloads\opencv\build\x64\vc10\bin\opencv_highgui244.dll
0x000007fef8d30000 - 0x000007fef8d4f000 	C:\Windows\system32\AVIFIL32.dll
0x000007fefba70000 - 0x000007fefba88000 	C:\Windows\system32\MSACM32.dll
0x000007fef7720000 - 0x000007fef7737000 	C:\Windows\system32\AVICAP32.dll
0x000007fef8050000 - 0x000007fef8063000 	C:\Users\asus\AppData\Local\Temp\javacpp9748594616817\jniopencv_highgui.dll
0x000007feefee0000 - 0x000007feeffad000 	D:\Downloads\opencv\build\x64\vc10\bin\opencv_objdetect244.dll
0x000007fef2150000 - 0x000007fef2199000 	C:\Users\asus\AppData\Local\Temp\javacpp9748594616817\jniopencv_objdetect.dll
0x0000000077330000 - 0x0000000077337000 	C:\Windows\system32\PSAPI.DLL
0x000007fef73c0000 - 0x000007fef74e5000 	C:\Windows\system32\dbghelp.dll

VM Arguments:
jvm_args: -Dfile.encoding=Cp1252 
java_command: ClientHome
Launcher Type: SUN_STANDARD

Environment Variables:
PATH=C:/Program Files (x86)/Java/jdk1.7.0_17/bin/../jre/bin/client;C:/Program Files (x86)/Java/jdk1.7.0_17/bin/../jre/bin;C:/Program Files (x86)/Java/jdk1.7.0_17/bin/../jre/lib/i386;D:\Downloads\opencv\build\x64\vc10\bin;D:\Downloads\opencv\build\common\tbb\intel64\vc10\;C:\Program Files (x86)\Java\jdk1.7.0_17\bin;C:\Program Files (x86)\Intel\iCLS Client\;C:\Program Files\Intel\iCLS Client\;C:\Program Files (x86)\NVIDIA Corporation\PhysX\Common;C:\Program Files\Common Files\Microsoft Shared\Windows Live;C:\Program Files (x86)\Common Files\Microsoft Shared\Windows Live;C:\Windows\system32;C:\Windows;C:\Windows\System32\Wbem;C:\Windows\System32\WindowsPowerShell\v1.0\;C:\Program Files (x86)\Windows Live\Shared;C:\Program Files (x86)\Intel\OpenCL SDK\2.0\bin\x86;C:\Program Files (x86)\Intel\OpenCL SDK\2.0\bin\x64;C:\Program Files\Intel\Intel(R) Management Engine Components\DAL;C:\Program Files\Intel\Intel(R) Management Engine Components\IPT;C:\Program Files (x86)\Intel\Intel(R) Management Engine Components\DAL;C:\Program Files (x86)\Intel\Intel(R) Management Engine Components\IPT;C:\Program Files\Intel\WiFi\bin\;C:\Program Files\Common Files\Intel\WirelessCommon\;C:\Program Files\Diskeeper Corporation\ExpressCache\;C:\Program Files\MiKTeX 2.9\miktex\bin;D:\Downloads\eclipse;
USERNAME=asus
OS=Windows_NT
PROCESSOR_IDENTIFIER=Intel64 Family 6 Model 58 Stepping 9, GenuineIntel



---------------  S Y S T E M  ---------------

OS: Windows 7 , 64 bit Build 7601 Service Pack 1

CPU:total 4 (2 cores per cpu, 2 threads per core) family 6 model 58 stepping 9, cmov, cx8, fxsr, mmx, sse, sse2, sse3, ssse3, sse4.1, sse4.2, popcnt, ht

Memory: 4k page, physical 4077492k(1149548k free), swap 8153124k(4406356k free)

vm_info: Java HotSpot(TM) 64-Bit Server VM (20.2-b06) for windows-amd64 JRE (1.6.0_27-b07), built on Jul 19 2011 01:08:22 by "java_re" with MS VC++ 8.0 (VS2005)

time: Tue Apr 30 14:42:03 2013
elapsed time: 2 seconds

