#
# A fatal error has been detected by the Java Runtime Environment:
#
#  EXCEPTION_ACCESS_VIOLATION (0xc0000005) at pc=0x0000000073efc1be, pid=6764, tid=6200
#
# JRE version: 6.0_27-b07
# Java VM: Java HotSpot(TM) 64-Bit Server VM (20.2-b06 mixed mode windows-amd64 compressed oops)
# Problematic frame:
# C  [MSVCR100.dll+0x3c1be]
#
# If you would like to submit a bug report, please visit:
#   http://java.sun.com/webapps/bugreport/crash.jsp
# The crash happened outside the Java Virtual Machine in native code.
# See problematic frame for where to report the bug.
#

---------------  T H R E A D  ---------------

Current thread (0x0000000006576800):  JavaThread "Thread-5" [_thread_in_native, id=6200, stack(0x000000000b520000,0x000000000b620000)]

siginfo: ExceptionCode=0xc0000005, writing address 0x000000000a1b3758

Registers:
RAX=0x3a2d2d3e31314237, RBX=0x000000000a1b2fe0, RCX=0x000000000a1b3740, RDX=0xffffffffffffd920
RSP=0x000000000b61f428, RBP=0x00000000000001e0, RSI=0x0000000000000780, RDI=0x000000000a1b0900
R8 =0x0000000000000780, R9 =0x000000000000003c, R10=0x36453a39453c3e48, R11=0x000000000a1b2fe0
R12=0xfffffffffffff880, R13=0x000000000a1b2fe0, R14=0x000000000b61f5e0, R15=0x0000000006576800
RIP=0x0000000073efc1be, EFLAGS=0x0000000000010202

Top of Stack: (sp=0x000000000b61f428)
0x000000000b61f428:   000007fefb9c393e 0000000000000000
0x000000000b61f438:   000000000b61f460 0000000000000000
0x000000000b61f448:   00000000065769d0 00000000065769d0
0x000000000b61f458:   000007fefb9c259a 000000000b61f500
0x000000000b61f468:   0000000000000000 0000000000000000
0x000000000b61f478:   00000000073823a0 0000000008102100
0x000000000b61f488:   000000006da7c301 0000000000000000
0x000000000b61f498:   000000000b61f5d0 00000000065769d0
0x000000000b61f4a8:   000007fefb9ca199 000000000a1b2fe0
0x000000000b61f4b8:   000000006daee182 000000000b61f5a0
0x000000000b61f4c8:   00000000073823a0 00000000065e4601
0x000000000b61f4d8:   0000000006576800 00000000ffffff00
0x000000000b61f4e8:   fffffffffffffffe 00000000bd27e668
0x000000000b61f4f8:   0000000000000000 00000000024a5a0e
0x000000000b61f508:   00000000024b1366 00000000065769d0
0x000000000b61f518:   00000000bd27e668 00000000bcac4c70 

Instructions: (pc=0x0000000073efc1be)
0x0000000073efc19e:   00 00 66 66 66 90 66 66 90 49 81 f9 00 20 00 00
0x0000000073efc1ae:   73 42 48 8b 44 0a f8 4c 8b 54 0a f0 48 83 e9 20
0x0000000073efc1be:   48 89 41 18 4c 89 51 10 48 8b 44 0a 08 4c 8b 14
0x0000000073efc1ce:   0a 49 ff c9 48 89 41 08 4c 89 11 75 d5 49 83 e0 


Register to memory mapping:

RAX=0x3a2d2d3e31314237 is an unknown value
RBX=0x000000000a1b2fe0 is an unknown value
RCX=0x000000000a1b3740 is an unknown value
RDX=0xffffffffffffd920 is an unknown value
RSP=0x000000000b61f428 is pointing into the stack for thread: 0x0000000006576800
RBP=0x00000000000001e0 is an unknown value
RSI=0x0000000000000780 is an unknown value
RDI=0x000000000a1b0900 is an unknown value
R8 =0x0000000000000780 is an unknown value
R9 =0x000000000000003c is an unknown value
R10=0x36453a39453c3e48 is an unknown value
R11=0x000000000a1b2fe0 is an unknown value
R12=0xfffffffffffff880 is an unknown value
R13=0x000000000a1b2fe0 is an unknown value
R14=0x000000000b61f5e0 is pointing into the stack for thread: 0x0000000006576800
R15=0x0000000006576800 is a thread


Stack: [0x000000000b520000,0x000000000b620000],  sp=0x000000000b61f428,  free space=1021k
Native frames: (J=compiled Java code, j=interpreted, Vv=VM code, C=native code)
C  [MSVCR100.dll+0x3c1be]  memmove+0x25e

[error occurred during error reporting (printing native stack), id 0xc0000005]

Java frames: (J=compiled Java code, j=interpreted, Vv=VM code)
j  com.googlecode.javacv.cpp.videoInputLib$videoInput.getPixels(ILcom/googlecode/javacpp/BytePointer;ZZ)Z+0
j  com.googlecode.javacv.VideoInputFrameGrabber.grab()Lcom/googlecode/javacv/cpp/opencv_core$IplImage;+107
j  LiveImage.run()V+5
j  java.lang.Thread.run()V+11
v  ~StubRoutines::call_stub

---------------  P R O C E S S  ---------------

Java Threads: ( => current thread )
  0x0000000006578000 JavaThread "Thread-7" [_thread_in_native, id=2696, stack(0x000000000d040000,0x000000000d140000)]
  0x0000000006577000 JavaThread "Thread-6" [_thread_in_native, id=5600, stack(0x000000000b620000,0x000000000b720000)]
=>0x0000000006576800 JavaThread "Thread-5" [_thread_in_native, id=6200, stack(0x000000000b520000,0x000000000b620000)]
  0x0000000006575800 JavaThread "Thread-3" [_thread_blocked, id=1440, stack(0x0000000007ea0000,0x0000000007fa0000)]
  0x0000000006575000 JavaThread "Image Fetcher 0" daemon [_thread_blocked, id=5948, stack(0x00000000079a0000,0x0000000007aa0000)]
  0x0000000006574800 JavaThread "DestroyJavaVM" [_thread_blocked, id=3320, stack(0x00000000023a0000,0x00000000024a0000)]
  0x0000000006573800 JavaThread "AWT-EventQueue-0" [_thread_blocked, id=5552, stack(0x0000000007490000,0x0000000007590000)]
  0x0000000006573000 JavaThread "AWT-Windows" daemon [_thread_in_native, id=2652, stack(0x0000000007200000,0x0000000007300000)]
  0x0000000006572000 JavaThread "AWT-Shutdown" [_thread_blocked, id=6876, stack(0x0000000007100000,0x0000000007200000)]
  0x0000000006571800 JavaThread "Java2D Disposer" daemon [_thread_blocked, id=5592, stack(0x0000000007000000,0x0000000007100000)]
  0x0000000006570800 JavaThread "Low Memory Detector" daemon [_thread_blocked, id=6828, stack(0x0000000006b20000,0x0000000006c20000)]
  0x000000000659f000 JavaThread "C2 CompilerThread1" daemon [_thread_blocked, id=8108, stack(0x0000000006a20000,0x0000000006b20000)]
  0x0000000006586800 JavaThread "C2 CompilerThread0" daemon [_thread_blocked, id=5692, stack(0x0000000006920000,0x0000000006a20000)]
  0x0000000006570000 JavaThread "Attach Listener" daemon [_thread_blocked, id=416, stack(0x0000000006820000,0x0000000006920000)]
  0x000000000656f000 JavaThread "Signal Dispatcher" daemon [_thread_blocked, id=2916, stack(0x0000000006720000,0x0000000006820000)]
  0x000000000052c000 JavaThread "Finalizer" daemon [_thread_blocked, id=4136, stack(0x0000000006420000,0x0000000006520000)]
  0x0000000000525800 JavaThread "Reference Handler" daemon [_thread_blocked, id=7660, stack(0x0000000006320000,0x0000000006420000)]

Other Threads:
  0x000000000051d000 VMThread [stack: 0x0000000006220000,0x0000000006320000] [id=4120]
  0x00000000065bc000 WatcherThread [stack: 0x0000000006c20000,0x0000000006d20000] [id=4468]

VM state:not at safepoint (normal execution)

VM Mutex/Monitor currently owned by a thread: None

Heap
 PSYoungGen      total 18624K, used 8329K [0x00000000eb400000, 0x00000000ec8c0000, 0x0000000100000000)
  eden space 16000K, 35% used [0x00000000eb400000,0x00000000eb995f88,0x00000000ec3a0000)
  from space 2624K, 99% used [0x00000000ec3a0000,0x00000000ec62c6f0,0x00000000ec630000)
  to   space 2624K, 0% used [0x00000000ec630000,0x00000000ec630000,0x00000000ec8c0000)
 PSOldGen        total 42496K, used 1994K [0x00000000c1c00000, 0x00000000c4580000, 0x00000000eb400000)
  object space 42496K, 4% used [0x00000000c1c00000,0x00000000c1df29d0,0x00000000c4580000)
 PSPermGen       total 21248K, used 11992K [0x00000000bca00000, 0x00000000bdec0000, 0x00000000c1c00000)
  object space 21248K, 56% used [0x00000000bca00000,0x00000000bd5b6060,0x00000000bdec0000)

Code Cache  [0x00000000024a0000, 0x0000000002710000, 0x00000000054a0000)
 total_blobs=515 nmethods=63 adapters=406 free_code_cache=49624448 largest_free_block=5824

Dynamic libraries:
0x0000000000400000 - 0x000000000042e000 	C:\Program Files\Java\jdk1.6.0_27\bin\javaw.exe
0x0000000077170000 - 0x0000000077319000 	C:\Windows\SYSTEM32\ntdll.dll
0x0000000076a90000 - 0x0000000076baf000 	C:\Windows\system32\kernel32.dll
0x000007fefd6a0000 - 0x000007fefd70b000 	C:\Windows\system32\KERNELBASE.dll
0x000007fefdce0000 - 0x000007fefddbb000 	C:\Windows\system32\ADVAPI32.dll
0x000007fefe420000 - 0x000007fefe4bf000 	C:\Windows\system32\msvcrt.dll
0x000007fefe690000 - 0x000007fefe6af000 	C:\Windows\SYSTEM32\sechost.dll
0x000007fefe0e0000 - 0x000007fefe20d000 	C:\Windows\system32\RPCRT4.dll
0x0000000076d00000 - 0x0000000076dfa000 	C:\Windows\system32\USER32.dll
0x000007fefdc70000 - 0x000007fefdcd7000 	C:\Windows\system32\GDI32.dll
0x000007feff470000 - 0x000007feff47e000 	C:\Windows\system32\LPK.dll
0x000007fefe5c0000 - 0x000007fefe689000 	C:\Windows\system32\USP10.dll
0x000007fefe0b0000 - 0x000007fefe0de000 	C:\Windows\system32\IMM32.DLL
0x000007fefdea0000 - 0x000007fefdfa9000 	C:\Windows\system32\MSCTF.dll
0x000000006d890000 - 0x000000006e048000 	C:\Program Files\Java\jdk1.6.0_27\jre\bin\server\jvm.dll
0x000007fefbb20000 - 0x000007fefbb5b000 	C:\Windows\system32\WINMM.dll
0x000000006d800000 - 0x000000006d80e000 	C:\Program Files\Java\jdk1.6.0_27\jre\bin\verify.dll
0x000000006d450000 - 0x000000006d477000 	C:\Program Files\Java\jdk1.6.0_27\jre\bin\java.dll
0x000000006d850000 - 0x000000006d862000 	C:\Program Files\Java\jdk1.6.0_27\jre\bin\zip.dll
0x000000006d0a0000 - 0x000000006d263000 	C:\Program Files\Java\jdk1.6.0_27\jre\bin\awt.dll
0x000007fef9e70000 - 0x000007fef9ee1000 	C:\Windows\system32\WINSPOOL.DRV
0x000007fefe210000 - 0x000007fefe413000 	C:\Windows\system32\ole32.dll
0x000007fefe6c0000 - 0x000007feff448000 	C:\Windows\system32\SHELL32.dll
0x000007fefe030000 - 0x000007fefe0a1000 	C:\Windows\system32\SHLWAPI.dll
0x000007fefc1a0000 - 0x000007fefc394000 	C:\Windows\WinSxS\amd64_microsoft.windows.common-controls_6595b64144ccf1df_6.0.7601.17514_none_fa396087175ac9ac\COMCTL32.dll
0x000007fefa280000 - 0x000007fefa298000 	C:\Windows\system32\DWMAPI.DLL
0x000007fefbdf0000 - 0x000007fefbe46000 	C:\Windows\system32\uxtheme.dll
0x000007fef4e20000 - 0x000007fef4e9f000 	C:\Program Files\Common Files\microsoft shared\ink\tiptsf.dll
0x000007fefddc0000 - 0x000007fefde97000 	C:\Windows\system32\OLEAUT32.dll
0x000007fefc770000 - 0x000007fefc77c000 	C:\Windows\system32\version.dll
0x000007fefd500000 - 0x000007fefd50f000 	C:\Windows\system32\CRYPTBASE.dll
0x000007fef94a0000 - 0x000007fef94a9000 	C:\Program Files\Synergy\synrgyhk.DLL
0x0000000073ec0000 - 0x0000000073f92000 	C:\Windows\system32\MSVCR100.dll
0x000000006d340000 - 0x000000006d3a6000 	C:\Program Files\Java\jdk1.6.0_27\jre\bin\fontmanager.dll
0x000007fef6710000 - 0x000007fef67ae000 	C:\Windows\system32\RICHED20.DLL
0x000007fefb9c0000 - 0x000007fefb9de000 	C:\Users\asus\AppData\Local\Temp\javacpp27300094752951\jnivideoInputLib.dll
0x000007fefdbd0000 - 0x000007fefdc69000 	C:\Windows\system32\CLBCatQ.DLL
0x000007fef03e0000 - 0x000007fef03f6000 	C:\Windows\system32\devenum.dll
0x000007fefd9a0000 - 0x000007fefdb77000 	C:\Windows\system32\setupapi.dll
0x000007fefd960000 - 0x000007fefd996000 	C:\Windows\system32\CFGMGR32.dll
0x000007fefd680000 - 0x000007fefd69a000 	C:\Windows\system32\DEVOBJ.dll
0x000007fefbb60000 - 0x000007fefbb8d000 	C:\Windows\system32\ntmarta.dll
0x000007fefe560000 - 0x000007fefe5b2000 	C:\Windows\system32\WLDAP32.dll
0x000007fefd710000 - 0x000007fefd749000 	C:\Windows\system32\WINTRUST.dll
0x000007fefd750000 - 0x000007fefd8ba000 	C:\Windows\system32\CRYPT32.dll
0x000007fefd670000 - 0x000007fefd67f000 	C:\Windows\system32\MSASN1.dll
0x000007fef2450000 - 0x000007fef245d000 	C:\Windows\system32\msdmo.dll
0x000007fefb990000 - 0x000007fefb9bf000 	C:\Windows\system32\qcap.dll
0x000007fee9ec0000 - 0x000007feea072000 	C:\Windows\system32\quartz.dll
0x000000006d6a0000 - 0x000000006d6b7000 	C:\Program Files\Java\jdk1.6.0_27\jre\bin\net.dll
0x000007fefdb80000 - 0x000007fefdbcd000 	C:\Windows\system32\WS2_32.dll
0x000007fefe6b0000 - 0x000007fefe6b8000 	C:\Windows\system32\NSI.dll
0x0000000180000000 - 0x0000000180077000 	C:\Windows\system32\ASProxy64.dll
0x000007fefce20000 - 0x000007fefce75000 	C:\Windows\system32\MSWSOCK.dll
0x000007fefc790000 - 0x000007fefc7b7000 	C:\Windows\system32\IPHLPAPI.DLL
0x000007fefc780000 - 0x000007fefc78b000 	C:\Windows\system32\WINNSI.DLL
0x000007fefd470000 - 0x000007fefd495000 	C:\Windows\system32\SspiCli.dll
0x000007fefce10000 - 0x000007fefce17000 	C:\Windows\System32\wship6.dll
0x000000006d6c0000 - 0x000000006d6cb000 	C:\Program Files\Java\jdk1.6.0_27\jre\bin\nio.dll
0x000007fef8d30000 - 0x000007fef8d71000 	C:\Windows\system32\ksproxy.ax
0x0000000074a00000 - 0x0000000074a06000 	C:\Windows\system32\ksuser.dll
0x000007fef7a40000 - 0x000007fef7c3f000 	C:\Windows\system32\d3d9.dll
0x000007fef7a30000 - 0x000007fef7a37000 	C:\Windows\system32\d3d8thk.dll
0x000007fefba30000 - 0x000007fefba3b000 	C:\Windows\system32\vidcap.ax
0x000007fefb860000 - 0x000007fefb884000 	C:\Windows\system32\kswdmcap.ax
0x000007feea850000 - 0x000007feea9ac000 	C:\Windows\system32\MFC42.dll
0x000007fef1ce0000 - 0x000007fef1d91000 	C:\Windows\system32\ODBC32.dll
0x0000000074850000 - 0x0000000074888000 	C:\Windows\system32\odbcint.dll
0x000007fef67b0000 - 0x000007fef684b000 	C:\Windows\System32\qedit.dll
0x000007fefb830000 - 0x000007fefb859000 	C:\Windows\System32\MSVFW32.dll
0x000007fefe4c0000 - 0x000007fefe557000 	C:\Windows\system32\COMDLG32.dll
0x000007fefab70000 - 0x000007fefad86000 	C:\Windows\WinSxS\amd64_microsoft.windows.gdiplus_6595b64144ccf1df_1.1.7601.17825_none_2b253c8271ec7765\gdiplus.dll
0x000007fef7870000 - 0x000007fef7961000 	C:\Windows\system32\DDRAW.dll
0x000007fefbe60000 - 0x000007fefbe68000 	C:\Windows\system32\DCIMAN32.dll
0x000007fef9e10000 - 0x000007fef9e64000 	C:\Windows\system32\oleacc.dll
0x000007fefd510000 - 0x000007fefd5a1000 	C:\Windows\system32\SXS.DLL
0x000007fefc750000 - 0x000007fefc757000 	C:\Windows\System32\wshtcpip.dll
0x0000000073e20000 - 0x0000000073eb8000 	C:\Windows\System32\msvcp100.dll
0x000007fee9620000 - 0x000007fee988b000 	D:\Downloads\opencv\build\x64\vc10\bin\opencv_core244.dll
0x000007fef6670000 - 0x000007fef6705000 	C:\Users\asus\AppData\Local\Temp\javacpp27300094752951\jniopencv_core.dll
0x000007fee9370000 - 0x000007fee9615000 	D:\Downloads\opencv\build\x64\vc10\bin\opencv_imgproc244.dll
0x000007fef8070000 - 0x000007fef80b9000 	C:\Users\asus\AppData\Local\Temp\javacpp27300094752951\jniopencv_imgproc.dll
0x0000000066840000 - 0x00000000675ca000 	D:\Downloads\opencv\build\x64\vc10\bin\opencv_ffmpeg244_64.dll
0x000007fef7e90000 - 0x000007fef7e99000 	C:\Windows\system32\WSOCK32.dll
0x000007fee9120000 - 0x000007fee9370000 	D:\Downloads\opencv\build\x64\vc10\bin\opencv_highgui244.dll
0x000007fefb810000 - 0x000007fefb82f000 	C:\Windows\system32\AVIFIL32.dll
0x000007fefba70000 - 0x000007fefba88000 	C:\Windows\system32\MSACM32.dll
0x000007fefb7e0000 - 0x000007fefb7f7000 	C:\Windows\system32\AVICAP32.dll
0x000007fef8ed0000 - 0x000007fef8ee3000 	C:\Users\asus\AppData\Local\Temp\javacpp27300094752951\jniopencv_highgui.dll
0x000007feef7a0000 - 0x000007feef86d000 	D:\Downloads\opencv\build\x64\vc10\bin\opencv_objdetect244.dll
0x000007fef7820000 - 0x000007fef7869000 	C:\Users\asus\AppData\Local\Temp\javacpp27300094752951\jniopencv_objdetect.dll
0x0000000077330000 - 0x0000000077337000 	C:\Windows\system32\PSAPI.DLL
0x000007fef73c0000 - 0x000007fef74e5000 	C:\Windows\system32\dbghelp.dll

VM Arguments:
jvm_args: -Dfile.encoding=Cp1252 
java_command: ClientHome
Launcher Type: SUN_STANDARD

Environment Variables:
PATH=C:/Program Files (x86)/Java/jdk1.7.0_17/bin/../jre/bin/client;C:/Program Files (x86)/Java/jdk1.7.0_17/bin/../jre/bin;C:/Program Files (x86)/Java/jdk1.7.0_17/bin/../jre/lib/i386;D:\Downloads\opencv\build\x64\vc10\bin;D:\Downloads\opencv\build\common\tbb\intel64\vc10\;C:\Program Files (x86)\Java\jdk1.7.0_17\bin;C:\Program Files (x86)\Intel\iCLS Client\;C:\Program Files\Intel\iCLS Client\;C:\Program Files (x86)\NVIDIA Corporation\PhysX\Common;C:\Program Files\Common Files\Microsoft Shared\Windows Live;C:\Program Files (x86)\Common Files\Microsoft Shared\Windows Live;C:\Windows\system32;C:\Windows;C:\Windows\System32\Wbem;C:\Windows\System32\WindowsPowerShell\v1.0\;C:\Program Files (x86)\Windows Live\Shared;C:\Program Files (x86)\Intel\OpenCL SDK\2.0\bin\x86;C:\Program Files (x86)\Intel\OpenCL SDK\2.0\bin\x64;C:\Program Files\Intel\Intel(R) Management Engine Components\DAL;C:\Program Files\Intel\Intel(R) Management Engine Components\IPT;C:\Program Files (x86)\Intel\Intel(R) Management Engine Components\DAL;C:\Program Files (x86)\Intel\Intel(R) Management Engine Components\IPT;C:\Program Files\Intel\WiFi\bin\;C:\Program Files\Common Files\Intel\WirelessCommon\;C:\Program Files\Diskeeper Corporation\ExpressCache\;C:\Program Files\MiKTeX 2.9\miktex\bin;D:\Downloads\eclipse;
USERNAME=asus
OS=Windows_NT
PROCESSOR_IDENTIFIER=Intel64 Family 6 Model 58 Stepping 9, GenuineIntel



---------------  S Y S T E M  ---------------

OS: Windows 7 , 64 bit Build 7601 Service Pack 1

CPU:total 4 (2 cores per cpu, 2 threads per core) family 6 model 58 stepping 9, cmov, cx8, fxsr, mmx, sse, sse2, sse3, ssse3, sse4.1, sse4.2, popcnt, ht

Memory: 4k page, physical 4077492k(959300k free), swap 8153124k(4000756k free)

vm_info: Java HotSpot(TM) 64-Bit Server VM (20.2-b06) for windows-amd64 JRE (1.6.0_27-b07), built on Jul 19 2011 01:08:22 by "java_re" with MS VC++ 8.0 (VS2005)

time: Tue Apr 30 19:34:36 2013
elapsed time: 2 seconds

