#
# A fatal error has been detected by the Java Runtime Environment:
#
#  EXCEPTION_ACCESS_VIOLATION (0xc0000005) at pc=0x0000000067a1c1ee, pid=7708, tid=8592
#
# JRE version: 7.0_09-b05
# Java VM: Java HotSpot(TM) 64-Bit Server VM (23.5-b02 mixed mode windows-amd64 compressed oops)
# Problematic frame:
# C  [msvcr100.dll+0x3c1ee]  memcpy+0x25e
#
# Failed to write core dump. Minidumps are not enabled by default on client versions of Windows
#
# If you would like to submit a bug report, please visit:
#   http://bugreport.sun.com/bugreport/crash.jsp
# The crash happened outside the Java Virtual Machine in native code.
# See problematic frame for where to report the bug.
#

---------------  T H R E A D  ---------------

Current thread (0x000000000dff2800):  JavaThread "Thread-8" [_thread_in_native, id=8592, stack(0x000000000fce0000,0x000000000fde0000)]

siginfo: ExceptionCode=0xc0000005, writing address 0x000000000e39c498

Registers:
RAX=0x151c13151c131d1a, RBX=0x000000000e39bd20, RCX=0x000000000e39c480, RDX=0xfffffffffff04080
RSP=0x000000000fddef08, RBP=0x00000000000001e0, RSI=0x0000000000000780, RDI=0x000000000e29fda0
R8 =0x0000000000000780, R9 =0x000000000000003c, R10=0x18211e1c271f1d27, R11=0x000000000e39bd20
R12=0xfffffffffffff880, R13=0x000000000e39bd20, R14=0x000000000fddf0c0, R15=0x000000000dff2800
RIP=0x0000000067a1c1ee, EFLAGS=0x0000000000010202

Top of Stack: (sp=0x000000000fddef08)
0x000000000fddef08:   000007fefa40393e 0000000000000000
0x000000000fddef18:   000000005c0a03fd 0000000000000000
0x000000000fddef28:   000000000dff29d8 000000000dff29d8
0x000000000fddef38:   000007fefa40259a 000000000fddf000
0x000000000fddef48:   0000000000000000 0000000000000000
0x000000000fddef58:   000000000deaf3d0 000000000dff2800
0x000000000fddef68:   00000000021ed201 0000000000000000
0x000000000fddef78:   000000000fddf0b0 000000000dff29d8
0x000000000fddef88:   000007fefa40a199 000000000e39bd20
0x000000000fddef98:   0000000000000000 000000000fddf080
0x000000000fddefa8:   000000000deaf3d0 000000000dead101
0x000000000fddefb8:   0000000000000000 0000000000000000
0x000000000fddefc8:   fffffffffffffffe 00000000bd4b22f8
0x000000000fddefd8:   0000000000000000 0000000002556374
0x000000000fddefe8:   00000000025623a8 000000000dff29d8
0x000000000fddeff8:   00000000bd4b22f8 00000000eb4a4348 

Instructions: (pc=0x0000000067a1c1ee)
0x0000000067a1c1ce:   00 00 66 66 66 90 66 66 90 49 81 f9 00 20 00 00
0x0000000067a1c1de:   73 42 48 8b 44 0a f8 4c 8b 54 0a f0 48 83 e9 20
0x0000000067a1c1ee:   48 89 41 18 4c 89 51 10 48 8b 44 0a 08 4c 8b 14
0x0000000067a1c1fe:   0a 49 ff c9 48 89 41 08 4c 89 11 75 d5 49 83 e0 


Register to memory mapping:

RAX=0x151c13151c131d1a is an unknown value
RBX=0x000000000e39bd20 is an unknown value
RCX=0x000000000e39c480 is an unknown value
RDX=0xfffffffffff04080 is an unknown value
RSP=0x000000000fddef08 is pointing into the stack for thread: 0x000000000dff2800
RBP=0x00000000000001e0 is an unknown value
RSI=0x0000000000000780 is an unknown value
RDI=0x000000000e29fda0 is an unknown value
R8 =0x0000000000000780 is an unknown value
R9 =0x000000000000003c is an unknown value
R10=0x18211e1c271f1d27 is an unknown value
R11=0x000000000e39bd20 is an unknown value
R12=0xfffffffffffff880 is an unknown value
R13=0x000000000e39bd20 is an unknown value
R14=0x000000000fddf0c0 is pointing into the stack for thread: 0x000000000dff2800
R15=0x000000000dff2800 is a thread


Stack: [0x000000000fce0000,0x000000000fde0000],  sp=0x000000000fddef08,  free space=1019k
Native frames: (J=compiled Java code, j=interpreted, Vv=VM code, C=native code)
C  [msvcr100.dll+0x3c1ee]  memcpy+0x25e

[error occurred during error reporting (printing native stack), id 0xc0000005]

Java frames: (J=compiled Java code, j=interpreted, Vv=VM code)
j  com.googlecode.javacv.cpp.videoInputLib$videoInput.getPixels(ILcom/googlecode/javacpp/BytePointer;ZZ)Z+0
j  com.googlecode.javacv.VideoInputFrameGrabber.grab()Lcom/googlecode/javacv/cpp/opencv_core$IplImage;+107
j  LiveImage.run()V+5
j  java.lang.Thread.run()V+11
v  ~StubRoutines::call_stub

---------------  P R O C E S S  ---------------

Java Threads: ( => current thread )
  0x000000000dff3800 JavaThread "Thread-9" [_thread_in_native, id=7188, stack(0x000000000fe00000,0x000000000ff00000)]
=>0x000000000dff2800 JavaThread "Thread-8" [_thread_in_native, id=8592, stack(0x000000000fce0000,0x000000000fde0000)]
  0x000000000a949000 JavaThread "Thread-5" [_thread_in_native, id=10500, stack(0x000000000e9a0000,0x000000000eaa0000)]
  0x000000000a7c9000 JavaThread "Timer-0" [_thread_blocked, id=3524, stack(0x000000000ed10000,0x000000000ee10000)]
  0x000000000a7c4000 JavaThread "Image Fetcher 0" daemon [_thread_blocked, id=10120, stack(0x000000000e7c0000,0x000000000e8c0000)]
  0x000000000a8db000 JavaThread "TimerQueue" daemon [_thread_blocked, id=9252, stack(0x000000000ccc0000,0x000000000cdc0000)]
  0x00000000021ad000 JavaThread "DestroyJavaVM" [_thread_blocked, id=9580, stack(0x0000000002450000,0x0000000002550000)]
  0x000000000a7d3000 JavaThread "AWT-EventQueue-0" [_thread_blocked, id=10780, stack(0x000000000b170000,0x000000000b270000)]
  0x000000000a7ce800 JavaThread "AWT-Windows" daemon [_thread_in_native, id=10772, stack(0x000000000af80000,0x000000000b080000)]
  0x000000000a7cd800 JavaThread "AWT-Shutdown" [_thread_blocked, id=5168, stack(0x000000000ae50000,0x000000000af50000)]
  0x000000000a7cd000 JavaThread "Java2D Disposer" daemon [_thread_blocked, id=8336, stack(0x000000000acc0000,0x000000000adc0000)]
  0x0000000008cdc000 JavaThread "Service Thread" daemon [_thread_blocked, id=5724, stack(0x000000000a1a0000,0x000000000a2a0000)]
  0x0000000008cd0000 JavaThread "C2 CompilerThread1" daemon [_thread_blocked, id=9260, stack(0x000000000a5e0000,0x000000000a6e0000)]
  0x0000000008cbd000 JavaThread "C2 CompilerThread0" daemon [_thread_blocked, id=1460, stack(0x000000000a440000,0x000000000a540000)]
  0x0000000008cb8000 JavaThread "Attach Listener" daemon [_thread_blocked, id=6852, stack(0x000000000a340000,0x000000000a440000)]
  0x0000000008cb0800 JavaThread "Signal Dispatcher" daemon [_thread_blocked, id=7812, stack(0x000000000a090000,0x000000000a190000)]
  0x00000000022a6800 JavaThread "Finalizer" daemon [_thread_blocked, id=3760, stack(0x0000000009d20000,0x0000000009e20000)]
  0x000000000229f800 JavaThread "Reference Handler" daemon [_thread_blocked, id=9396, stack(0x0000000009ea0000,0x0000000009fa0000)]

Other Threads:
  0x0000000008c32000 VMThread [stack: 0x0000000009c10000,0x0000000009d10000] [id=7636]
  0x0000000008ce4800 WatcherThread [stack: 0x00000000022b0000,0x00000000023b0000] [id=5260]

VM state:not at safepoint (normal execution)

VM Mutex/Monitor currently owned by a thread: None

Heap
 PSYoungGen      total 18624K, used 13904K [0x00000000eb400000, 0x00000000ed860000, 0x0000000100000000)
  eden space 16000K, 70% used [0x00000000eb400000,0x00000000ebf067d8,0x00000000ec3a0000)
  from space 2624K, 99% used [0x00000000ec630000,0x00000000ec8bdae0,0x00000000ec8c0000)
  to   space 2624K, 0% used [0x00000000ec3a0000,0x00000000ec3a0000,0x00000000ec630000)
 ParOldGen       total 42496K, used 6483K [0x00000000c1c00000, 0x00000000c4580000, 0x00000000eb400000)
  object space 42496K, 15% used [0x00000000c1c00000,0x00000000c2254f18,0x00000000c4580000)
 PSPermGen       total 21248K, used 12808K [0x00000000bca00000, 0x00000000bdec0000, 0x00000000c1c00000)
  object space 21248K, 60% used [0x00000000bca00000,0x00000000bd682070,0x00000000bdec0000)

Card table byte_map: [0x0000000005550000,0x0000000005770000] byte_map_base: 0x0000000004f6b000

Polling page: 0x0000000000120000

Code Cache  [0x0000000002550000, 0x00000000027c0000, 0x0000000005550000)
 total_blobs=609 nmethods=98 adapters=462 free_code_cache=48357Kb largest_free_block=49493440

Compilation events (10 events):
Event: 10.266 Thread 0x0000000008cd0000 nmethod 89 0x0000000002607f90 code [0x0000000002608140, 0x0000000002608390]
Event: 10.266 Thread 0x0000000008cd0000    5 %           java.awt.image.AreaAveragingScaleFilter::accumPixels @ 161 (551 bytes)
Event: 10.277 Thread 0x0000000008cbd000 nmethod 4% 0x0000000002611f90 code [0x0000000002612100, 0x00000000026123f8]
Event: 10.277 Thread 0x0000000008cbd000   91             java.awt.image.AreaAveragingScaleFilter::calcRow (260 bytes)
Event: 10.337 Thread 0x0000000008cd0000 nmethod 5% 0x0000000002615610 code [0x0000000002615800, 0x0000000002616850]
Event: 10.381 Thread 0x0000000008cbd000 nmethod 91 0x0000000002612710 code [0x0000000002612a40, 0x0000000002613b38]
Event: 10.500 Thread 0x0000000008cd0000   92             sun.awt.image.OffScreenImageSource::sendPixels (733 bytes)
Event: 10.557 Thread 0x0000000008cd0000 nmethod 92 0x0000000002619b50 code [0x0000000002619d60, 0x000000000261aa10]
Event: 10.662 Thread 0x0000000008cbd000   93             sun.java2d.pipe.RegionClipSpanIterator::nextSpan (670 bytes)
Event: 10.681 Thread 0x0000000008cbd000 nmethod 93 0x000000000261b490 code [0x000000000261b680, 0x000000000261bf20]

GC Heap History (4 events):
Event: 9.933 GC heap before
{Heap before GC invocations=1 (full 0):
 PSYoungGen      total 18624K, used 16000K [0x00000000eb400000, 0x00000000ec8c0000, 0x0000000100000000)
  eden space 16000K, 100% used [0x00000000eb400000,0x00000000ec3a0000,0x00000000ec3a0000)
  from space 2624K, 0% used [0x00000000ec630000,0x00000000ec630000,0x00000000ec8c0000)
  to   space 2624K, 0% used [0x00000000ec3a0000,0x00000000ec3a0000,0x00000000ec630000)
 ParOldGen       total 42496K, used 0K [0x00000000c1c00000, 0x00000000c4580000, 0x00000000eb400000)
  object space 42496K, 0% used [0x00000000c1c00000,0x00000000c1c00000,0x00000000c4580000)
 PSPermGen       total 21248K, used 12608K [0x00000000bca00000, 0x00000000bdec0000, 0x00000000c1c00000)
  object space 21248K, 59% used [0x00000000bca00000,0x00000000bd650278,0x00000000bdec0000)
Event: 9.957 GC heap after
Heap after GC invocations=1 (full 0):
 PSYoungGen      total 18624K, used 2605K [0x00000000eb400000, 0x00000000ec8c0000, 0x0000000100000000)
  eden space 16000K, 0% used [0x00000000eb400000,0x00000000eb400000,0x00000000ec3a0000)
  from space 2624K, 99% used [0x00000000ec3a0000,0x00000000ec62b6e0,0x00000000ec630000)
  to   space 2624K, 0% used [0x00000000ec630000,0x00000000ec630000,0x00000000ec8c0000)
 ParOldGen       total 42496K, used 6061K [0x00000000c1c00000, 0x00000000c4580000, 0x00000000eb400000)
  object space 42496K, 14% used [0x00000000c1c00000,0x00000000c21eb478,0x00000000c4580000)
 PSPermGen       total 21248K, used 12608K [0x00000000bca00000, 0x00000000bdec0000, 0x00000000c1c00000)
  object space 21248K, 59% used [0x00000000bca00000,0x00000000bd650278,0x00000000bdec0000)
}
Event: 10.603 GC heap before
{Heap before GC invocations=2 (full 0):
 PSYoungGen      total 18624K, used 18605K [0x00000000eb400000, 0x00000000ec8c0000, 0x0000000100000000)
  eden space 16000K, 100% used [0x00000000eb400000,0x00000000ec3a0000,0x00000000ec3a0000)
  from space 2624K, 99% used [0x00000000ec3a0000,0x00000000ec62b6e0,0x00000000ec630000)
  to   space 2624K, 0% used [0x00000000ec630000,0x00000000ec630000,0x00000000ec8c0000)
 ParOldGen       total 42496K, used 6061K [0x00000000c1c00000, 0x00000000c4580000, 0x00000000eb400000)
  object space 42496K, 14% used [0x00000000c1c00000,0x00000000c21eb478,0x00000000c4580000)
 PSPermGen       total 21248K, used 12679K [0x00000000bca00000, 0x00000000bdec0000, 0x00000000c1c00000)
  object space 21248K, 59% used [0x00000000bca00000,0x00000000bd661e50,0x00000000bdec0000)
Event: 10.626 GC heap after
Heap after GC invocations=2 (full 0):
 PSYoungGen      total 18624K, used 2614K [0x00000000eb400000, 0x00000000ed860000, 0x0000000100000000)
  eden space 16000K, 0% used [0x00000000eb400000,0x00000000eb400000,0x00000000ec3a0000)
  from space 2624K, 99% used [0x00000000ec630000,0x00000000ec8bdae0,0x00000000ec8c0000)
  to   space 2624K, 0% used [0x00000000ec3a0000,0x00000000ec3a0000,0x00000000ec630000)
 ParOldGen       total 42496K, used 6483K [0x00000000c1c00000, 0x00000000c4580000, 0x00000000eb400000)
  object space 42496K, 15% used [0x00000000c1c00000,0x00000000c2254f18,0x00000000c4580000)
 PSPermGen       total 21248K, used 12679K [0x00000000bca00000, 0x00000000bdec0000, 0x00000000c1c00000)
  object space 21248K, 59% used [0x00000000bca00000,0x00000000bd661e50,0x00000000bdec0000)
}

Deoptimization events (9 events):
Event: 1.591 Thread 0x000000000a7d3000 Uncommon trap -122 fr.pc 0x00000000025cbda0
Event: 2.736 Thread 0x000000000a7d3000 Uncommon trap -34 fr.pc 0x00000000025c5d0c
Event: 2.736 Thread 0x000000000a7d3000 Uncommon trap -34 fr.pc 0x00000000025c5d0c
Event: 2.837 Thread 0x000000000a7d3000 Uncommon trap -34 fr.pc 0x00000000025c5d0c
Event: 2.837 Thread 0x000000000a7d3000 Uncommon trap -34 fr.pc 0x00000000025c5d0c
Event: 9.596 Thread 0x000000000a7d3000 Uncommon trap -34 fr.pc 0x00000000025dc74c
Event: 9.597 Thread 0x000000000a7d3000 Uncommon trap -34 fr.pc 0x00000000025dc74c
Event: 9.599 Thread 0x000000000a7d3000 Uncommon trap -34 fr.pc 0x00000000025dc74c
Event: 9.601 Thread 0x000000000a7d3000 Uncommon trap -34 fr.pc 0x00000000025dc74c

Internal exceptions (10 events):
Event: 9.928 Thread 0x000000000a949000 Threw 0x00000000ec3814f8 at C:\jdk7u1_64p\jdk7u9\hotspot\src\share\vm\prims\jvm.cpp:1166
Event: 9.930 Thread 0x000000000a949000 Threw 0x00000000ec3866f8 at C:\jdk7u1_64p\jdk7u9\hotspot\src\share\vm\prims\jvm.cpp:1166
Event: 9.933 Thread 0x000000000a949000 Threw 0x00000000ec38cc90 at C:\jdk7u1_64p\jdk7u9\hotspot\src\share\vm\prims\jvm.cpp:1166
Event: 9.962 Thread 0x000000000a949000 Threw 0x00000000eb4044c8 at C:\jdk7u1_64p\jdk7u9\hotspot\src\share\vm\prims\jvm.cpp:1166
Event: 9.972 Thread 0x000000000a949000 Threw 0x00000000eb408c28 at C:\jdk7u1_64p\jdk7u9\hotspot\src\share\vm\prims\jvm.cpp:1166
Event: 10.176 Thread 0x000000000a949000 Threw 0x00000000eb613b08 at C:\jdk7u1_64p\jdk7u9\hotspot\src\share\vm\prims\jvm.cpp:1166
Event: 10.179 Thread 0x000000000a949000 Threw 0x00000000eb61c660 at C:\jdk7u1_64p\jdk7u9\hotspot\src\share\vm\prims\jvm.cpp:1166
Event: 10.183 Thread 0x000000000a949000 Threw 0x00000000eb621f98 at C:\jdk7u1_64p\jdk7u9\hotspot\src\share\vm\prims\jvm.cpp:1166
Event: 10.185 Thread 0x000000000a949000 Threw 0x00000000eb69c828 at C:\jdk7u1_64p\jdk7u9\hotspot\src\share\vm\prims\jvm.cpp:1166
Event: 10.406 Thread 0x000000000a949000 Threw 0x00000000eb6a5e08 at C:\jdk7u1_64p\jdk7u9\hotspot\src\share\vm\prims\jvm.cpp:1166

Events (10 events):
Event: 10.638 Executing VM operation: RevokeBias
Event: 10.639 Executing VM operation: RevokeBias done
Event: 10.639 Executing VM operation: RevokeBias
Event: 10.639 Executing VM operation: RevokeBias done
Event: 10.639 Executing VM operation: RevokeBias
Event: 10.639 Executing VM operation: RevokeBias done
Event: 10.639 Executing VM operation: RevokeBias
Event: 10.643 Executing VM operation: RevokeBias done
Event: 10.643 Executing VM operation: BulkRevokeBias
Event: 10.643 Executing VM operation: BulkRevokeBias done


Dynamic libraries:
0x000000013f370000 - 0x000000013f3a4000 	C:\Program Files\Java\jdk1.7.0_09\bin\javaw.exe
0x0000000076e00000 - 0x0000000076fa9000 	C:\Windows\SYSTEM32\ntdll.dll
0x0000000076930000 - 0x0000000076a4f000 	C:\Windows\system32\kernel32.dll
0x000007fefd330000 - 0x000007fefd39b000 	C:\Windows\system32\KERNELBASE.dll
0x000007fefda60000 - 0x000007fefdb3b000 	C:\Windows\system32\ADVAPI32.dll
0x000007fefd630000 - 0x000007fefd6cf000 	C:\Windows\system32\msvcrt.dll
0x000007fefd700000 - 0x000007fefd71f000 	C:\Windows\SYSTEM32\sechost.dll
0x000007fefd8d0000 - 0x000007fefd9fd000 	C:\Windows\system32\RPCRT4.dll
0x0000000076a50000 - 0x0000000076b4a000 	C:\Windows\system32\USER32.dll
0x000007fefed50000 - 0x000007fefedb7000 	C:\Windows\system32\GDI32.dll
0x000007fefec60000 - 0x000007fefec6e000 	C:\Windows\system32\LPK.dll
0x000007feff040000 - 0x000007feff109000 	C:\Windows\system32\USP10.dll
0x000007fefb8c0000 - 0x000007fefbab4000 	C:\Windows\WinSxS\amd64_microsoft.windows.common-controls_6595b64144ccf1df_6.0.7601.17514_none_fa396087175ac9ac\COMCTL32.dll
0x000007fefebe0000 - 0x000007fefec51000 	C:\Windows\system32\SHLWAPI.dll
0x000007fefd6d0000 - 0x000007fefd6fe000 	C:\Windows\system32\IMM32.DLL
0x000007fefd720000 - 0x000007fefd829000 	C:\Windows\system32\MSCTF.dll
0x00000000679e0000 - 0x0000000067ab1000 	C:\Program Files\Java\jdk1.7.0_09\jre\bin\msvcr100.dll
0x000000005bef0000 - 0x000000005c60f000 	C:\Program Files\Java\jdk1.7.0_09\jre\bin\server\jvm.dll
0x000007fef22c0000 - 0x000007fef22c9000 	C:\Windows\system32\WSOCK32.dll
0x000007fefeae0000 - 0x000007fefeb2d000 	C:\Windows\system32\WS2_32.dll
0x000007fefeb30000 - 0x000007fefeb38000 	C:\Windows\system32\NSI.dll
0x000007fefab00000 - 0x000007fefab3b000 	C:\Windows\system32\WINMM.dll
0x0000000076fc0000 - 0x0000000076fc7000 	C:\Windows\system32\PSAPI.DLL
0x00000000735a0000 - 0x00000000735af000 	C:\Program Files\Java\jdk1.7.0_09\jre\bin\verify.dll
0x00000000709d0000 - 0x00000000709f8000 	C:\Program Files\Java\jdk1.7.0_09\jre\bin\java.dll
0x00000000709b0000 - 0x00000000709c5000 	C:\Program Files\Java\jdk1.7.0_09\jre\bin\zip.dll
0x0000000067700000 - 0x0000000067893000 	C:\Program Files\Java\jdk1.7.0_09\jre\bin\awt.dll
0x000007fefec70000 - 0x000007fefed47000 	C:\Windows\system32\OLEAUT32.dll
0x000007fefe8d0000 - 0x000007fefead3000 	C:\Windows\system32\ole32.dll
0x000007fefb830000 - 0x000007fefb886000 	C:\Windows\system32\uxtheme.dll
0x000007fef62f0000 - 0x000007fef636f000 	C:\Program Files\Common Files\microsoft shared\ink\tiptsf.dll
0x000007fefc400000 - 0x000007fefc40c000 	C:\Windows\system32\version.dll
0x000007fefa470000 - 0x000007fefa488000 	C:\Windows\system32\dwmapi.dll
0x000007fefd190000 - 0x000007fefd19f000 	C:\Windows\system32\CRYPTBASE.dll
0x000007fefaae0000 - 0x000007fefaae9000 	C:\Program Files\Synergy\synrgyhk.DLL
0x000007fefdb40000 - 0x000007fefe8c8000 	C:\Windows\system32\SHELL32.dll
0x0000000070970000 - 0x00000000709a4000 	C:\Program Files\Java\jdk1.7.0_09\jre\bin\fontmanager.dll
0x000007fefd830000 - 0x000007fefd8c9000 	C:\Windows\system32\CLBCatQ.DLL
0x000007fefa240000 - 0x000007fefa3a1000 	C:\Windows\system32\WindowsCodecs.dll
0x000007fefd130000 - 0x000007fefd187000 	C:\Windows\system32\apphelp.dll
0x0000000010000000 - 0x000000001003c000 	C:\Program Files (x86)\ASUS\ASUS WebStorage\3.0.108.222\ASUSWSShellExt64.dll
0x000007fef6a50000 - 0x000007fef6a7b000 	C:\Users\asus\AppData\Roaming\Dropbox\bin\DropboxExt64.19.dll
0x000007fef6920000 - 0x000007fef6a45000 	C:\Windows\system32\dbghelp.dll
0x0000000070b70000 - 0x0000000070c43000 	C:\Windows\WinSxS\amd64_microsoft.vc90.crt_1fc8b3b9a1e18e3b_9.0.30729.6161_none_08e61857a83bc251\MSVCP90.dll
0x0000000070ac0000 - 0x0000000070b63000 	C:\Windows\WinSxS\amd64_microsoft.vc90.crt_1fc8b3b9a1e18e3b_9.0.30729.6161_none_08e61857a83bc251\MSVCR90.dll
0x000007fef68e0000 - 0x000007fef6915000 	C:\Windows\system32\EhStorShell.dll
0x000007fefee40000 - 0x000007feff017000 	C:\Windows\system32\SETUPAPI.dll
0x000007fefd3a0000 - 0x000007fefd3d6000 	C:\Windows\system32\CFGMGR32.dll
0x000007fefd310000 - 0x000007fefd32a000 	C:\Windows\system32\DEVOBJ.dll
0x000007fefbee0000 - 0x000007fefc00c000 	C:\Windows\system32\PROPSYS.dll
0x000007fef6860000 - 0x000007fef68e0000 	C:\Windows\system32\ntshrui.dll
0x000007fefcdb0000 - 0x000007fefcdd3000 	C:\Windows\system32\srvcli.dll
0x000007fef7590000 - 0x000007fef759f000 	C:\Windows\system32\cscapi.dll
0x000007fefb3f0000 - 0x000007fefb3fb000 	C:\Windows\system32\slc.dll
0x000007fef9ed0000 - 0x000007fef9f24000 	C:\Windows\system32\oleacc.dll
0x0000000070880000 - 0x0000000070899000 	C:\Program Files\Java\jdk1.7.0_09\jre\bin\net.dll
0x0000000180000000 - 0x0000000180077000 	C:\Windows\system32\ASProxy64.dll
0x000007fefcad0000 - 0x000007fefcb25000 	C:\Windows\system32\MSWSOCK.dll
0x000007fefc420000 - 0x000007fefc447000 	C:\Windows\system32\IPHLPAPI.DLL
0x000007fefc410000 - 0x000007fefc41b000 	C:\Windows\system32\WINNSI.DLL
0x000007fefd100000 - 0x000007fefd125000 	C:\Windows\system32\SspiCli.dll
0x000007fefcb30000 - 0x000007fefcb47000 	C:\Windows\system32\CRYPTSP.dll
0x000007fefc830000 - 0x000007fefc877000 	C:\Windows\system32\rsaenh.dll
0x000007fefd240000 - 0x000007fefd254000 	C:\Windows\system32\RpcRtRemote.dll
0x000007fefd1a0000 - 0x000007fefd231000 	C:\Windows\system32\SXS.DLL
0x000007fefcac0000 - 0x000007fefcac7000 	C:\Windows\System32\wship6.dll
0x0000000070860000 - 0x0000000070871000 	C:\Program Files\Java\jdk1.7.0_09\jre\bin\nio.dll
0x000000006f010000 - 0x000000006f051000 	C:\Program Files\Java\jdk1.7.0_09\jre\bin\t2k.dll
0x000007fef5a70000 - 0x000007fef5b0c000 	C:\Windows\system32\mscms.dll
0x000007fefc560000 - 0x000007fefc57e000 	C:\Windows\system32\USERENV.dll
0x000007fefd260000 - 0x000007fefd26f000 	C:\Windows\system32\profapi.dll
0x000007fef6c30000 - 0x000007fef6c72000 	C:\Windows\system32\icm32.dll
0x000007fef5b70000 - 0x000007fef5c0e000 	C:\Windows\system32\RICHED20.DLL
0x0000000070840000 - 0x000000007084b000 	C:\Program Files\Java\jdk1.7.0_09\jre\bin\management.dll
0x000007fefa400000 - 0x000007fefa41e000 	C:\Users\asus\AppData\Local\Temp\javacpp629583330881984\jnivideoInputLib.dll
0x000007fef10d0000 - 0x000007fef10e6000 	C:\Windows\system32\devenum.dll
0x000007fefb800000 - 0x000007fefb82d000 	C:\Windows\system32\ntmarta.dll
0x000007fefda00000 - 0x000007fefda52000 	C:\Windows\system32\WLDAP32.dll
0x000007fefd550000 - 0x000007fefd589000 	C:\Windows\system32\WINTRUST.dll
0x000007fefd3e0000 - 0x000007fefd54a000 	C:\Windows\system32\CRYPT32.dll
0x000007fefd300000 - 0x000007fefd30f000 	C:\Windows\system32\MSASN1.dll
0x000007fef0fb0000 - 0x000007fef0fbd000 	C:\Windows\system32\msdmo.dll
0x000007fef6d30000 - 0x000007fef6d5f000 	C:\Windows\system32\qcap.dll
0x000007feee320000 - 0x000007feee4d2000 	C:\Windows\system32\quartz.dll
0x000007fef6a80000 - 0x000007fef6ac1000 	C:\Windows\system32\ksproxy.ax
0x0000000074690000 - 0x0000000074696000 	C:\Windows\system32\ksuser.dll
0x000007fef9af0000 - 0x000007fef9cef000 	C:\Windows\system32\d3d9.dll
0x000007fef9ae0000 - 0x000007fef9ae7000 	C:\Windows\system32\d3d8thk.dll
0x000007fefa3e0000 - 0x000007fefa3eb000 	C:\Windows\system32\vidcap.ax
0x000007fef9d50000 - 0x000007fef9d74000 	C:\Windows\system32\kswdmcap.ax
0x000007fef5910000 - 0x000007fef5a6c000 	C:\Windows\system32\MFC42.dll
0x000007fef5850000 - 0x000007fef5901000 	C:\Windows\system32\ODBC32.dll
0x000000006ee30000 - 0x000000006ee68000 	C:\Windows\system32\odbcint.dll
0x000007fef0f00000 - 0x000007fef0f9b000 	C:\Windows\System32\qedit.dll
0x000007fef6d00000 - 0x000007fef6d29000 	C:\Windows\System32\MSVFW32.dll
0x000007fefeb40000 - 0x000007fefebd7000 	C:\Windows\system32\COMDLG32.dll
0x000007fefb510000 - 0x000007fefb726000 	C:\Windows\WinSxS\amd64_microsoft.windows.gdiplus_6595b64144ccf1df_1.1.7601.17825_none_2b253c8271ec7765\gdiplus.dll
0x000007fef40c0000 - 0x000007fef41b1000 	C:\Windows\system32\DDRAW.dll
0x000007fef8600000 - 0x000007fef8608000 	C:\Windows\system32\DCIMAN32.dll
0x00000000723c0000 - 0x0000000072458000 	C:\Windows\System32\msvcp100.dll
0x000007fee92c0000 - 0x000007fee952b000 	D:\Downloads\opencv\build\x64\vc10\bin\opencv_core244.dll
0x000007fef3e80000 - 0x000007fef3f15000 	C:\Users\asus\AppData\Local\Temp\javacpp629583330881984\jniopencv_core.dll
0x000007fee9a80000 - 0x000007fee9d25000 	D:\Downloads\opencv\build\x64\vc10\bin\opencv_imgproc244.dll
0x000007fef5800000 - 0x000007fef5849000 	C:\Users\asus\AppData\Local\Temp\javacpp629583330881984\jniopencv_imgproc.dll
0x0000000066840000 - 0x00000000675ca000 	D:\Downloads\opencv\build\x64\vc10\bin\opencv_ffmpeg244_64.dll
0x000007fee8ee0000 - 0x000007fee9130000 	D:\Downloads\opencv\build\x64\vc10\bin\opencv_highgui244.dll
0x000007fef6b80000 - 0x000007fef6b9f000 	C:\Windows\system32\AVIFIL32.dll
0x000007fef1670000 - 0x000007fef1688000 	C:\Windows\system32\MSACM32.dll
0x000007fef6c10000 - 0x000007fef6c27000 	C:\Windows\system32\AVICAP32.dll
0x000007fef6b60000 - 0x000007fef6b73000 	C:\Users\asus\AppData\Local\Temp\javacpp629583330881984\jniopencv_highgui.dll
0x000007fee99b0000 - 0x000007fee9a7d000 	D:\Downloads\opencv\build\x64\vc10\bin\opencv_objdetect244.dll
0x000007fef2270000 - 0x000007fef22b9000 	C:\Users\asus\AppData\Local\Temp\javacpp629583330881984\jniopencv_objdetect.dll

VM Arguments:
jvm_args: -Dfile.encoding=Cp1252 
java_command: ClientMain
Launcher Type: SUN_STANDARD

Environment Variables:
PATH=C:/Program Files (x86)/Java/jdk1.7.0_17/bin/../jre/bin/client;C:/Program Files (x86)/Java/jdk1.7.0_17/bin/../jre/bin;C:/Program Files (x86)/Java/jdk1.7.0_17/bin/../jre/lib/i386;D:\Downloads\opencv\build\x64\vc10\bin;D:\Downloads\opencv\build\common\tbb\intel64\vc10\;C:\Program Files (x86)\Java\jdk1.7.0_17\bin;C:\Program Files (x86)\Intel\iCLS Client\;C:\Program Files\Intel\iCLS Client\;C:\Program Files (x86)\NVIDIA Corporation\PhysX\Common;C:\Program Files\Common Files\Microsoft Shared\Windows Live;C:\Program Files (x86)\Common Files\Microsoft Shared\Windows Live;C:\Windows\system32;C:\Windows;C:\Windows\System32\Wbem;C:\Windows\System32\WindowsPowerShell\v1.0\;C:\Program Files (x86)\Windows Live\Shared;C:\Program Files (x86)\Intel\OpenCL SDK\2.0\bin\x86;C:\Program Files (x86)\Intel\OpenCL SDK\2.0\bin\x64;C:\Program Files\Intel\Intel(R) Management Engine Components\DAL;C:\Program Files\Intel\Intel(R) Management Engine Components\IPT;C:\Program Files (x86)\Intel\Intel(R) Management Engine Components\DAL;C:\Program Files (x86)\Intel\Intel(R) Management Engine Components\IPT;C:\Program Files\Intel\WiFi\bin\;C:\Program Files\Common Files\Intel\WirelessCommon\;C:\Program Files\Diskeeper Corporation\ExpressCache\;C:\Program Files\MiKTeX 2.9\miktex\bin;D:\Downloads\javamail-1.4.7\mail.jar;;D:\Downloads\eclipse;
USERNAME=asus
OS=Windows_NT
PROCESSOR_IDENTIFIER=Intel64 Family 6 Model 58 Stepping 9, GenuineIntel



---------------  S Y S T E M  ---------------

OS: Windows 7 , 64 bit Build 7601 Service Pack 1

CPU:total 4 (2 cores per cpu, 2 threads per core) family 6 model 58 stepping 9, cmov, cx8, fxsr, mmx, sse, sse2, sse3, ssse3, sse4.1, sse4.2, popcnt, avx, ht, tsc, tscinvbit, tscinv

Memory: 4k page, physical 4077492k(1861700k free), swap 8153124k(4742148k free)

vm_info: Java HotSpot(TM) 64-Bit Server VM (23.5-b02) for windows-amd64 JRE (1.7.0_09-b05), built on Sep 24 2012 21:45:04 by "java_re" with unknown MS VC++:1600

time: Wed Jun 05 18:43:14 2013
elapsed time: 10 seconds

