#
# A fatal error has been detected by the Java Runtime Environment:
#
#  EXCEPTION_ACCESS_VIOLATION (0xc0000005) at pc=0x0000000073efc1be, pid=2464, tid=5588
#
# JRE version: 6.0_27-b07
# Java VM: Java HotSpot(TM) 64-Bit Server VM (20.2-b06 mixed mode windows-amd64 compressed oops)
# Problematic frame:
# C  [MSVCR100.dll+0x3c1be]
#
# If you would like to submit a bug report, please visit:
#   http://java.sun.com/webapps/bugreport/crash.jsp
# The crash happened outside the Java Virtual Machine in native code.
# See problematic frame for where to report the bug.
#

---------------  T H R E A D  ---------------

Current thread (0x0000000007f0e800):  JavaThread "Thread-5" [_thread_in_native, id=5588, stack(0x000000000a160000,0x000000000a260000)]

siginfo: ExceptionCode=0xc0000005, writing address 0x000000000a643758

Registers:
RAX=0x231d1826201b2422, RBX=0x000000000a642fe0, RCX=0x000000000a643740, RDX=0xffffffffffffd920
RSP=0x000000000a25f628, RBP=0x00000000000001e0, RSI=0x0000000000000780, RDI=0x000000000a640900
R8 =0x0000000000000780, R9 =0x000000000000003c, R10=0x1e23211d21211a24, R11=0x000000000a642fe0
R12=0xfffffffffffff880, R13=0x000000000a642fe0, R14=0x000000000a25f7e0, R15=0x0000000007f0e800
RIP=0x0000000073efc1be, EFLAGS=0x0000000000010202

Top of Stack: (sp=0x000000000a25f628)
0x000000000a25f628:   000007fefb9e393e 0000000000000000
0x000000000a25f638:   000000000a25f660 0000000000000000
0x000000000a25f648:   0000000007f0e9d0 0000000007f0e9d0
0x000000000a25f658:   000007fefb9e259a 000000000a25f700
0x000000000a25f668:   0000000000000000 0000000000000000
0x000000000a25f678:   00000000074023a0 00000000080abb00
0x000000000a25f688:   000000006da7c301 0000000000000000
0x000000000a25f698:   000000000a25f7d0 0000000007f0e9d0
0x000000000a25f6a8:   000007fefb9ea199 000000000a642fe0
0x000000000a25f6b8:   000000006daee182 000000000a25f7a0
0x000000000a25f6c8:   00000000074023a0 0000000006681801
0x000000000a25f6d8:   0000000007f0e800 00000000ffffff00
0x000000000a25f6e8:   fffffffffffffffe 00000000bd279e18
0x000000000a25f6f8:   0000000000000000 0000000002555a0e
0x000000000a25f708:   0000000002561366 0000000007f0e9d0
0x000000000a25f718:   00000000bd279e18 00000000bcf786e0 

Instructions: (pc=0x0000000073efc1be)
0x0000000073efc19e:   00 00 66 66 66 90 66 66 90 49 81 f9 00 20 00 00
0x0000000073efc1ae:   73 42 48 8b 44 0a f8 4c 8b 54 0a f0 48 83 e9 20
0x0000000073efc1be:   48 89 41 18 4c 89 51 10 48 8b 44 0a 08 4c 8b 14
0x0000000073efc1ce:   0a 49 ff c9 48 89 41 08 4c 89 11 75 d5 49 83 e0 


Register to memory mapping:

RAX=0x231d1826201b2422 is an unknown value
RBX=0x000000000a642fe0 is an unknown value
RCX=0x000000000a643740 is an unknown value
RDX=0xffffffffffffd920 is an unknown value
RSP=0x000000000a25f628 is pointing into the stack for thread: 0x0000000007f0e800
RBP=0x00000000000001e0 is an unknown value
RSI=0x0000000000000780 is an unknown value
RDI=0x000000000a640900 is an unknown value
R8 =0x0000000000000780 is an unknown value
R9 =0x000000000000003c is an unknown value
R10=0x1e23211d21211a24 is an unknown value
R11=0x000000000a642fe0 is an unknown value
R12=0xfffffffffffff880 is an unknown value
R13=0x000000000a642fe0 is an unknown value
R14=0x000000000a25f7e0 is pointing into the stack for thread: 0x0000000007f0e800
R15=0x0000000007f0e800 is a thread


Stack: [0x000000000a160000,0x000000000a260000],  sp=0x000000000a25f628,  free space=1021k
Native frames: (J=compiled Java code, j=interpreted, Vv=VM code, C=native code)
C  [MSVCR100.dll+0x3c1be]  memmove+0x25e

[error occurred during error reporting (printing native stack), id 0xc0000005]

Java frames: (J=compiled Java code, j=interpreted, Vv=VM code)
j  com.googlecode.javacv.cpp.videoInputLib$videoInput.getPixels(ILcom/googlecode/javacpp/BytePointer;ZZ)Z+0
j  com.googlecode.javacv.VideoInputFrameGrabber.grab()Lcom/googlecode/javacv/cpp/opencv_core$IplImage;+107
j  LiveImage.run()V+5
j  java.lang.Thread.run()V+11
v  ~StubRoutines::call_stub

---------------  P R O C E S S  ---------------

Java Threads: ( => current thread )
  0x0000000008332800 JavaThread "Thread-7" [_thread_in_native, id=1372, stack(0x000000000cbd0000,0x000000000ccd0000)]
  0x0000000008036800 JavaThread "Thread-6" [_thread_in_native, id=7676, stack(0x000000000b0f0000,0x000000000b1f0000)]
=>0x0000000007f0e800 JavaThread "Thread-5" [_thread_in_native, id=5588, stack(0x000000000a160000,0x000000000a260000)]
  0x0000000007b40800 JavaThread "Thread-3" [_thread_blocked, id=7504, stack(0x0000000007f20000,0x0000000008020000)]
  0x0000000006768000 JavaThread "Image Fetcher 0" daemon [_thread_blocked, id=7356, stack(0x0000000007a20000,0x0000000007b20000)]
  0x00000000005cc000 JavaThread "DestroyJavaVM" [_thread_blocked, id=5904, stack(0x0000000002450000,0x0000000002550000)]
  0x000000000666e000 JavaThread "AWT-EventQueue-0" [_thread_blocked, id=2164, stack(0x0000000007510000,0x0000000007610000)]
  0x000000000666d000 JavaThread "AWT-Windows" daemon [_thread_in_Java, id=6748, stack(0x0000000007220000,0x0000000007320000)]
  0x000000000666c000 JavaThread "AWT-Shutdown" [_thread_blocked, id=6024, stack(0x0000000007120000,0x0000000007220000)]
  0x0000000006690000 JavaThread "Java2D Disposer" daemon [_thread_blocked, id=3352, stack(0x0000000007020000,0x0000000007120000)]
  0x000000000664a000 JavaThread "Low Memory Detector" daemon [_thread_blocked, id=7632, stack(0x0000000006bd0000,0x0000000006cd0000)]
  0x000000000663f800 JavaThread "C2 CompilerThread1" daemon [_thread_blocked, id=4700, stack(0x0000000006ad0000,0x0000000006bd0000)]
  0x0000000006628000 JavaThread "C2 CompilerThread0" daemon [_thread_blocked, id=1292, stack(0x00000000069d0000,0x0000000006ad0000)]
  0x0000000006624800 JavaThread "Attach Listener" daemon [_thread_blocked, id=7184, stack(0x00000000068d0000,0x00000000069d0000)]
  0x000000000661f000 JavaThread "Signal Dispatcher" daemon [_thread_blocked, id=7660, stack(0x00000000067d0000,0x00000000068d0000)]
  0x000000000052c000 JavaThread "Finalizer" daemon [_thread_blocked, id=3528, stack(0x00000000064d0000,0x00000000065d0000)]
  0x0000000000525800 JavaThread "Reference Handler" daemon [_thread_blocked, id=4540, stack(0x00000000063d0000,0x00000000064d0000)]

Other Threads:
  0x000000000051d000 VMThread [stack: 0x00000000062d0000,0x00000000063d0000] [id=3928]
  0x000000000665b800 WatcherThread [stack: 0x0000000006cd0000,0x0000000006dd0000] [id=4120]

VM state:not at safepoint (normal execution)

VM Mutex/Monitor currently owned by a thread: None

Heap
 PSYoungGen      total 18624K, used 8205K [0x00000000eb400000, 0x00000000ec8c0000, 0x0000000100000000)
  eden space 16000K, 35% used [0x00000000eb400000,0x00000000eb97ae68,0x00000000ec3a0000)
  from space 2624K, 98% used [0x00000000ec3a0000,0x00000000ec6286e0,0x00000000ec630000)
  to   space 2624K, 0% used [0x00000000ec630000,0x00000000ec630000,0x00000000ec8c0000)
 PSOldGen        total 42496K, used 1099K [0x00000000c1c00000, 0x00000000c4580000, 0x00000000eb400000)
  object space 42496K, 2% used [0x00000000c1c00000,0x00000000c1d12eb8,0x00000000c4580000)
 PSPermGen       total 21248K, used 11971K [0x00000000bca00000, 0x00000000bdec0000, 0x00000000c1c00000)
  object space 21248K, 56% used [0x00000000bca00000,0x00000000bd5b0c80,0x00000000bdec0000)

Code Cache  [0x0000000002550000, 0x00000000027c0000, 0x0000000005550000)
 total_blobs=514 nmethods=62 adapters=406 free_code_cache=49629888 largest_free_block=6592

Dynamic libraries:
0x0000000000400000 - 0x000000000042e000 	C:\Program Files\Java\jdk1.6.0_27\bin\javaw.exe
0x0000000077170000 - 0x0000000077319000 	C:\Windows\SYSTEM32\ntdll.dll
0x0000000076a90000 - 0x0000000076baf000 	C:\Windows\system32\kernel32.dll
0x000007fefd6a0000 - 0x000007fefd70b000 	C:\Windows\system32\KERNELBASE.dll
0x000007fefdce0000 - 0x000007fefddbb000 	C:\Windows\system32\ADVAPI32.dll
0x000007fefe420000 - 0x000007fefe4bf000 	C:\Windows\system32\msvcrt.dll
0x000007fefe690000 - 0x000007fefe6af000 	C:\Windows\SYSTEM32\sechost.dll
0x000007fefe0e0000 - 0x000007fefe20d000 	C:\Windows\system32\RPCRT4.dll
0x0000000076d00000 - 0x0000000076dfa000 	C:\Windows\system32\USER32.dll
0x000007fefdc70000 - 0x000007fefdcd7000 	C:\Windows\system32\GDI32.dll
0x000007feff470000 - 0x000007feff47e000 	C:\Windows\system32\LPK.dll
0x000007fefe5c0000 - 0x000007fefe689000 	C:\Windows\system32\USP10.dll
0x000007fefe0b0000 - 0x000007fefe0de000 	C:\Windows\system32\IMM32.DLL
0x000007fefdea0000 - 0x000007fefdfa9000 	C:\Windows\system32\MSCTF.dll
0x000000006d890000 - 0x000000006e048000 	C:\Program Files\Java\jdk1.6.0_27\jre\bin\server\jvm.dll
0x000007fefbb20000 - 0x000007fefbb5b000 	C:\Windows\system32\WINMM.dll
0x000000006d800000 - 0x000000006d80e000 	C:\Program Files\Java\jdk1.6.0_27\jre\bin\verify.dll
0x000000006d450000 - 0x000000006d477000 	C:\Program Files\Java\jdk1.6.0_27\jre\bin\java.dll
0x000000006d850000 - 0x000000006d862000 	C:\Program Files\Java\jdk1.6.0_27\jre\bin\zip.dll
0x000000006d0a0000 - 0x000000006d263000 	C:\Program Files\Java\jdk1.6.0_27\jre\bin\awt.dll
0x000007fef9e70000 - 0x000007fef9ee1000 	C:\Windows\system32\WINSPOOL.DRV
0x000007fefe210000 - 0x000007fefe413000 	C:\Windows\system32\ole32.dll
0x000007fefe6c0000 - 0x000007feff448000 	C:\Windows\system32\SHELL32.dll
0x000007fefe030000 - 0x000007fefe0a1000 	C:\Windows\system32\SHLWAPI.dll
0x000007fefc1a0000 - 0x000007fefc394000 	C:\Windows\WinSxS\amd64_microsoft.windows.common-controls_6595b64144ccf1df_6.0.7601.17514_none_fa396087175ac9ac\COMCTL32.dll
0x000007fefa280000 - 0x000007fefa298000 	C:\Windows\system32\DWMAPI.DLL
0x000007fefbdf0000 - 0x000007fefbe46000 	C:\Windows\system32\uxtheme.dll
0x000007fef4e20000 - 0x000007fef4e9f000 	C:\Program Files\Common Files\microsoft shared\ink\tiptsf.dll
0x000007fefddc0000 - 0x000007fefde97000 	C:\Windows\system32\OLEAUT32.dll
0x000007fefc770000 - 0x000007fefc77c000 	C:\Windows\system32\version.dll
0x000007fefd500000 - 0x000007fefd50f000 	C:\Windows\system32\CRYPTBASE.dll
0x000007fef94a0000 - 0x000007fef94a9000 	C:\Program Files\Synergy\synrgyhk.DLL
0x0000000073ec0000 - 0x0000000073f92000 	C:\Windows\system32\MSVCR100.dll
0x000000006d340000 - 0x000000006d3a6000 	C:\Program Files\Java\jdk1.6.0_27\jre\bin\fontmanager.dll
0x000007fef1e90000 - 0x000007fef1f2e000 	C:\Windows\system32\RICHED20.DLL
0x000007fefb9e0000 - 0x000007fefb9fe000 	C:\Users\asus\AppData\Local\Temp\javacpp17730593353879\jnivideoInputLib.dll
0x000007fefdbd0000 - 0x000007fefdc69000 	C:\Windows\system32\CLBCatQ.DLL
0x000007fef03e0000 - 0x000007fef03f6000 	C:\Windows\system32\devenum.dll
0x000007fefd9a0000 - 0x000007fefdb77000 	C:\Windows\system32\setupapi.dll
0x000007fefd960000 - 0x000007fefd996000 	C:\Windows\system32\CFGMGR32.dll
0x000007fefd680000 - 0x000007fefd69a000 	C:\Windows\system32\DEVOBJ.dll
0x000007fefbb60000 - 0x000007fefbb8d000 	C:\Windows\system32\ntmarta.dll
0x000007fefe560000 - 0x000007fefe5b2000 	C:\Windows\system32\WLDAP32.dll
0x000007fefd710000 - 0x000007fefd749000 	C:\Windows\system32\WINTRUST.dll
0x000007fefd750000 - 0x000007fefd8ba000 	C:\Windows\system32\CRYPT32.dll
0x000007fefd670000 - 0x000007fefd67f000 	C:\Windows\system32\MSASN1.dll
0x000007fef2450000 - 0x000007fef245d000 	C:\Windows\system32\msdmo.dll
0x000007fefb990000 - 0x000007fefb9bf000 	C:\Windows\system32\qcap.dll
0x000007fef1cd0000 - 0x000007fef1e82000 	C:\Windows\system32\quartz.dll
0x000007fefb8c0000 - 0x000007fefb901000 	C:\Windows\system32\ksproxy.ax
0x0000000074a00000 - 0x0000000074a06000 	C:\Windows\system32\ksuser.dll
0x000007fef7a40000 - 0x000007fef7c3f000 	C:\Windows\system32\d3d9.dll
0x000007fef7a30000 - 0x000007fef7a37000 	C:\Windows\system32\d3d8thk.dll
0x000000006d6a0000 - 0x000000006d6b7000 	C:\Program Files\Java\jdk1.6.0_27\jre\bin\net.dll
0x000007fefdb80000 - 0x000007fefdbcd000 	C:\Windows\system32\WS2_32.dll
0x000007fefe6b0000 - 0x000007fefe6b8000 	C:\Windows\system32\NSI.dll
0x0000000180000000 - 0x0000000180077000 	C:\Windows\system32\ASProxy64.dll
0x000007fefce20000 - 0x000007fefce75000 	C:\Windows\system32\MSWSOCK.dll
0x000007fefc790000 - 0x000007fefc7b7000 	C:\Windows\system32\IPHLPAPI.DLL
0x000007fefc780000 - 0x000007fefc78b000 	C:\Windows\system32\WINNSI.DLL
0x000007fefd470000 - 0x000007fefd495000 	C:\Windows\system32\SspiCli.dll
0x000007fefb8b0000 - 0x000007fefb8bb000 	C:\Windows\system32\vidcap.ax
0x000007fefb7e0000 - 0x000007fefb804000 	C:\Windows\system32\kswdmcap.ax
0x000007fee98e0000 - 0x000007fee9a3c000 	C:\Windows\system32\MFC42.dll
0x000007feefef0000 - 0x000007feeffa1000 	C:\Windows\system32\ODBC32.dll
0x000000005ca70000 - 0x000000005caa8000 	C:\Windows\system32\odbcint.dll
0x000007fef1720000 - 0x000007fef17bb000 	C:\Windows\System32\qedit.dll
0x000007fef8d50000 - 0x000007fef8d79000 	C:\Windows\System32\MSVFW32.dll
0x000007fefe4c0000 - 0x000007fefe557000 	C:\Windows\system32\COMDLG32.dll
0x000007fefab70000 - 0x000007fefad86000 	C:\Windows\WinSxS\amd64_microsoft.windows.gdiplus_6595b64144ccf1df_1.1.7601.17825_none_2b253c8271ec7765\gdiplus.dll
0x000007fefce10000 - 0x000007fefce17000 	C:\Windows\System32\wship6.dll
0x000007fef7870000 - 0x000007fef7961000 	C:\Windows\system32\DDRAW.dll
0x000007fefbe60000 - 0x000007fefbe68000 	C:\Windows\system32\DCIMAN32.dll
0x000000006d6c0000 - 0x000000006d6cb000 	C:\Program Files\Java\jdk1.6.0_27\jre\bin\nio.dll
0x000007fefc750000 - 0x000007fefc757000 	C:\Windows\System32\wshtcpip.dll
0x0000000073e20000 - 0x0000000073eb8000 	C:\Windows\System32\msvcp100.dll
0x000007fee9670000 - 0x000007fee98db000 	D:\Downloads\opencv\build\x64\vc10\bin\opencv_core244.dll
0x000007feef7d0000 - 0x000007feef865000 	C:\Users\asus\AppData\Local\Temp\javacpp17730593353879\jniopencv_core.dll
0x000007fee93c0000 - 0x000007fee9665000 	D:\Downloads\opencv\build\x64\vc10\bin\opencv_imgproc244.dll
0x000007fef8070000 - 0x000007fef80b9000 	C:\Users\asus\AppData\Local\Temp\javacpp17730593353879\jniopencv_imgproc.dll
0x0000000066840000 - 0x00000000675ca000 	D:\Downloads\opencv\build\x64\vc10\bin\opencv_ffmpeg244_64.dll
0x000007fef7e90000 - 0x000007fef7e99000 	C:\Windows\system32\WSOCK32.dll
0x000007fee9170000 - 0x000007fee93c0000 	D:\Downloads\opencv\build\x64\vc10\bin\opencv_highgui244.dll
0x000007fefb890000 - 0x000007fefb8af000 	C:\Windows\system32\AVIFIL32.dll
0x000007fefba70000 - 0x000007fefba88000 	C:\Windows\system32\MSACM32.dll
0x000007fef8ed0000 - 0x000007fef8ee7000 	C:\Windows\system32\AVICAP32.dll
0x000007fef8eb0000 - 0x000007fef8ec3000 	C:\Users\asus\AppData\Local\Temp\javacpp17730593353879\jniopencv_highgui.dll
0x000007feef2a0000 - 0x000007feef36d000 	D:\Downloads\opencv\build\x64\vc10\bin\opencv_objdetect244.dll
0x000007fef7820000 - 0x000007fef7869000 	C:\Users\asus\AppData\Local\Temp\javacpp17730593353879\jniopencv_objdetect.dll
0x000007fef9e10000 - 0x000007fef9e64000 	C:\Windows\system32\oleacc.dll
0x000007fefd510000 - 0x000007fefd5a1000 	C:\Windows\system32\SXS.DLL
0x0000000077330000 - 0x0000000077337000 	C:\Windows\system32\PSAPI.DLL
0x000007fef73c0000 - 0x000007fef74e5000 	C:\Windows\system32\dbghelp.dll

VM Arguments:
jvm_args: -Dfile.encoding=Cp1252 
java_command: ClientHome
Launcher Type: SUN_STANDARD

Environment Variables:
PATH=C:/Program Files (x86)/Java/jdk1.7.0_17/bin/../jre/bin/client;C:/Program Files (x86)/Java/jdk1.7.0_17/bin/../jre/bin;C:/Program Files (x86)/Java/jdk1.7.0_17/bin/../jre/lib/i386;D:\Downloads\opencv\build\x64\vc10\bin;D:\Downloads\opencv\build\common\tbb\intel64\vc10\;C:\Program Files (x86)\Java\jdk1.7.0_17\bin;C:\Program Files (x86)\Intel\iCLS Client\;C:\Program Files\Intel\iCLS Client\;C:\Program Files (x86)\NVIDIA Corporation\PhysX\Common;C:\Program Files\Common Files\Microsoft Shared\Windows Live;C:\Program Files (x86)\Common Files\Microsoft Shared\Windows Live;C:\Windows\system32;C:\Windows;C:\Windows\System32\Wbem;C:\Windows\System32\WindowsPowerShell\v1.0\;C:\Program Files (x86)\Windows Live\Shared;C:\Program Files (x86)\Intel\OpenCL SDK\2.0\bin\x86;C:\Program Files (x86)\Intel\OpenCL SDK\2.0\bin\x64;C:\Program Files\Intel\Intel(R) Management Engine Components\DAL;C:\Program Files\Intel\Intel(R) Management Engine Components\IPT;C:\Program Files (x86)\Intel\Intel(R) Management Engine Components\DAL;C:\Program Files (x86)\Intel\Intel(R) Management Engine Components\IPT;C:\Program Files\Intel\WiFi\bin\;C:\Program Files\Common Files\Intel\WirelessCommon\;C:\Program Files\Diskeeper Corporation\ExpressCache\;C:\Program Files\MiKTeX 2.9\miktex\bin;D:\Downloads\eclipse;
USERNAME=asus
OS=Windows_NT
PROCESSOR_IDENTIFIER=Intel64 Family 6 Model 58 Stepping 9, GenuineIntel



---------------  S Y S T E M  ---------------

OS: Windows 7 , 64 bit Build 7601 Service Pack 1

CPU:total 4 (2 cores per cpu, 2 threads per core) family 6 model 58 stepping 9, cmov, cx8, fxsr, mmx, sse, sse2, sse3, ssse3, sse4.1, sse4.2, popcnt, ht

Memory: 4k page, physical 4077492k(1167740k free), swap 8153124k(4275696k free)

vm_info: Java HotSpot(TM) 64-Bit Server VM (20.2-b06) for windows-amd64 JRE (1.6.0_27-b07), built on Jul 19 2011 01:08:22 by "java_re" with MS VC++ 8.0 (VS2005)

time: Tue Apr 30 16:55:05 2013
elapsed time: 1 seconds

