#
# A fatal error has been detected by the Java Runtime Environment:
#
#  EXCEPTION_ACCESS_VIOLATION (0xc0000005) at pc=0x0000000064d8c1ee, pid=4076, tid=8416
#
# JRE version: 7.0_09-b05
# Java VM: Java HotSpot(TM) 64-Bit Server VM (23.5-b02 mixed mode windows-amd64 compressed oops)
# Problematic frame:
# C  [msvcr100.dll+0x3c1ee]  memcpy+0x25e
#
# Failed to write core dump. Minidumps are not enabled by default on client versions of Windows
#
# If you would like to submit a bug report, please visit:
#   http://bugreport.sun.com/bugreport/crash.jsp
# The crash happened outside the Java Virtual Machine in native code.
# See problematic frame for where to report the bug.
#

---------------  T H R E A D  ---------------

Current thread (0x000000000e932000):  JavaThread "Thread-10" [_thread_in_native, id=8416, stack(0x0000000011080000,0x0000000011180000)]

siginfo: ExceptionCode=0xc0000005, writing address 0x000000000ec9d708

Registers:
RAX=0x7278596b71527875, RBX=0x000000000ec9cf90, RCX=0x000000000ec9d6f0, RDX=0xffffffffffffc8e0
RSP=0x000000001117eed8, RBP=0x00000000000001e0, RSI=0x0000000000000780, RDI=0x000000000ec99870
R8 =0x0000000000000780, R9 =0x000000000000003c, R10=0x737f7c7a867f5c87, R11=0x000000000ec9cf90
R12=0xfffffffffffff880, R13=0x000000000ec9cf90, R14=0x000000001117f090, R15=0x000000000e932000
RIP=0x0000000064d8c1ee, EFLAGS=0x0000000000010206

Top of Stack: (sp=0x000000001117eed8)
0x000000001117eed8:   000007fefc15393e 0000000000000000
0x000000001117eee8:   0000000002097b70 0000000000000000
0x000000001117eef8:   000000000e9321d8 000000000e9321d8
0x000000001117ef08:   000007fefc15259a 000000001117f000
0x000000001117ef18:   0000000000000000 0000000000000000
0x000000001117ef28:   000000000e70ddc0 000000001117ef00
0x000000001117ef38:   00000000580e9e01 0000000000000000
0x000000001117ef48:   000000001117f080 000000000e9321d8
0x000000001117ef58:   000007fefc15a199 000000000ec9cf90
0x000000001117ef68:   00000000580ed80a 000000001117f050
0x000000001117ef78:   000000000e70ddc0 000000000ab48201
0x000000001117ef88:   000000000e932000 0000000000000000
0x000000001117ef98:   fffffffffffffffe 00000000bd405c68
0x000000001117efa8:   0000000000000000 00000000024f6374
0x000000001117efb8:   00000000025023a8 000000000e9321d8
0x000000001117efc8:   00000000bd405c68 0000000000000002 

Instructions: (pc=0x0000000064d8c1ee)
0x0000000064d8c1ce:   00 00 66 66 66 90 66 66 90 49 81 f9 00 20 00 00
0x0000000064d8c1de:   73 42 48 8b 44 0a f8 4c 8b 54 0a f0 48 83 e9 20
0x0000000064d8c1ee:   48 89 41 18 4c 89 51 10 48 8b 44 0a 08 4c 8b 14
0x0000000064d8c1fe:   0a 49 ff c9 48 89 41 08 4c 89 11 75 d5 49 83 e0 


Register to memory mapping:

RAX=0x7278596b71527875 is an unknown value
RBX=0x000000000ec9cf90 is an unknown value
RCX=0x000000000ec9d6f0 is an unknown value
RDX=0xffffffffffffc8e0 is an unknown value
RSP=0x000000001117eed8 is pointing into the stack for thread: 0x000000000e932000
RBP=0x00000000000001e0 is an unknown value
RSI=0x0000000000000780 is an unknown value
RDI=0x000000000ec99870 is an unknown value
R8 =0x0000000000000780 is an unknown value
R9 =0x000000000000003c is an unknown value
R10=0x737f7c7a867f5c87 is an unknown value
R11=0x000000000ec9cf90 is an unknown value
R12=0xfffffffffffff880 is an unknown value
R13=0x000000000ec9cf90 is an unknown value
R14=0x000000001117f090 is pointing into the stack for thread: 0x000000000e932000
R15=0x000000000e932000 is a thread


Stack: [0x0000000011080000,0x0000000011180000],  sp=0x000000001117eed8,  free space=1019k
Native frames: (J=compiled Java code, j=interpreted, Vv=VM code, C=native code)
C  [msvcr100.dll+0x3c1ee]  memcpy+0x25e

[error occurred during error reporting (printing native stack), id 0xc0000005]

Java frames: (J=compiled Java code, j=interpreted, Vv=VM code)
j  com.googlecode.javacv.cpp.videoInputLib$videoInput.getPixels(ILcom/googlecode/javacpp/BytePointer;ZZ)Z+0
j  com.googlecode.javacv.VideoInputFrameGrabber.grab()Lcom/googlecode/javacv/cpp/opencv_core$IplImage;+107
j  Capture.run()V+16
j  java.lang.Thread.run()V+11
v  ~StubRoutines::call_stub

---------------  P R O C E S S  ---------------

Java Threads: ( => current thread )
=>0x000000000e932000 JavaThread "Thread-10" [_thread_in_native, id=8416, stack(0x0000000011080000,0x0000000011180000)]
  0x000000000e78f000 JavaThread "Thread-9" [_thread_in_native, id=6808, stack(0x000000000fcb0000,0x000000000fdb0000)]
  0x000000000ac73000 JavaThread "Thread-8" [_thread_blocked, id=7992, stack(0x000000000fb20000,0x000000000fc20000)]
  0x000000000acbb000 JavaThread "Thread-5" [_thread_blocked, id=8220, stack(0x000000000df30000,0x000000000e030000)]
  0x000000000ac7d000 JavaThread "Timer-0" [_thread_blocked, id=8748, stack(0x000000000e160000,0x000000000e260000)]
  0x000000000ac73800 JavaThread "Image Fetcher 0" daemon [_thread_blocked, id=9100, stack(0x000000000e370000,0x000000000e470000)]
  0x000000000aaff800 JavaThread "TimerQueue" daemon [_thread_blocked, id=1532, stack(0x000000000d0f0000,0x000000000d1f0000)]
  0x000000000200d000 JavaThread "DestroyJavaVM" [_thread_blocked, id=7668, stack(0x00000000023f0000,0x00000000024f0000)]
  0x000000000aa3b000 JavaThread "AWT-EventQueue-0" [_thread_blocked, id=6836, stack(0x000000000b580000,0x000000000b680000)]
  0x000000000aa16800 JavaThread "AWT-Windows" daemon [_thread_in_native, id=4796, stack(0x000000000b240000,0x000000000b340000)]
  0x000000000aa15800 JavaThread "AWT-Shutdown" [_thread_blocked, id=8208, stack(0x000000000b020000,0x000000000b120000)]
  0x000000000aa14800 JavaThread "Java2D Disposer" daemon [_thread_blocked, id=4840, stack(0x000000000ae20000,0x000000000af20000)]
  0x0000000008b63800 JavaThread "Service Thread" daemon [_thread_blocked, id=8480, stack(0x000000000a3f0000,0x000000000a4f0000)]
  0x0000000008b62000 JavaThread "C2 CompilerThread1" daemon [_thread_blocked, id=7728, stack(0x000000000a660000,0x000000000a760000)]
  0x0000000008b59000 JavaThread "C2 CompilerThread0" daemon [_thread_blocked, id=9024, stack(0x000000000a560000,0x000000000a660000)]
  0x0000000008b58000 JavaThread "Attach Listener" daemon [_thread_blocked, id=2788, stack(0x000000000a2a0000,0x000000000a3a0000)]
  0x0000000008b50800 JavaThread "Signal Dispatcher" daemon [_thread_blocked, id=668, stack(0x000000000a0d0000,0x000000000a1d0000)]
  0x0000000002106800 JavaThread "Finalizer" daemon [_thread_blocked, id=7468, stack(0x0000000009ee0000,0x0000000009fe0000)]
  0x00000000020ff800 JavaThread "Reference Handler" daemon [_thread_blocked, id=6724, stack(0x0000000009d60000,0x0000000009e60000)]

Other Threads:
  0x0000000008ad2000 VMThread [stack: 0x0000000009bb0000,0x0000000009cb0000] [id=9128]
  0x0000000008b74800 WatcherThread [stack: 0x000000000a860000,0x000000000a960000] [id=5516]

VM state:not at safepoint (normal execution)

VM Mutex/Monitor currently owned by a thread: None

Heap
 PSYoungGen      total 18624K, used 12652K [0x00000000eb400000, 0x00000000ec8c0000, 0x0000000100000000)
  eden space 16000K, 62% used [0x00000000eb400000,0x00000000ebdcbca0,0x00000000ec3a0000)
  from space 2624K, 99% used [0x00000000ec3a0000,0x00000000ec62f6d0,0x00000000ec630000)
  to   space 2624K, 0% used [0x00000000ec630000,0x00000000ec630000,0x00000000ec8c0000)
 ParOldGen       total 42496K, used 2401K [0x00000000c1c00000, 0x00000000c4580000, 0x00000000eb400000)
  object space 42496K, 5% used [0x00000000c1c00000,0x00000000c1e58790,0x00000000c4580000)
 PSPermGen       total 21248K, used 12501K [0x00000000bca00000, 0x00000000bdec0000, 0x00000000c1c00000)
  object space 21248K, 58% used [0x00000000bca00000,0x00000000bd6355a0,0x00000000bdec0000)

Card table byte_map: [0x00000000054f0000,0x0000000005710000] byte_map_base: 0x0000000004f0b000

Polling page: 0x0000000001fa0000

Code Cache  [0x00000000024f0000, 0x0000000002760000, 0x00000000054f0000)
 total_blobs=583 nmethods=79 adapters=455 free_code_cache=48407Kb largest_free_block=49554688

Compilation events (10 events):
Event: 4.907 Thread 0x0000000008b59000 nmethod 70 0x00000000025a3f10 code [0x00000000025a40c0, 0x00000000025a4310]
Event: 4.907 Thread 0x0000000008b59000   73             java.lang.Math::round (19 bytes)
Event: 4.908 Thread 0x0000000008b62000 nmethod 71 0x000000000259de90 code [0x000000000259e040, 0x000000000259e290]
Event: 4.909 Thread 0x0000000008b62000    4 %           sun.awt.image.OffScreenImageSource::sendPixels @ 669 (733 bytes)
Event: 4.909 Thread 0x0000000008b59000 nmethod 73 0x00000000025998d0 code [0x0000000002599a60, 0x0000000002599b78]
Event: 4.909 Thread 0x0000000008b59000    5 %           java.awt.image.AreaAveragingScaleFilter::accumPixels @ 161 (551 bytes)
Event: 4.913 Thread 0x0000000008b62000 nmethod 4% 0x000000000259a550 code [0x000000000259a6c0, 0x000000000259a9b8]
Event: 4.913 Thread 0x0000000008b62000   74             java.awt.image.AreaAveragingScaleFilter::calcRow (260 bytes)
Event: 4.930 Thread 0x0000000008b59000 nmethod 5% 0x00000000025aba90 code [0x00000000025abc80, 0x00000000025accd0]
Event: 4.945 Thread 0x0000000008b62000 nmethod 74 0x000000000259c910 code [0x000000000259cc00, 0x000000000259dcf8]

GC Heap History (2 events):
Event: 4.771 GC heap before
{Heap before GC invocations=1 (full 0):
 PSYoungGen      total 18624K, used 15803K [0x00000000eb400000, 0x00000000ec8c0000, 0x0000000100000000)
  eden space 16000K, 98% used [0x00000000eb400000,0x00000000ec36ed30,0x00000000ec3a0000)
  from space 2624K, 0% used [0x00000000ec630000,0x00000000ec630000,0x00000000ec8c0000)
  to   space 2624K, 0% used [0x00000000ec3a0000,0x00000000ec3a0000,0x00000000ec630000)
 ParOldGen       total 42496K, used 0K [0x00000000c1c00000, 0x00000000c4580000, 0x00000000eb400000)
  object space 42496K, 0% used [0x00000000c1c00000,0x00000000c1c00000,0x00000000c4580000)
 PSPermGen       total 21248K, used 12320K [0x00000000bca00000, 0x00000000bdec0000, 0x00000000c1c00000)
  object space 21248K, 57% used [0x00000000bca00000,0x00000000bd6082a0,0x00000000bdec0000)
Event: 4.778 GC heap after
Heap after GC invocations=1 (full 0):
 PSYoungGen      total 18624K, used 2621K [0x00000000eb400000, 0x00000000ec8c0000, 0x0000000100000000)
  eden space 16000K, 0% used [0x00000000eb400000,0x00000000eb400000,0x00000000ec3a0000)
  from space 2624K, 99% used [0x00000000ec3a0000,0x00000000ec62f6d0,0x00000000ec630000)
  to   space 2624K, 0% used [0x00000000ec630000,0x00000000ec630000,0x00000000ec8c0000)
 ParOldGen       total 42496K, used 2401K [0x00000000c1c00000, 0x00000000c4580000, 0x00000000eb400000)
  object space 42496K, 5% used [0x00000000c1c00000,0x00000000c1e58790,0x00000000c4580000)
 PSPermGen       total 21248K, used 12320K [0x00000000bca00000, 0x00000000bdec0000, 0x00000000c1c00000)
  object space 21248K, 57% used [0x00000000bca00000,0x00000000bd6082a0,0x00000000bdec0000)
}

Deoptimization events (5 events):
Event: 0.947 Thread 0x000000000aa3b000 Uncommon trap -122 fr.pc 0x0000000002570e60
Event: 1.764 Thread 0x000000000aa3b000 Uncommon trap -34 fr.pc 0x0000000002565d0c
Event: 1.764 Thread 0x000000000aa3b000 Uncommon trap -34 fr.pc 0x0000000002565d0c
Event: 2.631 Thread 0x000000000aa3b000 Uncommon trap -34 fr.pc 0x0000000002565d0c
Event: 2.631 Thread 0x000000000aa3b000 Uncommon trap -34 fr.pc 0x0000000002565d0c

Internal exceptions (10 events):
Event: 4.840 Thread 0x000000000acbb000 Threw 0x00000000eb53f090 at C:\jdk7u1_64p\jdk7u9\hotspot\src\share\vm\prims\jvm.cpp:1166
Event: 4.841 Thread 0x000000000acbb000 Threw 0x00000000eb545628 at C:\jdk7u1_64p\jdk7u9\hotspot\src\share\vm\prims\jvm.cpp:1166
Event: 4.841 Thread 0x000000000acbb000 Threw 0x00000000eb54b050 at C:\jdk7u1_64p\jdk7u9\hotspot\src\share\vm\prims\jvm.cpp:1166
Event: 4.842 Thread 0x000000000acbb000 Threw 0x00000000eb54f808 at C:\jdk7u1_64p\jdk7u9\hotspot\src\share\vm\prims\jvm.cpp:1166
Event: 4.880 Thread 0x000000000acbb000 Threw 0x00000000eb610a80 at C:\jdk7u1_64p\jdk7u9\hotspot\src\share\vm\prims\jvm.cpp:1166
Event: 4.881 Thread 0x000000000acbb000 Threw 0x00000000eb65e618 at C:\jdk7u1_64p\jdk7u9\hotspot\src\share\vm\prims\jvm.cpp:1166
Event: 4.882 Thread 0x000000000acbb000 Threw 0x00000000eb663f50 at C:\jdk7u1_64p\jdk7u9\hotspot\src\share\vm\prims\jvm.cpp:1166
Event: 4.883 Thread 0x000000000acbb000 Threw 0x00000000eb669788 at C:\jdk7u1_64p\jdk7u9\hotspot\src\share\vm\prims\jvm.cpp:1166
Event: 4.945 Thread 0x000000000acbb000 Threw 0x00000000eb672d68 at C:\jdk7u1_64p\jdk7u9\hotspot\src\share\vm\prims\jvm.cpp:1166
Event: 5.115 Thread 0x000000000acbb000 Threw 0x00000000eb677ab8 at C:\jdk7u1_64p\jdk7u9\hotspot\src\share\vm\prims\jvm.cpp:1166

Events (10 events):
Event: 4.881 loading class 0x000000000ec9b6b0 done
Event: 4.882 loading class 0x000000000e89ec90
Event: 4.882 loading class 0x000000000e89ec90 done
Event: 4.883 loading class 0x000000000e89ece0
Event: 4.883 loading class 0x000000000e89ece0 done
Event: 4.945 loading class 0x000000000ec9aff0
Event: 4.945 loading class 0x000000000ec9aff0 done
Event: 5.115 loading class 0x000000000ac7fc10
Event: 5.115 loading class 0x000000000ac7fc10 done
Event: 5.116 Thread 0x000000000e932000 Thread added: 0x000000000e932000


Dynamic libraries:
0x000000013f880000 - 0x000000013f8b4000 	C:\Program Files\Java\jdk1.7.0_09\bin\javaw.exe
0x0000000077bd0000 - 0x0000000077d79000 	C:\Windows\SYSTEM32\ntdll.dll
0x00000000774f0000 - 0x000000007760f000 	C:\Windows\system32\kernel32.dll
0x000007fefe270000 - 0x000007fefe2db000 	C:\Windows\system32\KERNELBASE.dll
0x000007feffad0000 - 0x000007feffbab000 	C:\Windows\system32\ADVAPI32.dll
0x000007feffe10000 - 0x000007feffeaf000 	C:\Windows\system32\msvcrt.dll
0x000007feffec0000 - 0x000007feffedf000 	C:\Windows\SYSTEM32\sechost.dll
0x000007fefe410000 - 0x000007fefe53d000 	C:\Windows\system32\RPCRT4.dll
0x0000000077ad0000 - 0x0000000077bca000 	C:\Windows\system32\USER32.dll
0x000007feff990000 - 0x000007feff9f7000 	C:\Windows\system32\GDI32.dll
0x000007feffeb0000 - 0x000007feffebe000 	C:\Windows\system32\LPK.dll
0x000007feffa00000 - 0x000007feffac9000 	C:\Windows\system32\USP10.dll
0x000007fefc680000 - 0x000007fefc874000 	C:\Windows\WinSxS\amd64_microsoft.windows.common-controls_6595b64144ccf1df_6.0.7601.17514_none_fa396087175ac9ac\COMCTL32.dll
0x000007fefeb80000 - 0x000007fefebf1000 	C:\Windows\system32\SHLWAPI.dll
0x000007fefe540000 - 0x000007fefe56e000 	C:\Windows\system32\IMM32.DLL
0x000007feffbb0000 - 0x000007feffcb9000 	C:\Windows\system32\MSCTF.dll
0x0000000064d50000 - 0x0000000064e21000 	C:\Program Files\Java\jdk1.7.0_09\jre\bin\msvcr100.dll
0x0000000058070000 - 0x000000005878f000 	C:\Program Files\Java\jdk1.7.0_09\jre\bin\server\jvm.dll
0x000007fef67f0000 - 0x000007fef67f9000 	C:\Windows\system32\WSOCK32.dll
0x000007feffcc0000 - 0x000007feffd0d000 	C:\Windows\system32\WS2_32.dll
0x000007fefe400000 - 0x000007fefe408000 	C:\Windows\system32\NSI.dll
0x000007fefc590000 - 0x000007fefc5cb000 	C:\Windows\system32\WINMM.dll
0x0000000077d90000 - 0x0000000077d97000 	C:\Windows\system32\PSAPI.DLL
0x0000000070cb0000 - 0x0000000070cbf000 	C:\Program Files\Java\jdk1.7.0_09\jre\bin\verify.dll
0x0000000065ea0000 - 0x0000000065ec8000 	C:\Program Files\Java\jdk1.7.0_09\jre\bin\java.dll
0x0000000065e80000 - 0x0000000065e95000 	C:\Program Files\Java\jdk1.7.0_09\jre\bin\zip.dll
0x0000000064bb0000 - 0x0000000064d43000 	C:\Program Files\Java\jdk1.7.0_09\jre\bin\awt.dll
0x000007fefe800000 - 0x000007fefe8d7000 	C:\Windows\system32\OLEAUT32.dll
0x000007fefe570000 - 0x000007fefe773000 	C:\Windows\system32\ole32.dll
0x000007fefc5d0000 - 0x000007fefc626000 	C:\Windows\system32\uxtheme.dll
0x000007fef4290000 - 0x000007fef430f000 	C:\Program Files\Common Files\microsoft shared\ink\tiptsf.dll
0x000007fefd1d0000 - 0x000007fefd1dc000 	C:\Windows\system32\version.dll
0x000007fefaf00000 - 0x000007fefaf18000 	C:\Windows\system32\dwmapi.dll
0x000007fefdf60000 - 0x000007fefdf6f000 	C:\Windows\system32\CRYPTBASE.dll
0x000007fef7ad0000 - 0x000007fef7ad9000 	C:\Program Files\Synergy\synrgyhk.DLL
0x000007fefec00000 - 0x000007feff988000 	C:\Windows\system32\SHELL32.dll
0x0000000065e40000 - 0x0000000065e74000 	C:\Program Files\Java\jdk1.7.0_09\jre\bin\fontmanager.dll
0x000007feffd10000 - 0x000007feffda9000 	C:\Windows\system32\CLBCatQ.DLL
0x000007fefa280000 - 0x000007fefa3e1000 	C:\Windows\system32\WindowsCodecs.dll
0x000007fefdf00000 - 0x000007fefdf57000 	C:\Windows\system32\apphelp.dll
0x0000000010000000 - 0x000000001003c000 	C:\Program Files (x86)\ASUS\ASUS WebStorage\3.0.108.222\ASUSWSShellExt64.dll
0x000007fef39b0000 - 0x000007fef39db000 	C:\Users\asus\AppData\Roaming\Dropbox\bin\DropboxExt64.19.dll
0x000007fef7fd0000 - 0x000007fef80f5000 	C:\Windows\system32\dbghelp.dll
0x0000000070740000 - 0x0000000070813000 	C:\Windows\WinSxS\amd64_microsoft.vc90.crt_1fc8b3b9a1e18e3b_9.0.30729.6161_none_08e61857a83bc251\MSVCP90.dll
0x0000000072670000 - 0x0000000072713000 	C:\Windows\WinSxS\amd64_microsoft.vc90.crt_1fc8b3b9a1e18e3b_9.0.30729.6161_none_08e61857a83bc251\MSVCR90.dll
0x000007fef1f80000 - 0x000007fef1fb5000 	C:\Windows\system32\EhStorShell.dll
0x000007fefe8e0000 - 0x000007fefeab7000 	C:\Windows\system32\SETUPAPI.dll
0x000007fefe2e0000 - 0x000007fefe316000 	C:\Windows\system32\CFGMGR32.dll
0x000007fefe250000 - 0x000007fefe26a000 	C:\Windows\system32\DEVOBJ.dll
0x000007fefccf0000 - 0x000007fefce1c000 	C:\Windows\system32\PROPSYS.dll
0x000007fef3c60000 - 0x000007fef3ce0000 	C:\Windows\system32\ntshrui.dll
0x000007fefdba0000 - 0x000007fefdbc3000 	C:\Windows\system32\srvcli.dll
0x000007fef7610000 - 0x000007fef761f000 	C:\Windows\system32\cscapi.dll
0x000007fefc360000 - 0x000007fefc36b000 	C:\Windows\system32\slc.dll
0x000007fefaa90000 - 0x000007fefaae4000 	C:\Windows\system32\oleacc.dll
0x0000000065e20000 - 0x0000000065e39000 	C:\Program Files\Java\jdk1.7.0_09\jre\bin\net.dll
0x0000000180000000 - 0x0000000180077000 	C:\Windows\system32\ASProxy64.dll
0x000007fefd8a0000 - 0x000007fefd8f5000 	C:\Windows\system32\MSWSOCK.dll
0x000007fefd1f0000 - 0x000007fefd217000 	C:\Windows\system32\IPHLPAPI.DLL
0x000007fefd1e0000 - 0x000007fefd1eb000 	C:\Windows\system32\WINNSI.DLL
0x000007fefded0000 - 0x000007fefdef5000 	C:\Windows\system32\SspiCli.dll
0x000007fefd900000 - 0x000007fefd917000 	C:\Windows\system32\CRYPTSP.dll
0x000007fefd600000 - 0x000007fefd647000 	C:\Windows\system32\rsaenh.dll
0x000007fefe010000 - 0x000007fefe024000 	C:\Windows\system32\RpcRtRemote.dll
0x000007fefdf70000 - 0x000007fefe001000 	C:\Windows\system32\SXS.DLL
0x000007fefd890000 - 0x000007fefd897000 	C:\Windows\System32\wship6.dll
0x0000000065e00000 - 0x0000000065e11000 	C:\Program Files\Java\jdk1.7.0_09\jre\bin\nio.dll
0x0000000065ce0000 - 0x0000000065d21000 	C:\Program Files\Java\jdk1.7.0_09\jre\bin\t2k.dll
0x000007fef38a0000 - 0x000007fef393c000 	C:\Windows\system32\mscms.dll
0x000007fefd330000 - 0x000007fefd34e000 	C:\Windows\system32\USERENV.dll
0x000007fefe030000 - 0x000007fefe03f000 	C:\Windows\system32\profapi.dll
0x000007fef8470000 - 0x000007fef84b2000 	C:\Windows\system32\icm32.dll
0x000007fef3490000 - 0x000007fef352e000 	C:\Windows\system32\RICHED20.DLL
0x000007fefc150000 - 0x000007fefc16e000 	C:\Users\asus\AppData\Local\Temp\javacpp89202331284402\jnivideoInputLib.dll
0x000007fef4c70000 - 0x000007fef4c86000 	C:\Windows\system32\devenum.dll
0x000007fefcb70000 - 0x000007fefcb9d000 	C:\Windows\system32\ntmarta.dll
0x000007feffdb0000 - 0x000007feffe02000 	C:\Windows\system32\WLDAP32.dll
0x000007fefe3c0000 - 0x000007fefe3f9000 	C:\Windows\system32\WINTRUST.dll
0x000007fefe0e0000 - 0x000007fefe24a000 	C:\Windows\system32\CRYPT32.dll
0x000007fefe0d0000 - 0x000007fefe0df000 	C:\Windows\system32\MSASN1.dll
0x000007fef4c60000 - 0x000007fef4c6d000 	C:\Windows\system32\msdmo.dll
0x000007fef8d30000 - 0x000007fef8d5f000 	C:\Windows\system32\qcap.dll
0x000007feed800000 - 0x000007feed9b2000 	C:\Windows\system32\quartz.dll
0x000007fef8420000 - 0x000007fef8461000 	C:\Windows\system32\ksproxy.ax
0x0000000075460000 - 0x0000000075466000 	C:\Windows\system32\ksuser.dll
0x000007fef7410000 - 0x000007fef760f000 	C:\Windows\system32\d3d9.dll
0x000007fef88d0000 - 0x000007fef88d7000 	C:\Windows\system32\d3d8thk.dll
0x000007fefcba0000 - 0x000007fefcbab000 	C:\Windows\system32\vidcap.ax
0x000007fef8660000 - 0x000007fef8684000 	C:\Windows\system32\kswdmcap.ax
0x000007fef2ae0000 - 0x000007fef2c3c000 	C:\Windows\system32\MFC42.dll
0x000007fef37e0000 - 0x000007fef3891000 	C:\Windows\system32\ODBC32.dll
0x0000000064b70000 - 0x0000000064ba8000 	C:\Windows\system32\odbcint.dll
0x000007fef3580000 - 0x000007fef361b000 	C:\Windows\System32\qedit.dll
0x000007fef83f0000 - 0x000007fef8419000 	C:\Windows\System32\MSVFW32.dll
0x000007fefeac0000 - 0x000007fefeb57000 	C:\Windows\system32\COMDLG32.dll
0x000007fefa870000 - 0x000007fefaa86000 	C:\Windows\WinSxS\amd64_microsoft.windows.gdiplus_6595b64144ccf1df_1.1.7601.17825_none_2b253c8271ec7765\gdiplus.dll
0x000007fef7210000 - 0x000007fef7301000 	C:\Windows\system32\DDRAW.dll
0x000007fef8180000 - 0x000007fef8188000 	C:\Windows\system32\DCIMAN32.dll
0x0000000071850000 - 0x000000007185b000 	C:\Program Files\Java\jdk1.7.0_09\jre\bin\management.dll
0x0000000074790000 - 0x0000000074828000 	C:\Windows\System32\msvcp100.dll
0x000007fee89d0000 - 0x000007fee8c3b000 	D:\Downloads\opencv\build\x64\vc10\bin\opencv_core244.dll
0x000007fef23d0000 - 0x000007fef2465000 	C:\Users\asus\AppData\Local\Temp\javacpp89202331284402\jniopencv_core.dll
0x000007fee8720000 - 0x000007fee89c5000 	D:\Downloads\opencv\build\x64\vc10\bin\opencv_imgproc244.dll
0x000007fef83a0000 - 0x000007fef83e9000 	C:\Users\asus\AppData\Local\Temp\javacpp89202331284402\jniopencv_imgproc.dll
0x0000000066840000 - 0x00000000675ca000 	D:\Downloads\opencv\build\x64\vc10\bin\opencv_ffmpeg244_64.dll
0x000007fee8c60000 - 0x000007fee8eb0000 	D:\Downloads\opencv\build\x64\vc10\bin\opencv_highgui244.dll
0x000007fef8340000 - 0x000007fef835f000 	C:\Windows\system32\AVIFIL32.dll
0x000007fefc190000 - 0x000007fefc1a8000 	C:\Windows\system32\MSACM32.dll
0x000007fef8320000 - 0x000007fef8337000 	C:\Windows\system32\AVICAP32.dll
0x000007fef8300000 - 0x000007fef8313000 	C:\Users\asus\AppData\Local\Temp\javacpp89202331284402\jniopencv_highgui.dll
0x000007feef570000 - 0x000007feef63d000 	D:\Downloads\opencv\build\x64\vc10\bin\opencv_objdetect244.dll
0x000007fef8130000 - 0x000007fef8179000 	C:\Users\asus\AppData\Local\Temp\javacpp89202331284402\jniopencv_objdetect.dll

VM Arguments:
jvm_args: -Dfile.encoding=Cp1252 
java_command: ClientMain
Launcher Type: SUN_STANDARD

Environment Variables:
PATH=C:/Program Files (x86)/Java/jdk1.7.0_17/bin/../jre/bin/client;C:/Program Files (x86)/Java/jdk1.7.0_17/bin/../jre/bin;C:/Program Files (x86)/Java/jdk1.7.0_17/bin/../jre/lib/i386;D:\Downloads\opencv\build\x64\vc10\bin;D:\Downloads\opencv\build\common\tbb\intel64\vc10\;C:\Program Files (x86)\Java\jdk1.7.0_17\bin;C:\Program Files (x86)\Intel\iCLS Client\;C:\Program Files\Intel\iCLS Client\;C:\Program Files (x86)\NVIDIA Corporation\PhysX\Common;C:\Program Files\Common Files\Microsoft Shared\Windows Live;C:\Program Files (x86)\Common Files\Microsoft Shared\Windows Live;C:\Windows\system32;C:\Windows;C:\Windows\System32\Wbem;C:\Windows\System32\WindowsPowerShell\v1.0\;C:\Program Files (x86)\Windows Live\Shared;C:\Program Files (x86)\Intel\OpenCL SDK\2.0\bin\x86;C:\Program Files (x86)\Intel\OpenCL SDK\2.0\bin\x64;C:\Program Files\Intel\Intel(R) Management Engine Components\DAL;C:\Program Files\Intel\Intel(R) Management Engine Components\IPT;C:\Program Files (x86)\Intel\Intel(R) Management Engine Components\DAL;C:\Program Files (x86)\Intel\Intel(R) Management Engine Components\IPT;C:\Program Files\Intel\WiFi\bin\;C:\Program Files\Common Files\Intel\WirelessCommon\;C:\Program Files\Diskeeper Corporation\ExpressCache\;C:\Program Files\MiKTeX 2.9\miktex\bin;D:\Downloads\eclipse;
USERNAME=asus
OS=Windows_NT
PROCESSOR_IDENTIFIER=Intel64 Family 6 Model 58 Stepping 9, GenuineIntel



---------------  S Y S T E M  ---------------

OS: Windows 7 , 64 bit Build 7601 Service Pack 1

CPU:total 4 (2 cores per cpu, 2 threads per core) family 6 model 58 stepping 9, cmov, cx8, fxsr, mmx, sse, sse2, sse3, ssse3, sse4.1, sse4.2, popcnt, avx, ht, tsc, tscinvbit, tscinv

Memory: 4k page, physical 4077492k(1566996k free), swap 8153124k(3417784k free)

vm_info: Java HotSpot(TM) 64-Bit Server VM (23.5-b02) for windows-amd64 JRE (1.7.0_09-b05), built on Sep 24 2012 21:45:04 by "java_re" with unknown MS VC++:1600

time: Thu May 02 15:29:17 2013
elapsed time: 5 seconds

